============================
Start Check key reuse over common CommandRoot (log file: CommandRootConsistency.log)
----------------------------
[ERROR]: 'BiodomeLoad' is not consistent in seed 'TheCore Lite'
[ERROR]: 'BiodomeUnloadAll' is not consistent in seed 'TheCore Lite'
[ERROR]: 'BuildCreepTumor' is not consistent in seed 'TheCore Lite'
[ERROR]: 'Charge' is not consistent in seed 'TheCore Lite'
[ERROR]: 'DeactivateShieldGenerator' is not consistent in seed 'TheCore Lite'
[ERROR]: 'EvolveAdaptivePlating' is not consistent in seed 'TheCore Lite'
[ERROR]: 'EvolveToLeviathan' is not consistent in seed 'TheCore Lite'
[ERROR]: 'GhostHoldFire' is not consistent in seed 'TheCore Lite'
[ERROR]: 'GravitonPrison' is not consistent in seed 'TheCore Lite'
[ERROR]: 'HerculesLoad' is not consistent in seed 'TheCore Lite'
[ERROR]: 'HotSPressurizedGlands' is not consistent in seed 'TheCore Lite'
[ERROR]: 'HunterSeekerMissile' is not consistent in seed 'TheCore Lite'
[ERROR]: 'HutLoad' is not consistent in seed 'TheCore Lite'
[ERROR]: 'HutUnloadAll' is not consistent in seed 'TheCore Lite'
[ERROR]: 'InfestorConsumption' is not consistent in seed 'TheCore Lite'
[ERROR]: 'KerriganVoidCoopCrushingGripWave' is not consistent in seed 'TheCore Lite'
[ERROR]: 'MedicHeal' is not consistent in seed 'TheCore Lite'
[ERROR]: 'MercMedicHeal' is not consistent in seed 'TheCore Lite'
[ERROR]: 'MissilePods' is not consistent in seed 'TheCore Lite'
[ERROR]: 'MissileTurret' is not consistent in seed 'TheCore Lite'
[ERROR]: 'NanoRepair' is not consistent in seed 'TheCore Lite'
[ERROR]: 'NukeCalldown' is not consistent in seed 'TheCore Lite'
[ERROR]: 'PlanetCracker' is not consistent in seed 'TheCore Lite'
[ERROR]: 'PsiStorm' is not consistent in seed 'TheCore Lite'
[ERROR]: 'PsionicShockwave' is not consistent in seed 'TheCore Lite'
[ERROR]: 'Reaper' is not consistent in seed 'TheCore Lite'
[ERROR]: 'ResearchBattlecruiserSpecializations' is not consistent in seed 'TheCore Lite'
[ERROR]: 'ResearchExtendedThermalLance' is not consistent in seed 'TheCore Lite'
[ERROR]: 'ResearchKaraxTurretAttackSpeed' is not consistent in seed 'TheCore Lite'
[ERROR]: 'ResearchKaraxTurretRange' is not consistent in seed 'TheCore Lite'
[ERROR]: 'ResearchLurkerRange' is not consistent in seed 'TheCore Lite'
[ERROR]: 'Salvage' is not consistent in seed 'TheCore Lite'
[ERROR]: 'Snipe' is not consistent in seed 'TheCore Lite'
[ERROR]: 'SpiderMine' is not consistent in seed 'TheCore Lite'
[ERROR]: 'StopPlanetaryFortress' is not consistent in seed 'TheCore Lite'
[ERROR]: 'SwarmHost' is not consistent in seed 'TheCore Lite'
[ERROR]: 'SwarmHostDeepBurrow' is not consistent in seed 'TheCore Lite'
[ERROR]: 'SwarmQueenCorpser' is not consistent in seed 'TheCore Lite'
[ERROR]: 'SwarmQueenHydraliskImpaler' is not consistent in seed 'TheCore Lite'
[ERROR]: 'SwarmQueenHydraliskLurker' is not consistent in seed 'TheCore Lite'
[ERROR]: 'SymbioteCarapace' is not consistent in seed 'TheCore Lite'
[ERROR]: 'VespeneDrone' is not consistent in seed 'TheCore Lite'
[ERROR]: 'WarpInReplicant' is not consistent in seed 'TheCore Lite'
[ERROR]: 'WeaponsFree' is not consistent in seed 'TheCore Lite'
[ERROR]: 'WraithCloakOn' is not consistent in seed 'TheCore Lite'
[ERROR]: 'YagdraTunnel' is not consistent in seed 'TheCore Lite'
----------------------------
Finished (Check key reuse over common CommandRoot) - ERRORs: 46 
============================