============================
Start Check defaults (log file: Defaults.log)
----------------------------
[WARN]: no default Apocalypse/K5Kerrigan
[WARN]: no default ArchonHallucination/Nexus
[WARN]: no default ArchonHallucination/Voranor
[WARN]: no default Assimilator/Harvester
[WARN]: no default AttackChampions
[WARN]: no default Baneling/Zergling2
[WARN]: no default BuildCreepTumor/Queen2
[WARN]: no default BurrowChargeMP/Ultralisk
[WARN]: no default BurrowHydraliskImpalerDown
[WARN]: no default BurrowHydraliskImpalerUp
[WARN]: no default BurrowHydraliskLurkerDown
[WARN]: no default BurrowHydraliskLurkerUp
[WARN]: no default CancelCocoon
[WARN]: no default CancelMutateMorph
[WARN]: no default CancelUpgradeMorph
[WARN]: no default Charge/Khraxus
[WARN]: no default Charge/Orthos
[WARN]: no default Charge/Voranor
[WARN]: no default Charge/ZealotDark
[WARN]: no default ColossusHallucination/Nexus
[WARN]: no default ColossusHallucination/Voranor
[WARN]: no default CyberneticsCore/Harvester
[WARN]: no default DarkShrine/Harvester
[WARN]: no default DisableBuildingAttack/baneling
[WARN]: no default DisableBuildingAttack/baneling2
[WARN]: no default EnableBuildingAttack/baneling
[WARN]: no default EnableBuildingAttack/baneling2
[WARN]: no default Explode/baneling
[WARN]: no default Explode/baneling2
[WARN]: no default Feedback/AnAleemController
[WARN]: no default Feedback/Khiradun
[WARN]: no default FleetBeacon/Harvester
[WARN]: no default ForceField2/Sentry2
[WARN]: no default Forge/Harvester
[WARN]: no default Frostbat/Barracks
[WARN]: no default Gateway/Harvester
[WARN]: no default GuardianShield/Sentry2
[WARN]: no default Hallucination/Sentry2
[WARN]: no default Hallucination2/Voranor
[WARN]: no default Heal/Medivac2
[WARN]: no default HighTemplarHallucination/Nexus
[WARN]: no default HighTemplarHallucination/Voranor
[WARN]: no default ImmortalHallucination/Nexus
[WARN]: no default IncineratorNozzles/DevilDog
[WARN]: no default InfestedTerrans/Infestor2
[WARN]: no default KhalaShockwave/Immortal
[WARN]: no default Lurker/Hydralisk
[WARN]: no default LurkerBurrowDown
[WARN]: no default MeliakBlinkBTN/Meliak
[WARN]: no default MorphMorphalisk/BroodMother
[WARN]: no default MorphMorphalisk/Queen2
[WARN]: no default MorphtoDefiler/Larva
[WARN]: no default MorphtoRoach/Larva
[WARN]: no default MoveChampions
[WARN]: no default Nexus/Harvester
[WARN]: no default PhoenixHallucination/Nexus
[WARN]: no default PhotonCannon/Harvester
[WARN]: no default PrimalHeal/K5Kerrigan
[WARN]: no default PrimalSlash/K5Kerrigan
[WARN]: no default ProbeHallucination/Nexus
[WARN]: no default ProbeHallucination/Voranor
[WARN]: no default ProtossBuild/Harvester
[WARN]: no default ProtossBuildAdvanced/Harvester
[WARN]: no default PsiStorm/AnAleemController
[WARN]: no default PsiStorm/Khiradun
[WARN]: no default PsiStorm/Telios
[WARN]: no default PsiStrike/K5Kerrigan
[WARN]: no default PsionicBolt/Telios
[WARN]: no default Pylon/Harvester
[WARN]: no default ResearchStrikeCannons/FactoryTechReactor
[WARN]: no default RoboticsBay/Harvester
[WARN]: no default RoboticsFacility/Harvester
[WARN]: no default RogueGhostCloak/Spectre
[WARN]: no default SpawnBanelings/K5Kerrigan
[WARN]: no default StalkerHallucination/Nexus
[WARN]: no default Stargate/Harvester
[WARN]: no default Summon2DragoonHallucinations/Sentry
[WARN]: no default Summon2DragoonHallucinations/Voranor
[WARN]: no default Summon2ScoutHallucinations/Sentry
[WARN]: no default Summon2ScoutHallucinations/Voranor
[WARN]: no default SupplyDepotDrop/SCV
[WARN]: no default SwarmHostRoot/SwarmHost
[WARN]: no default SwarmHostRoot/SwarmHostSplitA
[WARN]: no default SwarmHostRoot/SwarmHostSplitB
[WARN]: no default SwarmHostUproot/SwarmHostRooted
[WARN]: no default SwarmHostUproot/SwarmHostSplitARooted
[WARN]: no default SwarmHostUproot/SwarmHostSplitBRooted
[WARN]: no default SwarmHostUprootUnburrow/SwarmHostBurrowed
[WARN]: no default SwarmHostUprootUnburrow/SwarmHostSplitABurrowed
[WARN]: no default SwarmHostUprootUnburrow/SwarmHostSplitBBurrowed
[WARN]: no default SwarmQueenCorpser/SwarmQueen
[WARN]: no default SwarmQueenHydraliskImpaler/LargeSwarmQueen
[WARN]: no default SwarmQueenHydraliskImpaler/SwarmQueen
[WARN]: no default SwarmQueenHydraliskLurker/LargeSwarmQueen
[WARN]: no default SwarmQueenHydraliskLurker/SwarmQueen
[WARN]: no default SwarmQueenVile/SwarmQueen
[WARN]: no default TechReactor/Barracks
[WARN]: no default TechReactor/Factory
[WARN]: no default TechReactor/Starport
[WARN]: no default TemplarArchive/Harvester
[WARN]: no default Transfusion/BroodMother
[WARN]: no default Transfusion/Queen2
[WARN]: no default TwilightCouncil/Harvester
[WARN]: no default VoidRayHallucination/Nexus
[WARN]: no default VoidRayHallucination/Voranor
[WARN]: no default VoodooShield/Immortal
[WARN]: no default WarpInShuttle/RoboticsFacility
[WARN]: no default WarpPrismHallucination/Nexus
[WARN]: no default WarpPrismHallucination/Voranor
[WARN]: no default ZealotHallucination/Nexus
[WARN]: no default ZealotHallucination/Voranor
[ERROR]: no default CommanderAbility0
[ERROR]: no default CommanderAbility1
[ERROR]: no default CommanderAbility2
[ERROR]: no default CommanderAbility3
[ERROR]: no default ActivateIbikisCannon/PlanetaryFortress
[ERROR]: no default Aggressive/LurkerMPBurrowed
[ERROR]: no default ApolloCloakOnNova/NovaHero
[ERROR]: no default BuildScarab/Reaver
[ERROR]: no default CreepTumor/Queen
[ERROR]: no default DarkSwarm/Infestor
[ERROR]: key has multiple different defaults - please set in all seed layouts a value for this key (or at leased unbound it) DehakaMirrorImage/Dehaka
[ERROR]: no default Detonate/SpiderMine
[ERROR]: no default EMP/ScienceVessel
[ERROR]: no default EnrageQueen/Queen
[ERROR]: no default EvadeObserver/Observer
[ERROR]: no default EvolveAdrenalineBoost/EvolutionChamber
[ERROR]: no default EvolveBurrowCharge/Hatchery
[ERROR]: no default Glare/Oracle
[ERROR]: no default GreaterRoachWarren/RoachWarren
[ERROR]: no default Guardian/Mutalisk
[ERROR]: no default HellfireThrusters/StarportTechLab
[ERROR]: key has multiple different defaults - please set in all seed layouts a value for this key (or at leased unbound it) Hellion/Factory
[ERROR]: no default HercGrapple/HERC
[ERROR]: key has multiple different defaults - please set in all seed layouts a value for this key (or at leased unbound it) HeroNukeCalldown/NovaHero
[ERROR]: key has multiple different defaults - please set in all seed layouts a value for this key (or at leased unbound it) HireDevilDogs/MercCompound
[ERROR]: key has multiple different defaults - please set in all seed layouts a value for this key (or at leased unbound it) HireSiegeBreakers/MercCompound
[ERROR]: no default IgniteAfterburner/Medivac
[ERROR]: no default Immortal
[ERROR]: no default Immortal/Gateway
[ERROR]: no default Immortal/WarpGate
[ERROR]: no default InjectLarva/Queen
[ERROR]: no default LaunchNullWard/NullSphere
[ERROR]: no default LockdownRound/Ghost
[ERROR]: no default Lurker/HydraliskImpaler
[ERROR]: no default Matrix/Medic
[ERROR]: no default MutateintoDefilerMound/Drone
[ERROR]: no default NerveJam/ScienceVessel
[ERROR]: no default NovaDomination/NovaHero
[ERROR]: no default NurturingSwarm/Queen
[ERROR]: no default Overcharge/OrbitalCommand
[ERROR]: no default Passive
[ERROR]: no default PhaseMissile/Scout
[ERROR]: no default PlaceWard/Oracle
[ERROR]: no default Plague/Infestor
[ERROR]: key has multiple different defaults - please set in all seed layouts a value for this key (or at leased unbound it) PoisonNova/HotSNoxious
[ERROR]: no default PrimalConsume/Infestor
[ERROR]: no default Probe/KhaydarinNexus
[ERROR]: key has multiple different defaults - please set in all seed layouts a value for this key (or at leased unbound it) PsionicLift/K5Kerrigan
[ERROR]: key has multiple different defaults - please set in all seed layouts a value for this key (or at leased unbound it) PsionicLift/K5KerriganBurrowed
[ERROR]: key has multiple different defaults - please set in all seed layouts a value for this key (or at leased unbound it) PsionicLift/K5KerriganPsiStrike
[ERROR]: key has multiple different defaults - please set in all seed layouts a value for this key (or at leased unbound it) Raven/Starport
[ERROR]: key has multiple different defaults - please set in all seed layouts a value for this key (or at leased unbound it) Raven/VoidRift
[ERROR]: key has multiple different defaults - please set in all seed layouts a value for this key (or at leased unbound it) Raven/VoidRiftUnselectable
[ERROR]: no default Recall/Arbiter
[ERROR]: key has multiple different defaults - please set in all seed layouts a value for this key (or at leased unbound it) ReleaseMinion/Nova
[ERROR]: no default ResearchBarrelStabilizers/BarracksTechLab
[ERROR]: no default ResearchCharonBooster/FactoryTechLab
[ERROR]: no default ResearchEMP/StarportTechLab
[ERROR]: no default ResearchEngineeredExplosives/BarracksTechLab
[ERROR]: no default ResearchEvadeObserver/Observatory
[ERROR]: no default ResearchFortifiedBunkers/EngineeringBay
[ERROR]: no default ResearchGraviticBooster/Observatory
[ERROR]: no default ResearchIonThrusters/FactoryTechLab
[ERROR]: no default ResearchIrradiate/StarportTechLab
[ERROR]: no default ResearchKhaydarinCore/ArbiterTribunal
[ERROR]: no default ResearchKhaydarinGenerator/FleetBeacon
[ERROR]: no default ResearchLocustNest/EvolutionChamber
[ERROR]: key has multiple different defaults - please set in all seed layouts a value for this key (or at leased unbound it) ResearchLurkerRange/LurkerDenMP
[ERROR]: no default ResearchMatrix/BarracksTechLab
[ERROR]: no default ResearchPiercingRockets/StarportTechLab
[ERROR]: no default ResearchPlasmaCharge/RoboticsBay
[ERROR]: no default ResearchRecall/ArbiterTribunal
[ERROR]: no default ResearchSingularityCharge2/CyberneticsCore
[ERROR]: no default ResearchSpiderMines/FactoryTechLab
[ERROR]: no default ResearchSpikeBurstRankOne/EvolutionChamber
[ERROR]: no default ResearchStabRankOne/EvolutionChamber
[ERROR]: key has multiple different defaults - please set in all seed layouts a value for this key (or at leased unbound it) ResearchStabilizerMedPacks/BarracksTechLab
[ERROR]: no default ResearchTimeWarp/FleetBeacon
[ERROR]: no default ResearchTitanReactor/StarportTechLab
[ERROR]: no default ResearchTurboGripper/StarportTechLab
[ERROR]: no default Rift/KhaydarinNexus
[ERROR]: no default Rift/Nexus
[ERROR]: no default SJHyperionBlink/Battlecruiser
[ERROR]: key has multiple different defaults - please set in all seed layouts a value for this key (or at leased unbound it) SJHyperionFighters/SJHyperion
[ERROR]: no default SlivanPuke/Devourer
[ERROR]: key has multiple different defaults - please set in all seed layouts a value for this key (or at leased unbound it) SpawnCorruptor/SpacePlatformVentsUnit
[ERROR]: key has multiple different defaults - please set in all seed layouts a value for this key (or at leased unbound it) Spectre/Barracks
[ERROR]: key has multiple different defaults - please set in all seed layouts a value for this key (or at leased unbound it) SpiderMineReplenish/Vulture
[ERROR]: no default StasisField/Arbiter
[ERROR]: no default StasisField/ArbiterTribunal
[ERROR]: key has multiple different defaults - please set in all seed layouts a value for this key (or at leased unbound it) SwarmQueenZergling/SwarmQueen
[ERROR]: key has multiple different defaults - please set in all seed layouts a value for this key (or at leased unbound it) TemporalField/MothershipCore
[ERROR]: no default TimeWarpSentinel/Oracle
[ERROR]: no default UpgradeLIDARTransmitter/EngineeringBay
[ERROR]: no default UpgradewithKhaydarinCore/Nexus
[ERROR]: no default UseSpiderMine/Vulture
[ERROR]: key has multiple different defaults - please set in all seed layouts a value for this key (or at leased unbound it) VoidDarkTemplarShadowFury/DarkTemplarShakuras
[ERROR]: key has multiple different defaults - please set in all seed layouts a value for this key (or at leased unbound it) VoodooShield/Tosh
[ERROR]: no default WarpInCorsair/Stargate
[ERROR]: no default WarpInReaver/RoboticsFacility
[ERROR]: no default WarpinArbiterTribunal/Probe
[ERROR]: no default WarpinDragoon/Gateway
[ERROR]: no default WarpinObservatory/Probe
[ERROR]: no default WormholeTransit/Predator
[ERROR]: key has multiple different defaults - please set in all seed layouts a value for this key (or at leased unbound it) Wraith/Starport
----------------------------
Finished (Check defaults) - WARNs: 111 ERRORs: 105 
============================