============================
Start command conflicts with hotkeys, within identified conflicts (log file: KnownHotkeyCommandCheck.log)
----------------------------
[ERROR]: A used for command BileLauncherBombardment/BileLauncherZagara, in seed P contexts=['Coop']
[ERROR]: R used for command BrokenSolarForge/SolarForge, in seed P contexts=['Coop']
[ERROR]: C used for command BuildCreepTumor/QueenCoop, in seed P contexts=['Coop']
[ERROR]: A used for command CampaignVehicles, in seed P contexts=['HotS Campaign']
[ERROR]: F used for command EnableBuildingAttackScourge/Scourge, in seed P contexts=['Coop']
[ERROR]: R used for command EnergizerReclamation/SentryPurifier, in seed P contexts=['Coop']
[ERROR]: R used for command GiantYetiLeap/GiantYeti, in seed P contexts=['HotS Campaign']
[ERROR]: R used for command HyperionAdvancedPDD/HyperionVoidCoop, in seed P contexts=['Coop']
[ERROR]: Q used for command HyperionVoidCoopHyperjump/HyperionVoidCoop, in seed P contexts=['Coop']
[ERROR]: C used for command ImmortalShakurasShadowCannon/ImmortalAiur, in seed P contexts=['Coop']
[ERROR]: C used for command JackhammerConcussionGrenade/HammerSecurity, in seed P contexts=['Left2Die']
[ERROR]: T used for command MorphtoObserver/Observer, in seed P contexts=['Coop']
[ERROR]: T used for command MorphtoOverseer/Overseer, in seed P contexts=['Coop']
[ERROR]: A used for command RapidIncubation/SwarmHostBurrowed, in seed P contexts=['HotS Campaign']
[ERROR]: A used for command RapidIncubation/SwarmHostRooted, in seed P contexts=['HotS Campaign']
[ERROR]: R used for command ResearchBarrier/RoboticsBay, in seed P contexts=['Coop']
[ERROR]: R used for command ResearchKaraxTurretRange/Forge, in seed P contexts=['Coop']
[ERROR]: 2 used for command ResearchMedic/ScienceFacility, in seed P contexts=['Left2Die']
[ERROR]: A used for command ResearchOracleStasisWardUpgrade/FleetBeacon, in seed P contexts=['Coop']
[ERROR]: R used for command ResearchReaper/ScienceFacility, in seed P contexts=['Left2Die']
[ERROR]: C used for command ResearchReaverIncreasedScarabCount/RoboticsBay, in seed P contexts=['Coop']
[ERROR]: R used for command ResearchSOARepairBeamExtraTarget/SolarForge, in seed P contexts=['Coop']
[ERROR]: A used for command ResearchSOASolarLanceUpgrade/SolarForge, in seed P contexts=['Coop']
[ERROR]: R used for command SwarmHostRootBurrow, in seed P contexts=['HotS Campaign']
[ERROR]: A used for command BileLauncherBombardment/BileLauncherZagara, in seed T contexts=['Coop']
[ERROR]: G used for command BuildKelMorianRocketTurret/SCV, in seed T contexts=['Coop']
[ERROR]: A used for command CampaignVehicles, in seed T contexts=['HotS Campaign']
[ERROR]: A used for command DarkArchon/Gateway, in seed T contexts=['Coop']
[ERROR]: A used for command DarkArchon/WarpGate, in seed T contexts=['Coop']
[ERROR]: B used for command DarkTemplarShadowDash/DarkTemplarShakuras, in seed T contexts=['Coop']
[ERROR]: G used for command DisableBuildingAttackScourge/Scourge, in seed T contexts=['Coop']
[ERROR]: A used for command EvolveBanelingCorrosiveBile/BanelingNest, in seed T contexts=['Coop']
[ERROR]: B used for command EvolveBileLauncherIncreasedRange/SpawningPool, in seed T contexts=['Coop']
[ERROR]: B used for command EvolveBurrowCharge/UltraliskCavern, in seed T contexts=['Coop']
[ERROR]: B used for command EvolveHydriodicBile/RoachWarren, in seed T contexts=['Coop']
[ERROR]: G used for command EvolveMuscularAugments/HydraliskDen, in seed T contexts=['Coop']
[ERROR]: A used for command EvolveMuscularAugments/ImpalerDen, in seed T contexts=['Coop']
[ERROR]: G used for command EvolveMuscularAugments/LurkerDen, in seed T contexts=['Coop']
[ERROR]: G used for command EvolveScourgeGasCostReduction/ScourgeNest, in seed T contexts=['Coop']
[ERROR]: S used for command EvolveSunderingGlave/GreaterSpire, in seed T contexts=['Coop']
[ERROR]: S used for command EvolveSunderingGlave/Spire, in seed T contexts=['Coop']
[ERROR]: V used for command EvolveViciousGlaive/GreaterSpire, in seed T contexts=['Coop']
[ERROR]: V used for command EvolveViciousGlaive/Spire, in seed T contexts=['Coop']
[ERROR]: Q used for command HyperionVoidCoopHyperjump/HyperionVoidCoop, in seed T contexts=['Coop']
[ERROR]: B used for command IgniteAfterburners/Banshee, in seed T contexts=['Coop']
[ERROR]: B used for command IgniteAfterburners/Battlecruiser, in seed T contexts=['Coop']
[ERROR]: B used for command IgniteAfterburners/Liberator, in seed T contexts=['Coop']
[ERROR]: B used for command IgniteAfterburners/SiegeTank, in seed T contexts=['Coop']
[ERROR]: B used for command IgniteAfterburners/VikingAssault, in seed T contexts=['Coop']
[ERROR]: B used for command IgniteAfterburners/Vulture, in seed T contexts=['Coop']
[ERROR]: B used for command MindBlast/Spectre, in seed T contexts=['Coop']
[ERROR]: V used for command MorphMorphalisk/QueenCoop, in seed T contexts=['Coop']
[ERROR]: B used for command Observer/RoboticsFacilityWarp, in seed T contexts=['Coop']
[ERROR]: V used for command PrologueVoidArmor/PrologueZeratul, in seed T contexts=['LotV Prologue']
[ERROR]: Q used for command QueenCoop, in seed T contexts=['Coop']
[ERROR]: A used for command RapidIncubation/InfestationPit, in seed T contexts=['Coop']
[ERROR]: A used for command RapidIncubation/SwarmHostBurrowed, in seed T contexts=['HotS Campaign']
[ERROR]: A used for command RapidIncubation/SwarmHostRooted, in seed T contexts=['HotS Campaign']
[ERROR]: H used for command ResearchBunkerUpgrade/ScienceFacility, in seed T contexts=['Left2Die']
[ERROR]: G used for command ResearchDoubleGravitonBeam/FleetBeacon, in seed T contexts=['Coop']
[ERROR]: B used for command ResearchDragoonRange/TwilightCouncil, in seed T contexts=['Coop']
[ERROR]: H used for command ResearchHealingPsionicStorm/TemplarArchive, in seed T contexts=['Coop']
[ERROR]: H used for command ResearchHellbatHellArmor/FactoryTechLab, in seed T contexts=['Coop']
[ERROR]: H used for command ResearchHellbatHellArmor/FactoryTechReactor, in seed T contexts=['Coop']
[ERROR]: S used for command ResearchMedic/ScienceFacility, in seed T contexts=['Left2Die']
[ERROR]: A used for command ResearchOracleStasisWardUpgrade/FleetBeacon, in seed T contexts=['Coop']
[ERROR]: B used for command ResearchPhobosClassWeaponsSystem/StarportTechLab, in seed T contexts=['Coop']
[ERROR]: B used for command ResearchPhobosClassWeaponsSystem/StarportTechReactor, in seed T contexts=['Coop']
[ERROR]: A used for command ResearchReaverIncreasedScarabSplashRadius/RoboticsBay, in seed T contexts=['Coop']
[ERROR]: B used for command ResearchRegenerativeBioSteel/Armory, in seed T contexts=['Coop']
[ERROR]: B used for command ResearchSOAOrbitalStrikeUpgrade/SolarForge, in seed T contexts=['Coop']
[ERROR]: A used for command ResearchSOASolarLanceUpgrade/SolarForge, in seed T contexts=['Coop']
[ERROR]: S used for command ResearchShadowFury/DarkShrine, in seed T contexts=['Coop']
[ERROR]: S used for command ResearchShockwaveMissileBattery/StarportTechLab, in seed T contexts=['Coop']
[ERROR]: S used for command ResearchShockwaveMissileBattery/StarportTechReactor, in seed T contexts=['Coop']
[ERROR]: S used for command ResearchStabilizerMedpacks/BarracksTechLab, in seed T contexts=['Coop']
[ERROR]: S used for command ResearchStabilizerMedpacks/BarracksTechReactor, in seed T contexts=['Coop']
[ERROR]: B used for command ResearchStructureBarrier/Forge, in seed T contexts=['Coop']
[ERROR]: V used for command ResearchVoidStasis/DarkShrine, in seed T contexts=['Coop']
[ERROR]: V used for command Salvage/KelMorianGrenadeTurret, in seed T contexts=['Coop']
[ERROR]: V used for command Salvage/KelMorianMissileTurret, in seed T contexts=['Coop']
[ERROR]: V used for command Salvage/MissileTurret, in seed T contexts=['Coop']
[ERROR]: V used for command Salvage/PerditionTurret, in seed T contexts=['Coop']
[ERROR]: B used for command ShadowGuardBlink/VorazunShadowGuard, in seed T contexts=['Coop']
[ERROR]: B used for command ShieldBatteryStructureBarrier/ShieldBattery, in seed T contexts=['Coop']
[ERROR]: V used for command VoidStasis/DarkTemplarShakuras, in seed T contexts=['Coop']
[ERROR]: V used for command VoidStasis/VorazunShadowGuard, in seed T contexts=['Coop']
[ERROR]: Q used for command ZagaraVoidCoopBanelingBarrage/ZagaraVoidCoop, in seed T contexts=['Coop']
[ERROR]: Q used for command ZagaraVoidCoopBanelingBarrage/ZagaraVoidCoopBurrowed, in seed T contexts=['Coop']
[ERROR]: B used for command ZagaraVoidCoopBanelingSpawner/BanelingNest, in seed T contexts=['Coop']
[ERROR]: W used for command ZagaraVoidCoopSpawnHunterKillers/ZagaraVoidCoop, in seed T contexts=['Coop']
[ERROR]: W used for command ZagaraVoidCoopSpawnHunterKillers/ZagaraVoidCoopBurrowed, in seed T contexts=['Coop']
[ERROR]: V used for command ZeratulStun/ZeratulVoid, in seed T contexts=['LotV Campaign']
[ERROR]: G used for command DisableBuildingAttackScourge/Scourge, in seed R contexts=['Coop']
[ERROR]: E used for command MorphtoOverseerSiege/Overseer, in seed R contexts=['Coop']
[ERROR]: V used for command PrologueVoidArmor/PrologueZeratul, in seed R contexts=['LotV Prologue']
[ERROR]: H used for command ResearchBunkerUpgrade/ScienceFacility, in seed R contexts=['Left2Die']
[ERROR]: E used for command ShadowBlade/PrologueZeratul, in seed R contexts=['LotV Prologue']
[ERROR]: C used for command 250mmStrikeCannons/ThorWreckageSwann, in seed Z contexts=['Coop']
[ERROR]: C used for command ArchonAdvancedMergeSelection, in seed Z contexts=['Coop']
[ERROR]: R used for command BrokenSolarForge/SolarForge, in seed Z contexts=['Coop']
[ERROR]: X used for command Brutalisk/Larva, in seed Z contexts=['Coop']
[ERROR]: C used for command BuildCreepTumor/QueenCoop, in seed Z contexts=['Coop']
[ERROR]: C used for command Charge/ShadowOfTheVoidZealot, in seed Z contexts=['LotV Prologue']
[ERROR]: C used for command Consume/GiantYeti, in seed Z contexts=['HotS Campaign']
[ERROR]: C used for command Consume/Lyote, in seed Z contexts=['HotS Campaign']
[ERROR]: R used for command DarkPylonRecall/DarkPylon, in seed Z contexts=['Coop']
[ERROR]: D used for command DefensiveMatrixTarget/ScienceVessel, in seed Z contexts=['Coop']
[ERROR]: X used for command DetonateScourge/Scourge, in seed Z contexts=['Coop']
[ERROR]: F used for command EnableBuildingAttackScourge/Scourge, in seed Z contexts=['Coop']
[ERROR]: R used for command EnergizerReclamation/SentryPurifier, in seed Z contexts=['Coop']
[ERROR]: D used for command EvolveAdaptivePlating/RoachWarren, in seed Z contexts=['Coop']
[ERROR]: C used for command EvolveAncillaryCarapace/HydraliskDen, in seed Z contexts=['Coop']
[ERROR]: C used for command EvolveAncillaryCarapace/ImpalerDen, in seed Z contexts=['Coop']
[ERROR]: C used for command EvolveAncillaryCarapace/LurkerDen, in seed Z contexts=['Coop']
[ERROR]: E used for command EvolveBanelingHeal/BanelingNest, in seed Z contexts=['Coop']
[ERROR]: R used for command EvolveBanelingRupture/BanelingNest, in seed Z contexts=['Coop']
[ERROR]: D used for command EvolveBileLauncherBombardmentCooldown/SpawningPool, in seed Z contexts=['Coop']
[ERROR]: E used for command EvolveBroodLordSpeed/GreaterSpire, in seed Z contexts=['Coop']
[ERROR]: E used for command EvolveBroodLordSpeed/Spire, in seed Z contexts=['Coop']
[ERROR]: F used for command EvolveFrenzy/HydraliskDen, in seed Z contexts=['Coop']
[ERROR]: F used for command EvolveFrenzy/ImpalerDen, in seed Z contexts=['Coop']
[ERROR]: F used for command EvolveFrenzy/LurkerDen, in seed Z contexts=['Coop']
[ERROR]: C used for command EvolveHardenedCarapace/SpawningPool, in seed Z contexts=['Coop']
[ERROR]: R used for command EvolveK5ChainLightning/EvolutionChamber, in seed Z contexts=['Coop']
[ERROR]: E used for command EvolveK5Cooldowns/EvolutionChamber, in seed Z contexts=['Coop']
[ERROR]: F used for command EvolveKerriganHeroicFortitude/EvolutionChamber, in seed Z contexts=['Coop']
[ERROR]: R used for command EvolveMutaliskRapidRegeneration/GreaterSpire, in seed Z contexts=['Coop']
[ERROR]: R used for command EvolveMutaliskRapidRegeneration/Spire, in seed Z contexts=['Coop']
[ERROR]: D used for command EvolveScourgeSplashDamage/ScourgeNest, in seed Z contexts=['Coop']
[ERROR]: T used for command EvolveTissueAssimilation/UltraliskCavern, in seed Z contexts=['Coop']
[ERROR]: R used for command EvolveZerglingArmorShred/SpawningPool, in seed Z contexts=['Coop']
[ERROR]: F used for command Feedback/Archon, in seed Z contexts=['Coop']
[ERROR]: E used for command GiantYetiLeap/GiantYeti, in seed Z contexts=['HotS Campaign']
[ERROR]: R used for command HyperionAdvancedPDD/HyperionVoidCoop, in seed Z contexts=['Coop']
[ERROR]: T used for command HyperjumpHercules/Hercules, in seed Z contexts=['Coop']
[ERROR]: C used for command ImmortalShakurasShadowCannon/ImmortalAiur, in seed Z contexts=['Coop']
[ERROR]: R used for command InstantHunterSeekerMissile/Raven, in seed Z contexts=['Coop']
[ERROR]: C used for command JackhammerConcussionGrenade/HammerSecurity, in seed Z contexts=['Left2Die']
[ERROR]: D used for command KerriganVoidCoopCrushingGripWave/K5Kerrigan, in seed Z contexts=['Coop']
[ERROR]: D used for command KerriganVoidCoopCrushingGripWave/K5KerriganBurrowed, in seed Z contexts=['Coop']
[ERROR]: E used for command KerriganVoidCoopEconDrop/K5Kerrigan, in seed Z contexts=['Coop']
[ERROR]: E used for command KerriganVoidCoopEconDrop/K5KerriganBurrowed, in seed Z contexts=['Coop']
[ERROR]: D used for command LightningBomb/Tempest, in seed Z contexts=['Coop']
[ERROR]: D used for command MassRoachDrop/ZagaraVoidCoop, in seed Z contexts=['Coop']
[ERROR]: D used for command MassRoachDrop/ZagaraVoidCoopBurrowed, in seed Z contexts=['Coop']
[ERROR]: T used for command MorphtoObserver/Observer, in seed Z contexts=['Coop']
[ERROR]: E used for command MorphtoObserverSiege/Observer, in seed Z contexts=['Coop']
[ERROR]: T used for command MorphtoOverseer/Overseer, in seed Z contexts=['Coop']
[ERROR]: E used for command MorphtoOverseerSiege/Overseer, in seed Z contexts=['Coop']
[ERROR]: E used for command Oracle/StargateWarp, in seed Z contexts=['Coop']
[ERROR]: T used for command PsiStorm/Archon, in seed Z contexts=['Coop']
[ERROR]: T used for command PsionicLift/KerriganVoid, in seed Z contexts=['LotV Campaign']
[ERROR]: T used for command PsionicLift/KerriganVoidBurrowed, in seed Z contexts=['LotV Campaign']
[ERROR]: C used for command Research330mmBarrageCannon/FactoryTechLab, in seed Z contexts=['Coop']
[ERROR]: C used for command Research330mmBarrageCannon/FactoryTechReactor, in seed Z contexts=['Coop']
[ERROR]: E used for command ResearchAresClassTargetingSystem/FactoryTechLab, in seed Z contexts=['Coop']
[ERROR]: E used for command ResearchAresClassTargetingSystem/FactoryTechReactor, in seed Z contexts=['Coop']
[ERROR]: R used for command ResearchBarrier/RoboticsBay, in seed Z contexts=['Coop']
[ERROR]: E used for command ResearchDarkArchonFullStartingEnergy/DarkShrine, in seed Z contexts=['Coop']
[ERROR]: C used for command ResearchDarkArchonMindControl/DarkShrine, in seed Z contexts=['Coop']
[ERROR]: E used for command ResearchDragoonChassis/TwilightCouncil, in seed Z contexts=['Coop']
[ERROR]: D used for command ResearchDrakkenLaserDrillBFG/DrakkenLaserDrillCoop, in seed Z contexts=['Coop']
[ERROR]: F used for command ResearchFireSuppressionSystems/EngineeringBay, in seed Z contexts=['Coop']
[ERROR]: R used for command ResearchImprovedTurretAttackSpeed/EngineeringBay, in seed Z contexts=['Coop']
[ERROR]: E used for command ResearchKaraxTurretAttackSpeed/Forge, in seed Z contexts=['Coop']
[ERROR]: R used for command ResearchKaraxTurretRange/Forge, in seed Z contexts=['Coop']
[ERROR]: R used for command ResearchLockOnRangeUpgrade/FactoryTechLab, in seed Z contexts=['Coop']
[ERROR]: R used for command ResearchLockOnRangeUpgrade/FactoryTechReactor, in seed Z contexts=['Coop']
[ERROR]: E used for command ResearchLurkerRange/HydraliskDen, in seed Z contexts=['Coop']
[ERROR]: E used for command ResearchLurkerRange/LurkerDen, in seed Z contexts=['Coop']
[ERROR]: E used for command ResearchReaper/ScienceFacility, in seed Z contexts=['Left2Die']
[ERROR]: C used for command ResearchReaverIncreasedScarabCount/RoboticsBay, in seed Z contexts=['Coop']
[ERROR]: R used for command ResearchRipwaveMissiles/StarportTechLab, in seed Z contexts=['Coop']
[ERROR]: R used for command ResearchRipwaveMissiles/StarportTechReactor, in seed Z contexts=['Coop']
[ERROR]: R used for command ResearchSOARepairBeamExtraTarget/SolarForge, in seed Z contexts=['Coop']
[ERROR]: D used for command ResearchShadowDash/DarkShrine, in seed Z contexts=['Coop']
[ERROR]: E used for command ResearchSolarEfficiencyLevel1/SolarForge, in seed Z contexts=['Coop']
[ERROR]: D used for command ResearchTempestDisintegration/FleetBeacon, in seed Z contexts=['Coop']
[ERROR]: R used for command ResearchVehicleWeaponRange/Armory, in seed Z contexts=['Coop']
[ERROR]: D used for command ResearchWhirlwind/TwilightCouncil, in seed Z contexts=['Coop']
[ERROR]: C used for command ScourgeNest/Drone, in seed Z contexts=['Coop']
[ERROR]: R used for command SelfRepair/Thor, in seed Z contexts=['Coop']
[ERROR]: R used for command SelfRepair/ThorWreckageSwann, in seed Z contexts=['Coop']
[ERROR]: E used for command ShadowBlade/PrologueZeratul, in seed Z contexts=['LotV Prologue']
[ERROR]: D used for command SpectreDomination/Spectre, in seed Z contexts=['Coop']
[ERROR]: R used for command SwannCommanderRebuild, in seed Z contexts=['Coop']
[ERROR]: R used for command SwarmHostRootBurrow, in seed Z contexts=['HotS Campaign']
[ERROR]: D used for command ThorDefensiveMatrix/Thor, in seed Z contexts=['Coop']
[ERROR]: D used for command ThorDefensiveMatrix/ThorWreckageSwann, in seed Z contexts=['Coop']
[ERROR]: T used for command Transfusion/QueenCoop, in seed Z contexts=['Coop']
[ERROR]: R used for command VespeneDrone/CommandCenter, in seed Z contexts=['Coop']
[ERROR]: R used for command VespeneDrone/PlanetaryFortress, in seed Z contexts=['Coop']
[ERROR]: E used for command VoidShadowGuardShadowFury/VorazunShadowGuard, in seed Z contexts=['Coop']
[ERROR]: E used for command VoodooShield/Spectre, in seed Z contexts=['Coop']
[ERROR]: E used for command ZagaraVoidCoopMassFrenzy/ZagaraVoidCoop, in seed Z contexts=['Coop']
[ERROR]: E used for command ZagaraVoidCoopMassFrenzy/ZagaraVoidCoopBurrowed, in seed Z contexts=['Coop']
[ERROR]: R used for command ZagaraVoidCoopNydusWorm/NydusNetwork, in seed Z contexts=['Coop']
[ERROR]: C used for command 250mmStrikeCannons/Thor, in seed TheCore LiteRehab contexts=['Coop']
[ERROR]: C used for command 250mmStrikeCannons/ThorWreckageSwann, in seed TheCore LiteRehab contexts=['Coop']
[ERROR]: C used for command AdeptPhaseShift/Adept, in seed TheCore LiteRehab contexts=['LotV Multiplayer']
[ERROR]: D used for command AnionPulseCrystals/FleetBeacon, in seed TheCore LiteRehab contexts=['Coop', 'LotV Multiplayer']
[ERROR]: F used for command Arbiter/Stargate, in seed TheCore LiteRehab contexts=['Coop']
[ERROR]: F used for command Arbiter/StargateWarp, in seed TheCore LiteRehab contexts=['Coop']
[ERROR]: F used for command ArbiterMPStasisField/ArbiterMP, in seed TheCore LiteRehab contexts=['Coop']
[ERROR]: D used for command Attack, in seed TheCore LiteRehab contexts=['Coop', 'LotV Campaign', 'HotS Campaign', 'LotV Multiplayer', 'HotS Multiplayer', 'Left2Die', 'LotV Prologue', 'WoL Campaign']
[ERROR]: T used for command BanelingNest/Drone, in seed TheCore LiteRehab contexts=['Coop']
[ERROR]: D used for command BansheeSpeed/StarportTechLab, in seed TheCore LiteRehab contexts=['LotV Multiplayer']
[ERROR]: G used for command Battlecruiser/Starport, in seed TheCore LiteRehab contexts=['LotV Multiplayer', 'LotV Prologue', 'Coop', 'HotS Campaign', 'WoL Campaign']
[ERROR]: C used for command BlindingCloud/Viper, in seed TheCore LiteRehab contexts=['LotV Multiplayer']
[ERROR]: C used for command Brutalisk/Larva, in seed TheCore LiteRehab contexts=['Coop']
[ERROR]: C used for command BuildCreepTumor/Queen, in seed TheCore LiteRehab contexts=['LotV Campaign', 'LotV Multiplayer']
[ERROR]: C used for command BuildCreepTumor/QueenCoop, in seed TheCore LiteRehab contexts=['Coop']
[ERROR]: C used for command BuildCreepTumorPropagate/CreepTumorBurrowed, in seed TheCore LiteRehab contexts=['LotV Multiplayer']
[ERROR]: C used for command BuildCyclone/Factory, in seed TheCore LiteRehab contexts=['LotV Multiplayer', 'Coop']
[ERROR]: V used for command BuildKelMorianRocketTurret/SCV, in seed TheCore LiteRehab contexts=['Coop']
[ERROR]: G used for command Bunker/SCV, in seed TheCore LiteRehab contexts=['WoL Campaign', 'Coop']
[ERROR]: G used for command Carrier/Stargate, in seed TheCore LiteRehab contexts=['HotS Campaign', 'LotV Campaign']
[ERROR]: G used for command Carrier/StargateWarp, in seed TheCore LiteRehab contexts=['LotV Campaign']
[ERROR]: C used for command CausticSpray/Corruptor, in seed TheCore LiteRehab contexts=['LotV Multiplayer']
[ERROR]: C used for command ChannelSnipe/Ghost, in seed TheCore LiteRehab contexts=['LotV Multiplayer']
[ERROR]: C used for command Colossus/RoboticsFacility, in seed TheCore LiteRehab contexts=['Coop', 'LotV Multiplayer']
[ERROR]: C used for command Colossus/RoboticsFacilityWarp, in seed TheCore LiteRehab contexts=['Coop']
[ERROR]: C used for command ColossusHallucination/Sentry, in seed TheCore LiteRehab contexts=['LotV Multiplayer']
[ERROR]: C used for command CommandCenter/SCV, in seed TheCore LiteRehab contexts=['Coop', 'WoL Campaign']
[ERROR]: C used for command CommandCenterOrbRelay/SCV, in seed TheCore LiteRehab contexts=['WoL Campaign']
[ERROR]: C used for command Consume/GiantYeti, in seed TheCore LiteRehab contexts=['HotS Campaign']
[ERROR]: C used for command Consume/Lyote, in seed TheCore LiteRehab contexts=['HotS Campaign']
[ERROR]: C used for command Consumption/Tosh, in seed TheCore LiteRehab contexts=['LotV Campaign']
[ERROR]: C used for command Contaminate/Overseer, in seed TheCore LiteRehab contexts=['LotV Multiplayer']
[ERROR]: C used for command CorruptionAbility/Corruptor, in seed TheCore LiteRehab contexts=['Coop']
[ERROR]: C used for command Corruptor/Larva, in seed TheCore LiteRehab contexts=['LotV Multiplayer']
[ERROR]: C used for command CreepTumor/QueenClassic, in seed TheCore LiteRehab contexts=['LotV Campaign']
[ERROR]: G used for command CyberneticsCore/Probe, in seed TheCore LiteRehab contexts=['Coop']
[ERROR]: G used for command DarkArchon/Gateway, in seed TheCore LiteRehab contexts=['Coop']
[ERROR]: G used for command DarkArchon/WarpGate, in seed TheCore LiteRehab contexts=['Coop']
[ERROR]: F used for command DarkArchonConfusion/DarkArchon, in seed TheCore LiteRehab contexts=['Coop']
[ERROR]: F used for command DarkShrine/Probe, in seed TheCore LiteRehab contexts=['LotV Multiplayer']
[ERROR]: F used for command DarkTemplar, in seed TheCore LiteRehab contexts=['LotV Multiplayer', 'Coop']
[ERROR]: F used for command DeepTunnel/Queen, in seed TheCore LiteRehab contexts=['LotV Campaign']
[ERROR]: C used for command DehakaMirrorImage/Dehaka, in seed TheCore LiteRehab contexts=['LotV Campaign']
[ERROR]: C used for command DetonateScourge/Scourge, in seed TheCore LiteRehab contexts=['Coop']
[ERROR]: D used for command Diamondback/Factory, in seed TheCore LiteRehab contexts=['WoL Campaign', 'LotV Campaign', 'LotV Prologue']
[ERROR]: C used for command DisablingCloud/Viper, in seed TheCore LiteRehab contexts=['Coop']
[ERROR]: F used for command EnableBuildingAttackScourge/Scourge, in seed TheCore LiteRehab contexts=['Coop']
[ERROR]: D used for command EvolveAdaptivePlating/RoachWarren, in seed TheCore LiteRehab contexts=['Coop']
[ERROR]: C used for command EvolveAncillaryCarapace/HydraliskDen, in seed TheCore LiteRehab contexts=['Coop']
[ERROR]: C used for command EvolveAncillaryCarapace/ImpalerDen, in seed TheCore LiteRehab contexts=['Coop']
[ERROR]: C used for command EvolveAncillaryCarapace/LurkerDen, in seed TheCore LiteRehab contexts=['Coop']
[ERROR]: F used for command EvolveBanelingCorrosiveBile/BanelingNest, in seed TheCore LiteRehab contexts=['Coop']
[ERROR]: G used for command EvolveBileLauncherBombardmentCooldown/SpawningPool, in seed TheCore LiteRehab contexts=['Coop']
[ERROR]: C used for command EvolveBroodLordSpeed/GreaterSpire, in seed TheCore LiteRehab contexts=['Coop']
[ERROR]: C used for command EvolveBroodLordSpeed/Spire, in seed TheCore LiteRehab contexts=['Coop']
[ERROR]: C used for command EvolveCentrificalHooks/BanelingNest, in seed TheCore LiteRehab contexts=['Coop']
[ERROR]: G used for command EvolveChitinousPlating/UltraliskCavern, in seed TheCore LiteRehab contexts=['Coop', 'WoL Campaign']
[ERROR]: F used for command EvolveFrenzy/HydraliskDen, in seed TheCore LiteRehab contexts=['Coop']
[ERROR]: F used for command EvolveFrenzy/ImpalerDen, in seed TheCore LiteRehab contexts=['Coop']
[ERROR]: F used for command EvolveFrenzy/LurkerDen, in seed TheCore LiteRehab contexts=['Coop']
[ERROR]: C used for command EvolveGlialRegeneration/RoachWarren, in seed TheCore LiteRehab contexts=['Coop']
[ERROR]: F used for command EvolveHardenedCarapace/SpawningPool, in seed TheCore LiteRehab contexts=['Coop']
[ERROR]: F used for command EvolveHydriodicBile/RoachWarren, in seed TheCore LiteRehab contexts=['Coop']
[ERROR]: C used for command EvolveK5ChainLightning/EvolutionChamber, in seed TheCore LiteRehab contexts=['Coop']
[ERROR]: F used for command EvolveKerriganHeroicFortitude/EvolutionChamber, in seed TheCore LiteRehab contexts=['Coop']
[ERROR]: G used for command EvolveScourgeGasCostReduction/ScourgeNest, in seed TheCore LiteRehab contexts=['Coop']
[ERROR]: F used for command EvolveSunderingGlave/GreaterSpire, in seed TheCore LiteRehab contexts=['Coop']
[ERROR]: F used for command EvolveSunderingGlave/Spire, in seed TheCore LiteRehab contexts=['Coop']
[ERROR]: C used for command EvolveTissueAssimilation/UltraliskCavern, in seed TheCore LiteRehab contexts=['Coop']
[ERROR]: V used for command EvolveVentralSacks, in seed TheCore LiteRehab contexts=['Coop', 'LotV Campaign', 'LotV Prologue']
[ERROR]: V used for command EvolveViciousGlaive/GreaterSpire, in seed TheCore LiteRehab contexts=['Coop']
[ERROR]: V used for command EvolveViciousGlaive/Spire, in seed TheCore LiteRehab contexts=['Coop']
[ERROR]: C used for command ExperimentalPlasmaGun/Raynor, in seed TheCore LiteRehab contexts=['LotV Campaign']
[ERROR]: C used for command Explode/Baneling, in seed TheCore LiteRehab contexts=['LotV Multiplayer']
[ERROR]: C used for command Explode/BanelingBurrowed, in seed TheCore LiteRehab contexts=['LotV Multiplayer']
[ERROR]: C used for command Explode/HotSHunter, in seed TheCore LiteRehab contexts=['HotS Campaign']
[ERROR]: C used for command Explode/HotSHunterBurrowed, in seed TheCore LiteRehab contexts=['HotS Campaign']
[ERROR]: C used for command Explode/HotSSplitterlingBig, in seed TheCore LiteRehab contexts=['HotS Campaign']
[ERROR]: D used for command Factory/SCV, in seed TheCore LiteRehab contexts=['Coop']
[ERROR]: F used for command Feedback/Archon, in seed TheCore LiteRehab contexts=['Coop']
[ERROR]: C used for command Feedback/HighArchonTemplar, in seed TheCore LiteRehab contexts=['Coop']
[ERROR]: C used for command Feedback/HighTemplar, in seed TheCore LiteRehab contexts=['LotV Multiplayer']
[ERROR]: V used for command Firebat/Barracks, in seed TheCore LiteRehab contexts=['LotV Prologue', 'Coop', 'HotS Campaign']
[ERROR]: G used for command FleetBeacon/Probe, in seed TheCore LiteRehab contexts=['LotV Multiplayer']
[ERROR]: C used for command ForceField/Sentry, in seed TheCore LiteRehab contexts=['LotV Multiplayer', 'Coop']
[ERROR]: G used for command FusionCore/SCV, in seed TheCore LiteRehab contexts=['Coop']
[ERROR]: C used for command GenerateCreep/Overlord, in seed TheCore LiteRehab contexts=['LotV Multiplayer']
[ERROR]: C used for command GravitonBeam/Phoenix, in seed TheCore LiteRehab contexts=['LotV Multiplayer']
[ERROR]: C used for command GravitonBeam/Urun, in seed TheCore LiteRehab contexts=['LotV Prologue']
[ERROR]: C used for command GravitonBeamVoidCampaign/PhoenixPurifier, in seed TheCore LiteRehab contexts=['Coop']
[ERROR]: F used for command Halt, in seed TheCore LiteRehab contexts=['LotV Multiplayer']
[ERROR]: C used for command Hatchery/Drone, in seed TheCore LiteRehab contexts=['Coop']
[ERROR]: G used for command HellionTank/Factory, in seed TheCore LiteRehab contexts=['LotV Multiplayer', 'Coop']
[ERROR]: G used for command HireHelsAngels/MercCompound, in seed TheCore LiteRehab contexts=['WoL Campaign', 'LotV Prologue']
[ERROR]: D used for command HireHelsAngels/Starport, in seed TheCore LiteRehab contexts=['Coop']
[ERROR]: C used for command HunterSeekerMissile/Raven, in seed TheCore LiteRehab contexts=['LotV Multiplayer']
[ERROR]: V used for command Hydralisk/Larva, in seed TheCore LiteRehab contexts=['WoL Campaign', 'LotV Multiplayer', 'Coop']
[ERROR]: D used for command HydraliskDen/Drone, in seed TheCore LiteRehab contexts=['Coop']
[ERROR]: F used for command HyperionAdvancedPDD/HyperionVoidCoop, in seed TheCore LiteRehab contexts=['Coop']
[ERROR]: C used for command HyperionVoidCoopYamatoCannon/HyperionVoidCoop, in seed TheCore LiteRehab contexts=['Coop']
[ERROR]: F used for command IgniteAfterburners/Banshee, in seed TheCore LiteRehab contexts=['Coop']
[ERROR]: F used for command IgniteAfterburners/Battlecruiser, in seed TheCore LiteRehab contexts=['Coop']
[ERROR]: F used for command IgniteAfterburners/Liberator, in seed TheCore LiteRehab contexts=['Coop']
[ERROR]: F used for command IgniteAfterburners/SiegeTank, in seed TheCore LiteRehab contexts=['Coop']
[ERROR]: F used for command IgniteAfterburners/VikingAssault, in seed TheCore LiteRehab contexts=['Coop']
[ERROR]: F used for command IgniteAfterburners/Vulture, in seed TheCore LiteRehab contexts=['Coop']
[ERROR]: C used for command ImmortalShakurasShadowCannon/ImmortalAiur, in seed TheCore LiteRehab contexts=['Coop']
[ERROR]: C used for command ImmortalShakurasShadowCannon/ImmortalShakuras, in seed TheCore LiteRehab contexts=['Coop']
[ERROR]: F used for command Infestor/Larva, in seed TheCore LiteRehab contexts=['WoL Campaign', 'LotV Multiplayer', 'Coop']
[ERROR]: C used for command JackhammerConcussionGrenade/HammerSecurity, in seed TheCore LiteRehab contexts=['Left2Die']
[ERROR]: C used for command JackhammerConcussionGrenade/Marauder, in seed TheCore LiteRehab contexts=['Left2Die']
[ERROR]: F used for command K5Leviathan/K5Kerrigan, in seed TheCore LiteRehab contexts=['LotV Campaign']
[ERROR]: F used for command K5Leviathan/K5KerriganBurrowed, in seed TheCore LiteRehab contexts=['LotV Campaign']
[ERROR]: F used for command K5Leviathan/KerriganVoid, in seed TheCore LiteRehab contexts=['LotV Campaign']
[ERROR]: F used for command K5Leviathan/KerriganVoidBurrowed, in seed TheCore LiteRehab contexts=['LotV Campaign']
[ERROR]: C used for command KD8Charge/Reaper, in seed TheCore LiteRehab contexts=['LotV Multiplayer']
[ERROR]: C used for command KerriganEpilogue03Heal/KerriganEpilogue03, in seed TheCore LiteRehab contexts=['LotV Campaign']
[ERROR]: C used for command KerriganVoidCoopCrushingGripWave/K5Kerrigan, in seed TheCore LiteRehab contexts=['Coop']
[ERROR]: C used for command KerriganVoidCoopCrushingGripWave/K5KerriganBurrowed, in seed TheCore LiteRehab contexts=['Coop']
[ERROR]: F used for command KerriganVoidCoopEconDrop/K5Kerrigan, in seed TheCore LiteRehab contexts=['Coop']
[ERROR]: F used for command KerriganVoidCoopEconDrop/K5KerriganBurrowed, in seed TheCore LiteRehab contexts=['Coop']
[ERROR]: C used for command KerriganVoidSpawnBanelings/KerriganVoidUlnar02, in seed TheCore LiteRehab contexts=['LotV Campaign']
[ERROR]: V used for command KhaydarinMonolith/Probe, in seed TheCore LiteRehab contexts=['Coop']
[ERROR]: F used for command Land, in seed TheCore LiteRehab contexts=['WoL Campaign', 'LotV Multiplayer']
[ERROR]: C used for command Liberator/Starport, in seed TheCore LiteRehab contexts=['LotV Multiplayer']
[ERROR]: C used for command LiberatorAGMode/Liberator, in seed TheCore LiteRehab contexts=['Coop', 'LotV Multiplayer']
[ERROR]: F used for command Lift, in seed TheCore LiteRehab contexts=['LotV Multiplayer', 'WoL Campaign', 'LotV Prologue', 'Coop', 'HotS Campaign', 'LotV Campaign']
[ERROR]: C used for command LockOn/Cyclone, in seed TheCore LiteRehab contexts=['Coop']
[ERROR]: C used for command Lower/SupplyDepot, in seed TheCore LiteRehab contexts=['LotV Multiplayer']
[ERROR]: F used for command LurkerHoldFire/LurkerBurrowed, in seed TheCore LiteRehab contexts=['Coop']
[ERROR]: F used for command LurkerHoldFire/LurkerMPBurrowed, in seed TheCore LiteRehab contexts=['LotV Multiplayer']
[ERROR]: D used for command Marauder/Barracks, in seed TheCore LiteRehab contexts=['LotV Multiplayer', 'LotV Prologue', 'Coop', 'HotS Campaign']
[ERROR]: F used for command MassRoachDrop/ZagaraVoidCoop, in seed TheCore LiteRehab contexts=['Coop']
[ERROR]: F used for command MassRoachDrop/ZagaraVoidCoopBurrowed, in seed TheCore LiteRehab contexts=['Coop']
[ERROR]: D used for command Medivac/Starport, in seed TheCore LiteRehab contexts=['LotV Multiplayer', 'LotV Prologue', 'HotS Campaign', 'WoL Campaign']
[ERROR]: C used for command MindControl/HiveMindEmulator, in seed TheCore LiteRehab contexts=['LotV Campaign']
[ERROR]: F used for command MissilePods/Battlecruiser, in seed TheCore LiteRehab contexts=['WoL Campaign']
[ERROR]: F used for command MissilePods/DukesRevenge, in seed TheCore LiteRehab contexts=['WoL Campaign']
[ERROR]: F used for command MissileTurret/SCV, in seed TheCore LiteRehab contexts=['WoL Campaign', 'Coop']
[ERROR]: F used for command MorphtoOverlordTransport/Overlord, in seed TheCore LiteRehab contexts=['LotV Multiplayer']
[ERROR]: C used for command MothershipCoreWeapon/Mothership, in seed TheCore LiteRehab contexts=['LotV Multiplayer']
[ERROR]: C used for command MothershipCoreWeapon/MothershipCore, in seed TheCore LiteRehab contexts=['LotV Multiplayer']
[ERROR]: G used for command MoveHoldPosition, in seed TheCore LiteRehab contexts=['Coop', 'LotV Campaign', 'HotS Campaign', 'LotV Multiplayer', 'HotS Multiplayer', 'WoL Campaign', 'Left2Die', 'LotV Prologue']
[ERROR]: T used for command MovePatrol, in seed TheCore LiteRehab contexts=['Coop', 'LotV Campaign', 'HotS Campaign', 'LotV Multiplayer', 'HotS Multiplayer', 'WoL Campaign', 'Left2Die', 'LotV Prologue']
[ERROR]: C used for command MuscularAugments/HydraliskDen, in seed TheCore LiteRehab contexts=['HotS Multiplayer']
[ERROR]: T used for command Mutalisk/Larva, in seed TheCore LiteRehab contexts=['WoL Campaign', 'LotV Multiplayer', 'Coop']
[ERROR]: D used for command MutateintoLurkerDen/HydraliskDen, in seed TheCore LiteRehab contexts=['LotV Multiplayer']
[ERROR]: C used for command NPSwarm/Infestor, in seed TheCore LiteRehab contexts=['HotS Campaign']
[ERROR]: C used for command NeuralParasite/Infestor, in seed TheCore LiteRehab contexts=['LotV Multiplayer']
[ERROR]: C used for command Nexus/Probe, in seed TheCore LiteRehab contexts=['Coop']
[ERROR]: C used for command NovaSnipe/Nova, in seed TheCore LiteRehab contexts=['LotV Campaign']
[ERROR]: F used for command NydusNetwork/Drone, in seed TheCore LiteRehab contexts=['Coop']
[ERROR]: C used for command Obliterate/Spectre, in seed TheCore LiteRehab contexts=['LotV Campaign']
[ERROR]: C used for command OdinBarrage/Odin, in seed TheCore LiteRehab contexts=['WoL Campaign']
[ERROR]: D used for command OracleAttack, in seed TheCore LiteRehab contexts=['LotV Multiplayer']
[ERROR]: C used for command OracleBuildStasisTrap/Oracle, in seed TheCore LiteRehab contexts=['LotV Multiplayer']
[ERROR]: F used for command OracleWeaponOff/Oracle, in seed TheCore LiteRehab contexts=['LotV Multiplayer', 'HotS Multiplayer']
[ERROR]: D used for command OrbitalCommand/CommandCenter, in seed TheCore LiteRehab contexts=['Coop', 'LotV Multiplayer']
[ERROR]: C used for command ParasiticInvasion/LarvalQueen, in seed TheCore LiteRehab contexts=['LotV Campaign']
[ERROR]: D used for command Phoenix/Stargate, in seed TheCore LiteRehab contexts=['Coop', 'HotS Campaign', 'LotV Campaign']
[ERROR]: D used for command Phoenix/StargateWarp, in seed TheCore LiteRehab contexts=['LotV Campaign', 'Coop']
[ERROR]: D used for command PhoenixHallucination/Sentry, in seed TheCore LiteRehab contexts=['LotV Multiplayer']
[ERROR]: F used for command PhotonCannon/Probe, in seed TheCore LiteRehab contexts=['Coop']
[ERROR]: C used for command PrologueVoidArmor/PrologueZeratul, in seed TheCore LiteRehab contexts=['LotV Prologue']
[ERROR]: C used for command PrologueVoidArmor/ZeratulVoidAiur01, in seed TheCore LiteRehab contexts=['LotV Campaign']
[ERROR]: D used for command ProtossAirWeaponsLevel1/CyberneticsCore, in seed TheCore LiteRehab contexts=['LotV Campaign']
[ERROR]: D used for command ProtossGroundWeaponsLevel1/Forge, in seed TheCore LiteRehab contexts=['Coop']
[ERROR]: C used for command PurificationNovaTargeted/Disruptor, in seed TheCore LiteRehab contexts=['LotV Multiplayer']
[ERROR]: D used for command Pylon/Probe, in seed TheCore LiteRehab contexts=['Coop']
[ERROR]: G used for command RallyEgg, in seed TheCore LiteRehab contexts=['Coop', 'LotV Campaign', 'LotV Prologue']
[ERROR]: C used for command RapidIncubation/SwarmHost, in seed TheCore LiteRehab contexts=['HotS Campaign']
[ERROR]: C used for command RapidIncubation/SwarmHostBurrowed, in seed TheCore LiteRehab contexts=['HotS Campaign']
[ERROR]: C used for command RapidIncubation/SwarmHostRooted, in seed TheCore LiteRehab contexts=['HotS Campaign']
[ERROR]: C used for command RapidIncubation/SwarmHostSplitA, in seed TheCore LiteRehab contexts=['HotS Campaign']
[ERROR]: C used for command RapidIncubation/SwarmHostSplitARooted, in seed TheCore LiteRehab contexts=['HotS Campaign']
[ERROR]: C used for command RapidIncubation/SwarmHostSplitB, in seed TheCore LiteRehab contexts=['HotS Campaign']
[ERROR]: C used for command RapidIncubation/SwarmHostSplitBBurrowed, in seed TheCore LiteRehab contexts=['HotS Campaign']
[ERROR]: C used for command RapidIncubation/SwarmHostSplitBRooted, in seed TheCore LiteRehab contexts=['HotS Campaign']
[ERROR]: C used for command RavagerCorrosiveBile/Ravager, in seed TheCore LiteRehab contexts=['LotV Multiplayer']
[ERROR]: V used for command Raven/Starport, in seed TheCore LiteRehab contexts=['LotV Multiplayer', 'LotV Prologue', 'HotS Campaign', 'WoL Campaign']
[ERROR]: C used for command RaynorSnipe/RaynorCommando, in seed TheCore LiteRehab contexts=['LotV Campaign']
[ERROR]: C used for command Reaper/Barracks, in seed TheCore LiteRehab contexts=['LotV Multiplayer', 'LotV Prologue', 'Coop', 'HotS Campaign']
[ERROR]: C used for command ReaperSpeed/BarracksTechLab, in seed TheCore LiteRehab contexts=['LotV Prologue']
[ERROR]: C used for command ReaperSpeed/BarracksTechReactor, in seed TheCore LiteRehab contexts=['LotV Campaign']
[ERROR]: C used for command ReaperSpeed/MercCompound, in seed TheCore LiteRehab contexts=['LotV Prologue']
[ERROR]: C used for command Repair, in seed TheCore LiteRehab contexts=['LotV Multiplayer']
[ERROR]: C used for command Research330mmBarrageCannon/FactoryTechLab, in seed TheCore LiteRehab contexts=['Coop']
[ERROR]: C used for command Research330mmBarrageCannon/FactoryTechReactor, in seed TheCore LiteRehab contexts=['Coop']
[ERROR]: F used for command ResearchBallisticRange/StarportTechLab, in seed TheCore LiteRehab contexts=['LotV Multiplayer']
[ERROR]: C used for command ResearchBansheeCloak/StarportTechLab, in seed TheCore LiteRehab contexts=['Coop', 'LotV Multiplayer', 'LotV Campaign']
[ERROR]: C used for command ResearchBansheeCloak/StarportTechReactor, in seed TheCore LiteRehab contexts=['Coop', 'LotV Campaign']
[ERROR]: C used for command ResearchBattlecruiserSpecializations/FusionCore, in seed TheCore LiteRehab contexts=['LotV Multiplayer']
[ERROR]: C used for command ResearchCerberusMines/FactoryTechLab, in seed TheCore LiteRehab contexts=['Left2Die']
[ERROR]: D used for command ResearchCharge/TwilightCouncil, in seed TheCore LiteRehab contexts=['Coop', 'LotV Multiplayer', 'LotV Campaign']
[ERROR]: C used for command ResearchDarkArchonMindControl/DarkShrine, in seed TheCore LiteRehab contexts=['Coop']
[ERROR]: C used for command ResearchDoubleGravitonBeam/FleetBeacon, in seed TheCore LiteRehab contexts=['Coop']
[ERROR]: D used for command ResearchDrillClaws/FactoryTechLab, in seed TheCore LiteRehab contexts=['LotV Multiplayer']
[ERROR]: V used for command ResearchDurableMaterials/StarportTechLab, in seed TheCore LiteRehab contexts=['LotV Campaign']
[ERROR]: V used for command ResearchDurableMaterials/StarportTechReactor, in seed TheCore LiteRehab contexts=['LotV Campaign']
[ERROR]: C used for command ResearchExtendedThermalLance/RoboticsBay, in seed TheCore LiteRehab contexts=['LotV Multiplayer', 'Coop']
[ERROR]: C used for command ResearchFireSuppression/ScienceFacility, in seed TheCore LiteRehab contexts=['Left2Die']
[ERROR]: C used for command ResearchFireSuppressionSystems/EngineeringBay, in seed TheCore LiteRehab contexts=['Coop']
[ERROR]: V used for command ResearchFirebat/ScienceFacility, in seed TheCore LiteRehab contexts=['Left2Die']
[ERROR]: C used for command ResearchG4Charge/BarracksTechLab, in seed TheCore LiteRehab contexts=['Left2Die']
[ERROR]: G used for command ResearchGoliath/ScienceFacility, in seed TheCore LiteRehab contexts=['Left2Die']
[ERROR]: V used for command ResearchHighCapacityBarrels/FactoryTechLab, in seed TheCore LiteRehab contexts=['Coop', 'Left2Die', 'LotV Multiplayer', 'LotV Campaign']
[ERROR]: V used for command ResearchHighCapacityBarrels/FactoryTechReactor, in seed TheCore LiteRehab contexts=['LotV Campaign', 'Coop']
[ERROR]: D used for command ResearchHighTemplarEnergyUpgrade/TemplarArchive, in seed TheCore LiteRehab contexts=['Coop']
[ERROR]: D used for command ResearchJackhammerConcussionGrenade/BarracksTechLab, in seed TheCore LiteRehab contexts=['Left2Die']
[ERROR]: C used for command ResearchKaraxTurretAttackSpeed/Forge, in seed TheCore LiteRehab contexts=['Coop']
[ERROR]: V used for command ResearchLurkerRange/HydraliskDen, in seed TheCore LiteRehab contexts=['Coop']
[ERROR]: F used for command ResearchMedic/ScienceFacility, in seed TheCore LiteRehab contexts=['Left2Die']
[ERROR]: D used for command ResearchMedivacEnergyUpgrade/StarportTechLab, in seed TheCore LiteRehab contexts=['LotV Campaign']
[ERROR]: D used for command ResearchMedivacEnergyUpgrade/StarportTechReactor, in seed TheCore LiteRehab contexts=['LotV Campaign']
[ERROR]: F used for command ResearchNeuralParasite/InfestationPit, in seed TheCore LiteRehab contexts=['HotS Multiplayer']
[ERROR]: D used for command ResearchPerditionTurret/ScienceFacility, in seed TheCore LiteRehab contexts=['Left2Die']
[ERROR]: C used for command ResearchPersonalCloaking/GhostAcademy, in seed TheCore LiteRehab contexts=['Coop']
[ERROR]: D used for command ResearchPhobosClassWeaponsSystem/StarportTechLab, in seed TheCore LiteRehab contexts=['Coop']
[ERROR]: D used for command ResearchPhobosClassWeaponsSystem/StarportTechReactor, in seed TheCore LiteRehab contexts=['Coop']
[ERROR]: D used for command ResearchPunisherGrenades/BarracksTechLab, in seed TheCore LiteRehab contexts=['LotV Prologue', 'Coop']
[ERROR]: D used for command ResearchPunisherGrenades/BarracksTechReactor, in seed TheCore LiteRehab contexts=['Coop']
[ERROR]: C used for command ResearchReaverIncreasedScarabCount/RoboticsBay, in seed TheCore LiteRehab contexts=['Coop']
[ERROR]: F used for command ResearchReaverIncreasedScarabSplashRadius/RoboticsBay, in seed TheCore LiteRehab contexts=['Coop']
[ERROR]: C used for command ResearchSOAOrbitalStrikeUpgrade/SolarForge, in seed TheCore LiteRehab contexts=['Coop']
[ERROR]: D used for command ResearchSOASolarLanceUpgrade/SolarForge, in seed TheCore LiteRehab contexts=['Coop']
[ERROR]: C used for command ResearchStrikeCannons/FactoryTechLab, in seed TheCore LiteRehab contexts=['LotV Campaign']
[ERROR]: V used for command ResearchStructureBarrier/Forge, in seed TheCore LiteRehab contexts=['Coop']
[ERROR]: F used for command ResearchTempestDisintegration/FleetBeacon, in seed TheCore LiteRehab contexts=['Coop']
[ERROR]: D used for command ResearchVoidRaySpeedUpgrade/FleetBeacon, in seed TheCore LiteRehab contexts=['WoL Campaign']
[ERROR]: V used for command ResearchVoidStasis/DarkShrine, in seed TheCore LiteRehab contexts=['Coop']
[ERROR]: G used for command ResearchWarpGate/CyberneticsCore, in seed TheCore LiteRehab contexts=['LotV Campaign']
[ERROR]: F used for command ResearchWhirlwind/TwilightCouncil, in seed TheCore LiteRehab contexts=['Coop']
[ERROR]: D used for command RespawnZergling/Hatchery, in seed TheCore LiteRehab contexts=['Coop', 'LotV Prologue']
[ERROR]: D used for command RespawnZergling/Hive, in seed TheCore LiteRehab contexts=['LotV Campaign', 'Coop']
[ERROR]: D used for command RespawnZergling/Lair, in seed TheCore LiteRehab contexts=['LotV Prologue', 'Coop']
[ERROR]: C used for command RoboticsBay/Probe, in seed TheCore LiteRehab contexts=['LotV Multiplayer']
[ERROR]: D used for command RoboticsFacility/Probe, in seed TheCore LiteRehab contexts=['LotV Multiplayer']
[ERROR]: F used for command SJHyperionFighters/SJHyperion, in seed TheCore LiteRehab contexts=['LotV Campaign']
[ERROR]: C used for command SJHyperionYamato/SJHyperion, in seed TheCore LiteRehab contexts=['LotV Campaign']
[ERROR]: C used for command Scan/CommandCenter, in seed TheCore LiteRehab contexts=['WoL Campaign']
[ERROR]: C used for command Scan/OrbitalCommand, in seed TheCore LiteRehab contexts=['LotV Multiplayer']
[ERROR]: C used for command ScourgeNest/Drone, in seed TheCore LiteRehab contexts=['Coop']
[ERROR]: T used for command SelectBuilder, in seed TheCore LiteRehab contexts=['LotV Multiplayer', 'WoL Campaign', 'LotV Prologue', 'Coop', 'LotV Campaign', 'HotS Campaign']
[ERROR]: T used for command SensorTower/SCV, in seed TheCore LiteRehab contexts=['WoL Campaign']
[ERROR]: C used for command Sentry, in seed TheCore LiteRehab contexts=['LotV Multiplayer', 'Coop']
[ERROR]: F used for command SentryTaldarimForceField/Monitor, in seed TheCore LiteRehab contexts=['Coop']
[ERROR]: C used for command SetRallyPointSwarmHost/SwarmHostBurrowedMP, in seed TheCore LiteRehab contexts=['Coop']
[ERROR]: T used for command ShieldBattery/Probe, in seed TheCore LiteRehab contexts=['Coop']
[ERROR]: C used for command Snipe/Ghost, in seed TheCore LiteRehab contexts=['Coop']
[ERROR]: D used for command SpawningPool/Drone, in seed TheCore LiteRehab contexts=['Coop']
[ERROR]: C used for command SpectreDomination/Spectre, in seed TheCore LiteRehab contexts=['Coop']
[ERROR]: G used for command SpineCrawler/Drone, in seed TheCore LiteRehab contexts=['Coop']
[ERROR]: F used for command SporeCrawler/Drone, in seed TheCore LiteRehab contexts=['Coop']
[ERROR]: G used for command StalkerHallucination/Sentry, in seed TheCore LiteRehab contexts=['LotV Multiplayer']
[ERROR]: V used for command Stop, in seed TheCore LiteRehab contexts=['Coop', 'LotV Campaign', 'HotS Campaign', 'LotV Multiplayer', 'HotS Multiplayer', 'WoL Campaign', 'Left2Die', 'LotV Prologue']
[ERROR]: C used for command StukovBossBlast/InfestedStukov, in seed TheCore LiteRehab contexts=['LotV Campaign']
[ERROR]: D used for command SummonNydusWorm/NydusNetwork, in seed TheCore LiteRehab contexts=['LotV Multiplayer']
[ERROR]: D used for command SupplyDepot/SCV, in seed TheCore LiteRehab contexts=['WoL Campaign', 'Coop']
[ERROR]: D used for command SupplyDrop/OrbitalCommand, in seed TheCore LiteRehab contexts=['LotV Multiplayer']
[ERROR]: F used for command SwannCommanderRebuild, in seed TheCore LiteRehab contexts=['Coop']
[ERROR]: C used for command SwarmHost/SwarmHostMP, in seed TheCore LiteRehab contexts=['LotV Multiplayer']
[ERROR]: F used for command SwarmQueenHydralisk/HugeSwarmQueen, in seed TheCore LiteRehab contexts=['LotV Campaign']
[ERROR]: F used for command SwarmQueenHydralisk/SwarmQueenEgg, in seed TheCore LiteRehab contexts=['Coop']
[ERROR]: C used for command SwarmQueenParasiticInvasion/HugeSwarmQueen, in seed TheCore LiteRehab contexts=['LotV Campaign']
[ERROR]: C used for command SwarmQueenParasiticInvasion/LargeSwarmQueen, in seed TheCore LiteRehab contexts=['LotV Campaign']
[ERROR]: C used for command SwarmQueenParasiticInvasion/SwarmQueen, in seed TheCore LiteRehab contexts=['LotV Campaign']
[ERROR]: D used for command TempestRangeUpgrade/FleetBeacon, in seed TheCore LiteRehab contexts=['HotS Campaign']
[ERROR]: D used for command TerranInfantryWeaponsLevel1/EngineeringBay, in seed TheCore LiteRehab contexts=['LotV Multiplayer', 'Coop', 'WoL Campaign']
[ERROR]: D used for command TerranInfantryWeaponsUltraCapacitorsLevel1/EngineeringBay, in seed TheCore LiteRehab contexts=['WoL Campaign']
[ERROR]: D used for command TerranInfantryWeaponsUltraCapacitorsLevel2/EngineeringBay, in seed TheCore LiteRehab contexts=['WoL Campaign']
[ERROR]: D used for command TerranInfantryWeaponsUltraCapacitorsLevel3/EngineeringBay, in seed TheCore LiteRehab contexts=['WoL Campaign']
[ERROR]: D used for command TerranShipWeaponsLevel1/Armory, in seed TheCore LiteRehab contexts=['WoL Campaign', 'LotV Multiplayer', 'LotV Prologue']
[ERROR]: D used for command TerranShipWeaponsUltraCapacitorsLevel1/Armory, in seed TheCore LiteRehab contexts=['WoL Campaign']
[ERROR]: D used for command TerranShipWeaponsUltraCapacitorsLevel2/Armory, in seed TheCore LiteRehab contexts=['WoL Campaign']
[ERROR]: D used for command TerranShipWeaponsUltraCapacitorsLevel3/Armory, in seed TheCore LiteRehab contexts=['WoL Campaign']
[ERROR]: D used for command TerranVehicleAndShipWeaponsLevel1/Armory, in seed TheCore LiteRehab contexts=['Coop']
[ERROR]: V used for command TerranVehiclePlatingLevel1/Armory, in seed TheCore LiteRehab contexts=['WoL Campaign', 'LotV Prologue']
[ERROR]: V used for command TerranVehiclePlatingVanadiumPlatingLevel1/Armory, in seed TheCore LiteRehab contexts=['WoL Campaign']
[ERROR]: V used for command TerranVehiclePlatingVanadiumPlatingLevel2/Armory, in seed TheCore LiteRehab contexts=['WoL Campaign']
[ERROR]: V used for command TerranVehiclePlatingVanadiumPlatingLevel3/Armory, in seed TheCore LiteRehab contexts=['WoL Campaign']
[ERROR]: V used for command Thor/Factory, in seed TheCore LiteRehab contexts=['WoL Campaign', 'LotV Multiplayer', 'LotV Campaign', 'Coop', 'LotV Prologue']
[ERROR]: C used for command TimeWarp/Nexus, in seed TheCore LiteRehab contexts=['Coop', 'LotV Multiplayer']
[ERROR]: C used for command TorrasqueChrysalis/HotSTorrasque, in seed TheCore LiteRehab contexts=['HotS Campaign']
[ERROR]: C used for command TorrasqueChrysalis/HotSTorrasqueBurrowed, in seed TheCore LiteRehab contexts=['HotS Campaign']
[ERROR]: G used for command Ultralisk/Larva, in seed TheCore LiteRehab contexts=['WoL Campaign', 'LotV Multiplayer', 'Coop']
[ERROR]: V used for command UpgradeBuildingArmorLevel1/EngineeringBay, in seed TheCore LiteRehab contexts=['LotV Multiplayer', 'Coop']
[ERROR]: C used for command VoidDarkTemplarShadowFury/DarkTemplarShakuras, in seed TheCore LiteRehab contexts=['Coop']
[ERROR]: C used for command VoidHighTemplarMindBlast/HighTemplarTaldarim, in seed TheCore LiteRehab contexts=['Coop']
[ERROR]: V used for command VoidRay/Stargate, in seed TheCore LiteRehab contexts=['Coop', 'HotS Campaign', 'LotV Campaign']
[ERROR]: V used for command VoidRay/StargateWarp, in seed TheCore LiteRehab contexts=['LotV Campaign', 'Coop']
[ERROR]: V used for command VoidRayHallucination/Sentry, in seed TheCore LiteRehab contexts=['LotV Multiplayer']
[ERROR]: C used for command VoidRaySwarmDamageBoost/VoidRay, in seed TheCore LiteRehab contexts=['LotV Multiplayer']
[ERROR]: C used for command VoidSentryChronoBeam/SentryPurifier, in seed TheCore LiteRehab contexts=['Coop']
[ERROR]: F used for command VoidSentryMobileMode/SentryPurifier, in seed TheCore LiteRehab contexts=['Coop']
[ERROR]: F used for command VoidSentryShieldRepair/Sentry, in seed TheCore LiteRehab contexts=['Coop']
[ERROR]: F used for command VoidSentryShieldRepairDouble/SentryAiur, in seed TheCore LiteRehab contexts=['Coop']
[ERROR]: C used for command VoidShadowGuardShadowFury/VorazunShadowGuard, in seed TheCore LiteRehab contexts=['Coop']
[ERROR]: C used for command VoidShieldCapacitor/FenixChampion, in seed TheCore LiteRehab contexts=['LotV Campaign']
[ERROR]: C used for command VoidSwarmHostSpawnLocust/SwarmHostBurrowedMP, in seed TheCore LiteRehab contexts=['LotV Multiplayer']
[ERROR]: C used for command VoidZealotShadowChargeStun/ZealotShakuras, in seed TheCore LiteRehab contexts=['Coop']
[ERROR]: G used for command Vulture/Factory, in seed TheCore LiteRehab contexts=['WoL Campaign', 'LotV Campaign', 'LotV Prologue']
[ERROR]: D used for command WarHound/Factory, in seed TheCore LiteRehab contexts=['HotS Campaign', 'LotV Prologue']
[ERROR]: G used for command WarpInAdept/Gateway, in seed TheCore LiteRehab contexts=['LotV Multiplayer']
[ERROR]: G used for command WarpInAdept/WarpGate, in seed TheCore LiteRehab contexts=['LotV Multiplayer']
[ERROR]: C used for command WarpInDarkArchonChampion/TwilightCouncil, in seed TheCore LiteRehab contexts=['LotV Campaign']
[ERROR]: F used for command WarpInFenixChampion/TwilightCouncil, in seed TheCore LiteRehab contexts=['LotV Campaign']
[ERROR]: F used for command WarpInScout/Stargate, in seed TheCore LiteRehab contexts=['HotS Campaign']
[ERROR]: V used for command WarpInVulcanChampion/TwilightCouncil, in seed TheCore LiteRehab contexts=['LotV Campaign']
[ERROR]: F used for command WarpPrism/RoboticsFacility, in seed TheCore LiteRehab contexts=['LotV Multiplayer']
[ERROR]: F used for command WarpPrismHallucination/Sentry, in seed TheCore LiteRehab contexts=['LotV Multiplayer']
[ERROR]: D used for command WarpinDisruptor/RoboticsFacility, in seed TheCore LiteRehab contexts=['LotV Multiplayer']
[ERROR]: D used for command WidowMine/Factory, in seed TheCore LiteRehab contexts=['LotV Multiplayer', 'Coop']
[ERROR]: C used for command WildMutation/K5Kerrigan, in seed TheCore LiteRehab contexts=['LotV Campaign']
[ERROR]: C used for command WildMutation/K5KerriganBurrowed, in seed TheCore LiteRehab contexts=['LotV Campaign']
[ERROR]: C used for command WildMutation/KerriganVoid, in seed TheCore LiteRehab contexts=['LotV Campaign']
[ERROR]: C used for command WildMutation/KerriganVoidBurrowed, in seed TheCore LiteRehab contexts=['LotV Campaign']
[ERROR]: C used for command Wraith/Starport, in seed TheCore LiteRehab contexts=['Coop', 'WoL Campaign']
[ERROR]: C used for command YamatoGun, in seed TheCore LiteRehab contexts=['WoL Campaign', 'Coop']
[ERROR]: D used for command ZagaraVoidCoopBanelingSpawner/BanelingNest, in seed TheCore LiteRehab contexts=['Coop']
[ERROR]: D used for command ZagaraVoidCoopNydusWorm/NydusNetwork, in seed TheCore LiteRehab contexts=['Coop']
[ERROR]: C used for command ZagaraVoidCoopSpawnHunterKillers/ZagaraVoidCoop, in seed TheCore LiteRehab contexts=['Coop']
[ERROR]: C used for command ZagaraVoidCoopSpawnHunterKillers/ZagaraVoidCoopBurrowed, in seed TheCore LiteRehab contexts=['Coop']
[ERROR]: D used for command Zealot, in seed TheCore LiteRehab contexts=['LotV Multiplayer', 'Coop']
[ERROR]: T used for command ZealotHallucination/Sentry, in seed TheCore LiteRehab contexts=['LotV Multiplayer']
[ERROR]: D used for command Zergling/Larva, in seed TheCore LiteRehab contexts=['WoL Campaign', 'LotV Multiplayer', 'Coop']
[ERROR]: G used for command hydraliskspeed/HydraliskDen, in seed TheCore LiteRehab contexts=['LotV Campaign', 'LotV Multiplayer', 'HotS Multiplayer']
[ERROR]: G used for command hydraliskspeed/LurkerDenMP, in seed TheCore LiteRehab contexts=['LotV Multiplayer']
[ERROR]: C used for command overlordspeed, in seed TheCore LiteRehab contexts=['Coop', 'LotV Campaign', 'LotV Prologue']
[ERROR]: D used for command zergflyerattack1, in seed TheCore LiteRehab contexts=['Coop', 'LotV Multiplayer']
[ERROR]: D used for command zerglingattackspeed/SpawningPool, in seed TheCore LiteRehab contexts=['Coop']
[ERROR]: C used for command zerglingmovementspeed/SpawningPool, in seed TheCore LiteRehab contexts=['Coop']
[ERROR]: D used for command zergmeleeweapons1/EvolutionChamber, in seed TheCore LiteRehab contexts=['Coop']
[ERROR]: C used for command 250mmStrikeCannons/Thor, in seed TheCore LiteMonitor contexts=['Coop']
[ERROR]: C used for command 250mmStrikeCannons/ThorWreckageSwann, in seed TheCore LiteMonitor contexts=['Coop']
[ERROR]: C used for command AdeptPhaseShift/Adept, in seed TheCore LiteMonitor contexts=['LotV Multiplayer']
[ERROR]: D used for command AnionPulseCrystals/FleetBeacon, in seed TheCore LiteMonitor contexts=['Coop', 'LotV Multiplayer']
[ERROR]: F used for command Arbiter/Stargate, in seed TheCore LiteMonitor contexts=['Coop']
[ERROR]: F used for command Arbiter/StargateWarp, in seed TheCore LiteMonitor contexts=['Coop']
[ERROR]: F used for command ArbiterMPStasisField/ArbiterMP, in seed TheCore LiteMonitor contexts=['Coop']
[ERROR]: D used for command Attack, in seed TheCore LiteMonitor contexts=['Coop', 'LotV Campaign', 'HotS Campaign', 'LotV Multiplayer', 'HotS Multiplayer', 'Left2Die', 'LotV Prologue', 'WoL Campaign']
[ERROR]: T used for command BanelingNest/Drone, in seed TheCore LiteMonitor contexts=['Coop']
[ERROR]: D used for command BansheeSpeed/StarportTechLab, in seed TheCore LiteMonitor contexts=['LotV Multiplayer']
[ERROR]: G used for command Battlecruiser/Starport, in seed TheCore LiteMonitor contexts=['LotV Multiplayer', 'LotV Prologue', 'Coop', 'HotS Campaign', 'WoL Campaign']
[ERROR]: C used for command BlindingCloud/Viper, in seed TheCore LiteMonitor contexts=['LotV Multiplayer']
[ERROR]: C used for command Brutalisk/Larva, in seed TheCore LiteMonitor contexts=['Coop']
[ERROR]: C used for command BuildCreepTumor/Queen, in seed TheCore LiteMonitor contexts=['LotV Campaign', 'LotV Multiplayer']
[ERROR]: C used for command BuildCreepTumor/QueenCoop, in seed TheCore LiteMonitor contexts=['Coop']
[ERROR]: C used for command BuildCreepTumorPropagate/CreepTumorBurrowed, in seed TheCore LiteMonitor contexts=['LotV Multiplayer']
[ERROR]: C used for command BuildCyclone/Factory, in seed TheCore LiteMonitor contexts=['LotV Multiplayer', 'Coop']
[ERROR]: V used for command BuildKelMorianRocketTurret/SCV, in seed TheCore LiteMonitor contexts=['Coop']
[ERROR]: G used for command Bunker/SCV, in seed TheCore LiteMonitor contexts=['WoL Campaign', 'Coop']
[ERROR]: G used for command Carrier/Stargate, in seed TheCore LiteMonitor contexts=['HotS Campaign', 'LotV Campaign']
[ERROR]: G used for command Carrier/StargateWarp, in seed TheCore LiteMonitor contexts=['LotV Campaign']
[ERROR]: C used for command CausticSpray/Corruptor, in seed TheCore LiteMonitor contexts=['LotV Multiplayer']
[ERROR]: C used for command ChannelSnipe/Ghost, in seed TheCore LiteMonitor contexts=['LotV Multiplayer']
[ERROR]: C used for command Colossus/RoboticsFacility, in seed TheCore LiteMonitor contexts=['Coop', 'LotV Multiplayer']
[ERROR]: C used for command Colossus/RoboticsFacilityWarp, in seed TheCore LiteMonitor contexts=['Coop']
[ERROR]: C used for command ColossusHallucination/Sentry, in seed TheCore LiteMonitor contexts=['LotV Multiplayer']
[ERROR]: C used for command CommandCenter/SCV, in seed TheCore LiteMonitor contexts=['Coop', 'WoL Campaign']
[ERROR]: C used for command CommandCenterOrbRelay/SCV, in seed TheCore LiteMonitor contexts=['WoL Campaign']
[ERROR]: C used for command Consume/GiantYeti, in seed TheCore LiteMonitor contexts=['HotS Campaign']
[ERROR]: C used for command Consume/Lyote, in seed TheCore LiteMonitor contexts=['HotS Campaign']
[ERROR]: C used for command Consumption/Tosh, in seed TheCore LiteMonitor contexts=['LotV Campaign']
[ERROR]: C used for command Contaminate/Overseer, in seed TheCore LiteMonitor contexts=['LotV Multiplayer']
[ERROR]: C used for command CorruptionAbility/Corruptor, in seed TheCore LiteMonitor contexts=['Coop']
[ERROR]: C used for command Corruptor/Larva, in seed TheCore LiteMonitor contexts=['LotV Multiplayer']
[ERROR]: C used for command CreepTumor/QueenClassic, in seed TheCore LiteMonitor contexts=['LotV Campaign']
[ERROR]: G used for command CyberneticsCore/Probe, in seed TheCore LiteMonitor contexts=['Coop']
[ERROR]: G used for command DarkArchon/Gateway, in seed TheCore LiteMonitor contexts=['Coop']
[ERROR]: G used for command DarkArchon/WarpGate, in seed TheCore LiteMonitor contexts=['Coop']
[ERROR]: F used for command DarkArchonConfusion/DarkArchon, in seed TheCore LiteMonitor contexts=['Coop']
[ERROR]: F used for command DarkShrine/Probe, in seed TheCore LiteMonitor contexts=['LotV Multiplayer']
[ERROR]: F used for command DarkTemplar, in seed TheCore LiteMonitor contexts=['LotV Multiplayer', 'Coop']
[ERROR]: F used for command DeepTunnel/Queen, in seed TheCore LiteMonitor contexts=['LotV Campaign']
[ERROR]: C used for command DehakaMirrorImage/Dehaka, in seed TheCore LiteMonitor contexts=['LotV Campaign']
[ERROR]: C used for command DetonateScourge/Scourge, in seed TheCore LiteMonitor contexts=['Coop']
[ERROR]: D used for command Diamondback/Factory, in seed TheCore LiteMonitor contexts=['WoL Campaign', 'LotV Campaign', 'LotV Prologue']
[ERROR]: C used for command DisablingCloud/Viper, in seed TheCore LiteMonitor contexts=['Coop']
[ERROR]: F used for command EnableBuildingAttackScourge/Scourge, in seed TheCore LiteMonitor contexts=['Coop']
[ERROR]: D used for command EvolveAdaptivePlating/RoachWarren, in seed TheCore LiteMonitor contexts=['Coop']
[ERROR]: C used for command EvolveAncillaryCarapace/HydraliskDen, in seed TheCore LiteMonitor contexts=['Coop']
[ERROR]: C used for command EvolveAncillaryCarapace/ImpalerDen, in seed TheCore LiteMonitor contexts=['Coop']
[ERROR]: C used for command EvolveAncillaryCarapace/LurkerDen, in seed TheCore LiteMonitor contexts=['Coop']
[ERROR]: F used for command EvolveBanelingCorrosiveBile/BanelingNest, in seed TheCore LiteMonitor contexts=['Coop']
[ERROR]: G used for command EvolveBileLauncherBombardmentCooldown/SpawningPool, in seed TheCore LiteMonitor contexts=['Coop']
[ERROR]: C used for command EvolveBroodLordSpeed/GreaterSpire, in seed TheCore LiteMonitor contexts=['Coop']
[ERROR]: C used for command EvolveBroodLordSpeed/Spire, in seed TheCore LiteMonitor contexts=['Coop']
[ERROR]: C used for command EvolveCentrificalHooks/BanelingNest, in seed TheCore LiteMonitor contexts=['Coop']
[ERROR]: G used for command EvolveChitinousPlating/UltraliskCavern, in seed TheCore LiteMonitor contexts=['Coop', 'WoL Campaign']
[ERROR]: F used for command EvolveFrenzy/HydraliskDen, in seed TheCore LiteMonitor contexts=['Coop']
[ERROR]: F used for command EvolveFrenzy/ImpalerDen, in seed TheCore LiteMonitor contexts=['Coop']
[ERROR]: F used for command EvolveFrenzy/LurkerDen, in seed TheCore LiteMonitor contexts=['Coop']
[ERROR]: C used for command EvolveGlialRegeneration/RoachWarren, in seed TheCore LiteMonitor contexts=['Coop']
[ERROR]: F used for command EvolveHardenedCarapace/SpawningPool, in seed TheCore LiteMonitor contexts=['Coop']
[ERROR]: F used for command EvolveHydriodicBile/RoachWarren, in seed TheCore LiteMonitor contexts=['Coop']
[ERROR]: C used for command EvolveK5ChainLightning/EvolutionChamber, in seed TheCore LiteMonitor contexts=['Coop']
[ERROR]: F used for command EvolveKerriganHeroicFortitude/EvolutionChamber, in seed TheCore LiteMonitor contexts=['Coop']
[ERROR]: G used for command EvolveScourgeGasCostReduction/ScourgeNest, in seed TheCore LiteMonitor contexts=['Coop']
[ERROR]: F used for command EvolveSunderingGlave/GreaterSpire, in seed TheCore LiteMonitor contexts=['Coop']
[ERROR]: F used for command EvolveSunderingGlave/Spire, in seed TheCore LiteMonitor contexts=['Coop']
[ERROR]: C used for command EvolveTissueAssimilation/UltraliskCavern, in seed TheCore LiteMonitor contexts=['Coop']
[ERROR]: V used for command EvolveVentralSacks, in seed TheCore LiteMonitor contexts=['Coop', 'LotV Campaign', 'LotV Prologue']
[ERROR]: V used for command EvolveViciousGlaive/GreaterSpire, in seed TheCore LiteMonitor contexts=['Coop']
[ERROR]: V used for command EvolveViciousGlaive/Spire, in seed TheCore LiteMonitor contexts=['Coop']
[ERROR]: C used for command ExperimentalPlasmaGun/Raynor, in seed TheCore LiteMonitor contexts=['LotV Campaign']
[ERROR]: C used for command Explode/Baneling, in seed TheCore LiteMonitor contexts=['LotV Multiplayer']
[ERROR]: C used for command Explode/BanelingBurrowed, in seed TheCore LiteMonitor contexts=['LotV Multiplayer']
[ERROR]: C used for command Explode/HotSHunter, in seed TheCore LiteMonitor contexts=['HotS Campaign']
[ERROR]: C used for command Explode/HotSHunterBurrowed, in seed TheCore LiteMonitor contexts=['HotS Campaign']
[ERROR]: C used for command Explode/HotSSplitterlingBig, in seed TheCore LiteMonitor contexts=['HotS Campaign']
[ERROR]: D used for command Factory/SCV, in seed TheCore LiteMonitor contexts=['Coop']
[ERROR]: F used for command Feedback/Archon, in seed TheCore LiteMonitor contexts=['Coop']
[ERROR]: C used for command Feedback/HighArchonTemplar, in seed TheCore LiteMonitor contexts=['Coop']
[ERROR]: C used for command Feedback/HighTemplar, in seed TheCore LiteMonitor contexts=['LotV Multiplayer']
[ERROR]: V used for command Firebat/Barracks, in seed TheCore LiteMonitor contexts=['LotV Prologue', 'Coop', 'HotS Campaign']
[ERROR]: G used for command FleetBeacon/Probe, in seed TheCore LiteMonitor contexts=['LotV Multiplayer']
[ERROR]: C used for command ForceField/Sentry, in seed TheCore LiteMonitor contexts=['LotV Multiplayer', 'Coop']
[ERROR]: G used for command FusionCore/SCV, in seed TheCore LiteMonitor contexts=['Coop']
[ERROR]: C used for command GenerateCreep/Overlord, in seed TheCore LiteMonitor contexts=['LotV Multiplayer']
[ERROR]: C used for command GravitonBeam/Phoenix, in seed TheCore LiteMonitor contexts=['LotV Multiplayer']
[ERROR]: C used for command GravitonBeam/Urun, in seed TheCore LiteMonitor contexts=['LotV Prologue']
[ERROR]: C used for command GravitonBeamVoidCampaign/PhoenixPurifier, in seed TheCore LiteMonitor contexts=['Coop']
[ERROR]: F used for command Halt, in seed TheCore LiteMonitor contexts=['LotV Multiplayer']
[ERROR]: C used for command Hatchery/Drone, in seed TheCore LiteMonitor contexts=['Coop']
[ERROR]: G used for command HellionTank/Factory, in seed TheCore LiteMonitor contexts=['LotV Multiplayer', 'Coop']
[ERROR]: G used for command HireHelsAngels/MercCompound, in seed TheCore LiteMonitor contexts=['WoL Campaign', 'LotV Prologue']
[ERROR]: D used for command HireHelsAngels/Starport, in seed TheCore LiteMonitor contexts=['Coop']
[ERROR]: C used for command HunterSeekerMissile/Raven, in seed TheCore LiteMonitor contexts=['LotV Multiplayer']
[ERROR]: V used for command Hydralisk/Larva, in seed TheCore LiteMonitor contexts=['WoL Campaign', 'LotV Multiplayer', 'Coop']
[ERROR]: D used for command HydraliskDen/Drone, in seed TheCore LiteMonitor contexts=['Coop']
[ERROR]: F used for command HyperionAdvancedPDD/HyperionVoidCoop, in seed TheCore LiteMonitor contexts=['Coop']
[ERROR]: C used for command HyperionVoidCoopYamatoCannon/HyperionVoidCoop, in seed TheCore LiteMonitor contexts=['Coop']
[ERROR]: F used for command IgniteAfterburners/Banshee, in seed TheCore LiteMonitor contexts=['Coop']
[ERROR]: F used for command IgniteAfterburners/Battlecruiser, in seed TheCore LiteMonitor contexts=['Coop']
[ERROR]: F used for command IgniteAfterburners/Liberator, in seed TheCore LiteMonitor contexts=['Coop']
[ERROR]: F used for command IgniteAfterburners/SiegeTank, in seed TheCore LiteMonitor contexts=['Coop']
[ERROR]: F used for command IgniteAfterburners/VikingAssault, in seed TheCore LiteMonitor contexts=['Coop']
[ERROR]: F used for command IgniteAfterburners/Vulture, in seed TheCore LiteMonitor contexts=['Coop']
[ERROR]: C used for command ImmortalShakurasShadowCannon/ImmortalAiur, in seed TheCore LiteMonitor contexts=['Coop']
[ERROR]: C used for command ImmortalShakurasShadowCannon/ImmortalShakuras, in seed TheCore LiteMonitor contexts=['Coop']
[ERROR]: F used for command Infestor/Larva, in seed TheCore LiteMonitor contexts=['WoL Campaign', 'LotV Multiplayer', 'Coop']
[ERROR]: C used for command JackhammerConcussionGrenade/HammerSecurity, in seed TheCore LiteMonitor contexts=['Left2Die']
[ERROR]: C used for command JackhammerConcussionGrenade/Marauder, in seed TheCore LiteMonitor contexts=['Left2Die']
[ERROR]: F used for command K5Leviathan/K5Kerrigan, in seed TheCore LiteMonitor contexts=['LotV Campaign']
[ERROR]: F used for command K5Leviathan/K5KerriganBurrowed, in seed TheCore LiteMonitor contexts=['LotV Campaign']
[ERROR]: F used for command K5Leviathan/KerriganVoid, in seed TheCore LiteMonitor contexts=['LotV Campaign']
[ERROR]: F used for command K5Leviathan/KerriganVoidBurrowed, in seed TheCore LiteMonitor contexts=['LotV Campaign']
[ERROR]: C used for command KD8Charge/Reaper, in seed TheCore LiteMonitor contexts=['LotV Multiplayer']
[ERROR]: C used for command KerriganEpilogue03Heal/KerriganEpilogue03, in seed TheCore LiteMonitor contexts=['LotV Campaign']
[ERROR]: C used for command KerriganVoidCoopCrushingGripWave/K5Kerrigan, in seed TheCore LiteMonitor contexts=['Coop']
[ERROR]: C used for command KerriganVoidCoopCrushingGripWave/K5KerriganBurrowed, in seed TheCore LiteMonitor contexts=['Coop']
[ERROR]: F used for command KerriganVoidCoopEconDrop/K5Kerrigan, in seed TheCore LiteMonitor contexts=['Coop']
[ERROR]: F used for command KerriganVoidCoopEconDrop/K5KerriganBurrowed, in seed TheCore LiteMonitor contexts=['Coop']
[ERROR]: C used for command KerriganVoidSpawnBanelings/KerriganVoidUlnar02, in seed TheCore LiteMonitor contexts=['LotV Campaign']
[ERROR]: V used for command KhaydarinMonolith/Probe, in seed TheCore LiteMonitor contexts=['Coop']
[ERROR]: F used for command Land, in seed TheCore LiteMonitor contexts=['WoL Campaign', 'LotV Multiplayer']
[ERROR]: C used for command Liberator/Starport, in seed TheCore LiteMonitor contexts=['LotV Multiplayer']
[ERROR]: C used for command LiberatorAGMode/Liberator, in seed TheCore LiteMonitor contexts=['Coop', 'LotV Multiplayer']
[ERROR]: F used for command Lift, in seed TheCore LiteMonitor contexts=['LotV Multiplayer', 'WoL Campaign', 'LotV Prologue', 'Coop', 'HotS Campaign', 'LotV Campaign']
[ERROR]: C used for command LockOn/Cyclone, in seed TheCore LiteMonitor contexts=['Coop']
[ERROR]: C used for command Lower/SupplyDepot, in seed TheCore LiteMonitor contexts=['LotV Multiplayer']
[ERROR]: F used for command LurkerHoldFire/LurkerBurrowed, in seed TheCore LiteMonitor contexts=['Coop']
[ERROR]: F used for command LurkerHoldFire/LurkerMPBurrowed, in seed TheCore LiteMonitor contexts=['LotV Multiplayer']
[ERROR]: D used for command Marauder/Barracks, in seed TheCore LiteMonitor contexts=['LotV Multiplayer', 'LotV Prologue', 'Coop', 'HotS Campaign']
[ERROR]: F used for command MassRoachDrop/ZagaraVoidCoop, in seed TheCore LiteMonitor contexts=['Coop']
[ERROR]: F used for command MassRoachDrop/ZagaraVoidCoopBurrowed, in seed TheCore LiteMonitor contexts=['Coop']
[ERROR]: D used for command Medivac/Starport, in seed TheCore LiteMonitor contexts=['LotV Multiplayer', 'LotV Prologue', 'HotS Campaign', 'WoL Campaign']
[ERROR]: C used for command MindControl/HiveMindEmulator, in seed TheCore LiteMonitor contexts=['LotV Campaign']
[ERROR]: F used for command MissilePods/Battlecruiser, in seed TheCore LiteMonitor contexts=['WoL Campaign']
[ERROR]: F used for command MissilePods/DukesRevenge, in seed TheCore LiteMonitor contexts=['WoL Campaign']
[ERROR]: F used for command MissileTurret/SCV, in seed TheCore LiteMonitor contexts=['WoL Campaign', 'Coop']
[ERROR]: F used for command MorphtoOverlordTransport/Overlord, in seed TheCore LiteMonitor contexts=['LotV Multiplayer']
[ERROR]: C used for command MothershipCoreWeapon/Mothership, in seed TheCore LiteMonitor contexts=['LotV Multiplayer']
[ERROR]: C used for command MothershipCoreWeapon/MothershipCore, in seed TheCore LiteMonitor contexts=['LotV Multiplayer']
[ERROR]: G used for command MoveHoldPosition, in seed TheCore LiteMonitor contexts=['Coop', 'LotV Campaign', 'HotS Campaign', 'LotV Multiplayer', 'HotS Multiplayer', 'WoL Campaign', 'Left2Die', 'LotV Prologue']
[ERROR]: T used for command MovePatrol, in seed TheCore LiteMonitor contexts=['Coop', 'LotV Campaign', 'HotS Campaign', 'LotV Multiplayer', 'HotS Multiplayer', 'WoL Campaign', 'Left2Die', 'LotV Prologue']
[ERROR]: C used for command MuscularAugments/HydraliskDen, in seed TheCore LiteMonitor contexts=['HotS Multiplayer']
[ERROR]: T used for command Mutalisk/Larva, in seed TheCore LiteMonitor contexts=['WoL Campaign', 'LotV Multiplayer', 'Coop']
[ERROR]: D used for command MutateintoLurkerDen/HydraliskDen, in seed TheCore LiteMonitor contexts=['LotV Multiplayer']
[ERROR]: C used for command NPSwarm/Infestor, in seed TheCore LiteMonitor contexts=['HotS Campaign']
[ERROR]: C used for command NeuralParasite/Infestor, in seed TheCore LiteMonitor contexts=['LotV Multiplayer']
[ERROR]: C used for command Nexus/Probe, in seed TheCore LiteMonitor contexts=['Coop']
[ERROR]: C used for command NovaSnipe/Nova, in seed TheCore LiteMonitor contexts=['LotV Campaign']
[ERROR]: F used for command NydusNetwork/Drone, in seed TheCore LiteMonitor contexts=['Coop']
[ERROR]: C used for command Obliterate/Spectre, in seed TheCore LiteMonitor contexts=['LotV Campaign']
[ERROR]: C used for command OdinBarrage/Odin, in seed TheCore LiteMonitor contexts=['WoL Campaign']
[ERROR]: D used for command OracleAttack, in seed TheCore LiteMonitor contexts=['LotV Multiplayer']
[ERROR]: C used for command OracleBuildStasisTrap/Oracle, in seed TheCore LiteMonitor contexts=['LotV Multiplayer']
[ERROR]: F used for command OracleWeaponOff/Oracle, in seed TheCore LiteMonitor contexts=['LotV Multiplayer', 'HotS Multiplayer']
[ERROR]: D used for command OrbitalCommand/CommandCenter, in seed TheCore LiteMonitor contexts=['Coop', 'LotV Multiplayer']
[ERROR]: C used for command ParasiticInvasion/LarvalQueen, in seed TheCore LiteMonitor contexts=['LotV Campaign']
[ERROR]: D used for command Phoenix/Stargate, in seed TheCore LiteMonitor contexts=['Coop', 'HotS Campaign', 'LotV Campaign']
[ERROR]: D used for command Phoenix/StargateWarp, in seed TheCore LiteMonitor contexts=['LotV Campaign', 'Coop']
[ERROR]: D used for command PhoenixHallucination/Sentry, in seed TheCore LiteMonitor contexts=['LotV Multiplayer']
[ERROR]: F used for command PhotonCannon/Probe, in seed TheCore LiteMonitor contexts=['Coop']
[ERROR]: C used for command PrologueVoidArmor/PrologueZeratul, in seed TheCore LiteMonitor contexts=['LotV Prologue']
[ERROR]: C used for command PrologueVoidArmor/ZeratulVoidAiur01, in seed TheCore LiteMonitor contexts=['LotV Campaign']
[ERROR]: D used for command ProtossAirWeaponsLevel1/CyberneticsCore, in seed TheCore LiteMonitor contexts=['LotV Campaign']
[ERROR]: D used for command ProtossGroundWeaponsLevel1/Forge, in seed TheCore LiteMonitor contexts=['Coop']
[ERROR]: C used for command PurificationNovaTargeted/Disruptor, in seed TheCore LiteMonitor contexts=['LotV Multiplayer']
[ERROR]: D used for command Pylon/Probe, in seed TheCore LiteMonitor contexts=['Coop']
[ERROR]: G used for command RallyEgg, in seed TheCore LiteMonitor contexts=['Coop', 'LotV Campaign', 'LotV Prologue']
[ERROR]: C used for command RapidIncubation/SwarmHost, in seed TheCore LiteMonitor contexts=['HotS Campaign']
[ERROR]: C used for command RapidIncubation/SwarmHostBurrowed, in seed TheCore LiteMonitor contexts=['HotS Campaign']
[ERROR]: C used for command RapidIncubation/SwarmHostRooted, in seed TheCore LiteMonitor contexts=['HotS Campaign']
[ERROR]: C used for command RapidIncubation/SwarmHostSplitA, in seed TheCore LiteMonitor contexts=['HotS Campaign']
[ERROR]: C used for command RapidIncubation/SwarmHostSplitARooted, in seed TheCore LiteMonitor contexts=['HotS Campaign']
[ERROR]: C used for command RapidIncubation/SwarmHostSplitB, in seed TheCore LiteMonitor contexts=['HotS Campaign']
[ERROR]: C used for command RapidIncubation/SwarmHostSplitBBurrowed, in seed TheCore LiteMonitor contexts=['HotS Campaign']
[ERROR]: C used for command RapidIncubation/SwarmHostSplitBRooted, in seed TheCore LiteMonitor contexts=['HotS Campaign']
[ERROR]: C used for command RavagerCorrosiveBile/Ravager, in seed TheCore LiteMonitor contexts=['LotV Multiplayer']
[ERROR]: V used for command Raven/Starport, in seed TheCore LiteMonitor contexts=['LotV Multiplayer', 'LotV Prologue', 'HotS Campaign', 'WoL Campaign']
[ERROR]: C used for command RaynorSnipe/RaynorCommando, in seed TheCore LiteMonitor contexts=['LotV Campaign']
[ERROR]: C used for command Reaper/Barracks, in seed TheCore LiteMonitor contexts=['LotV Multiplayer', 'LotV Prologue', 'Coop', 'HotS Campaign']
[ERROR]: C used for command ReaperSpeed/BarracksTechLab, in seed TheCore LiteMonitor contexts=['LotV Prologue']
[ERROR]: C used for command ReaperSpeed/BarracksTechReactor, in seed TheCore LiteMonitor contexts=['LotV Campaign']
[ERROR]: C used for command ReaperSpeed/MercCompound, in seed TheCore LiteMonitor contexts=['LotV Prologue']
[ERROR]: C used for command Repair, in seed TheCore LiteMonitor contexts=['LotV Multiplayer']
[ERROR]: C used for command Research330mmBarrageCannon/FactoryTechLab, in seed TheCore LiteMonitor contexts=['Coop']
[ERROR]: C used for command Research330mmBarrageCannon/FactoryTechReactor, in seed TheCore LiteMonitor contexts=['Coop']
[ERROR]: F used for command ResearchBallisticRange/StarportTechLab, in seed TheCore LiteMonitor contexts=['LotV Multiplayer']
[ERROR]: C used for command ResearchBansheeCloak/StarportTechLab, in seed TheCore LiteMonitor contexts=['Coop', 'LotV Multiplayer', 'LotV Campaign']
[ERROR]: C used for command ResearchBansheeCloak/StarportTechReactor, in seed TheCore LiteMonitor contexts=['Coop', 'LotV Campaign']
[ERROR]: C used for command ResearchBattlecruiserSpecializations/FusionCore, in seed TheCore LiteMonitor contexts=['LotV Multiplayer']
[ERROR]: C used for command ResearchCerberusMines/FactoryTechLab, in seed TheCore LiteMonitor contexts=['Left2Die']
[ERROR]: D used for command ResearchCharge/TwilightCouncil, in seed TheCore LiteMonitor contexts=['Coop', 'LotV Multiplayer', 'LotV Campaign']
[ERROR]: C used for command ResearchDarkArchonMindControl/DarkShrine, in seed TheCore LiteMonitor contexts=['Coop']
[ERROR]: C used for command ResearchDoubleGravitonBeam/FleetBeacon, in seed TheCore LiteMonitor contexts=['Coop']
[ERROR]: D used for command ResearchDrillClaws/FactoryTechLab, in seed TheCore LiteMonitor contexts=['LotV Multiplayer']
[ERROR]: V used for command ResearchDurableMaterials/StarportTechLab, in seed TheCore LiteMonitor contexts=['LotV Campaign']
[ERROR]: V used for command ResearchDurableMaterials/StarportTechReactor, in seed TheCore LiteMonitor contexts=['LotV Campaign']
[ERROR]: C used for command ResearchExtendedThermalLance/RoboticsBay, in seed TheCore LiteMonitor contexts=['LotV Multiplayer', 'Coop']
[ERROR]: C used for command ResearchFireSuppression/ScienceFacility, in seed TheCore LiteMonitor contexts=['Left2Die']
[ERROR]: C used for command ResearchFireSuppressionSystems/EngineeringBay, in seed TheCore LiteMonitor contexts=['Coop']
[ERROR]: V used for command ResearchFirebat/ScienceFacility, in seed TheCore LiteMonitor contexts=['Left2Die']
[ERROR]: C used for command ResearchG4Charge/BarracksTechLab, in seed TheCore LiteMonitor contexts=['Left2Die']
[ERROR]: G used for command ResearchGoliath/ScienceFacility, in seed TheCore LiteMonitor contexts=['Left2Die']
[ERROR]: V used for command ResearchHighCapacityBarrels/FactoryTechLab, in seed TheCore LiteMonitor contexts=['Coop', 'Left2Die', 'LotV Multiplayer', 'LotV Campaign']
[ERROR]: V used for command ResearchHighCapacityBarrels/FactoryTechReactor, in seed TheCore LiteMonitor contexts=['LotV Campaign', 'Coop']
[ERROR]: D used for command ResearchHighTemplarEnergyUpgrade/TemplarArchive, in seed TheCore LiteMonitor contexts=['Coop']
[ERROR]: D used for command ResearchJackhammerConcussionGrenade/BarracksTechLab, in seed TheCore LiteMonitor contexts=['Left2Die']
[ERROR]: C used for command ResearchKaraxTurretAttackSpeed/Forge, in seed TheCore LiteMonitor contexts=['Coop']
[ERROR]: V used for command ResearchLurkerRange/HydraliskDen, in seed TheCore LiteMonitor contexts=['Coop']
[ERROR]: F used for command ResearchMedic/ScienceFacility, in seed TheCore LiteMonitor contexts=['Left2Die']
[ERROR]: D used for command ResearchMedivacEnergyUpgrade/StarportTechLab, in seed TheCore LiteMonitor contexts=['LotV Campaign']
[ERROR]: D used for command ResearchMedivacEnergyUpgrade/StarportTechReactor, in seed TheCore LiteMonitor contexts=['LotV Campaign']
[ERROR]: F used for command ResearchNeuralParasite/InfestationPit, in seed TheCore LiteMonitor contexts=['HotS Multiplayer']
[ERROR]: D used for command ResearchPerditionTurret/ScienceFacility, in seed TheCore LiteMonitor contexts=['Left2Die']
[ERROR]: C used for command ResearchPersonalCloaking/GhostAcademy, in seed TheCore LiteMonitor contexts=['Coop']
[ERROR]: D used for command ResearchPhobosClassWeaponsSystem/StarportTechLab, in seed TheCore LiteMonitor contexts=['Coop']
[ERROR]: D used for command ResearchPhobosClassWeaponsSystem/StarportTechReactor, in seed TheCore LiteMonitor contexts=['Coop']
[ERROR]: D used for command ResearchPunisherGrenades/BarracksTechLab, in seed TheCore LiteMonitor contexts=['LotV Prologue', 'Coop']
[ERROR]: D used for command ResearchPunisherGrenades/BarracksTechReactor, in seed TheCore LiteMonitor contexts=['Coop']
[ERROR]: C used for command ResearchReaverIncreasedScarabCount/RoboticsBay, in seed TheCore LiteMonitor contexts=['Coop']
[ERROR]: F used for command ResearchReaverIncreasedScarabSplashRadius/RoboticsBay, in seed TheCore LiteMonitor contexts=['Coop']
[ERROR]: C used for command ResearchSOAOrbitalStrikeUpgrade/SolarForge, in seed TheCore LiteMonitor contexts=['Coop']
[ERROR]: D used for command ResearchSOASolarLanceUpgrade/SolarForge, in seed TheCore LiteMonitor contexts=['Coop']
[ERROR]: C used for command ResearchStrikeCannons/FactoryTechLab, in seed TheCore LiteMonitor contexts=['LotV Campaign']
[ERROR]: V used for command ResearchStructureBarrier/Forge, in seed TheCore LiteMonitor contexts=['Coop']
[ERROR]: F used for command ResearchTempestDisintegration/FleetBeacon, in seed TheCore LiteMonitor contexts=['Coop']
[ERROR]: D used for command ResearchVoidRaySpeedUpgrade/FleetBeacon, in seed TheCore LiteMonitor contexts=['WoL Campaign']
[ERROR]: V used for command ResearchVoidStasis/DarkShrine, in seed TheCore LiteMonitor contexts=['Coop']
[ERROR]: G used for command ResearchWarpGate/CyberneticsCore, in seed TheCore LiteMonitor contexts=['LotV Campaign']
[ERROR]: F used for command ResearchWhirlwind/TwilightCouncil, in seed TheCore LiteMonitor contexts=['Coop']
[ERROR]: D used for command RespawnZergling/Hatchery, in seed TheCore LiteMonitor contexts=['Coop', 'LotV Prologue']
[ERROR]: D used for command RespawnZergling/Hive, in seed TheCore LiteMonitor contexts=['LotV Campaign', 'Coop']
[ERROR]: D used for command RespawnZergling/Lair, in seed TheCore LiteMonitor contexts=['LotV Prologue', 'Coop']
[ERROR]: C used for command RoboticsBay/Probe, in seed TheCore LiteMonitor contexts=['LotV Multiplayer']
[ERROR]: D used for command RoboticsFacility/Probe, in seed TheCore LiteMonitor contexts=['LotV Multiplayer']
[ERROR]: F used for command SJHyperionFighters/SJHyperion, in seed TheCore LiteMonitor contexts=['LotV Campaign']
[ERROR]: C used for command SJHyperionYamato/SJHyperion, in seed TheCore LiteMonitor contexts=['LotV Campaign']
[ERROR]: C used for command Scan/CommandCenter, in seed TheCore LiteMonitor contexts=['WoL Campaign']
[ERROR]: C used for command Scan/OrbitalCommand, in seed TheCore LiteMonitor contexts=['LotV Multiplayer']
[ERROR]: C used for command ScourgeNest/Drone, in seed TheCore LiteMonitor contexts=['Coop']
[ERROR]: T used for command SelectBuilder, in seed TheCore LiteMonitor contexts=['LotV Multiplayer', 'WoL Campaign', 'LotV Prologue', 'Coop', 'LotV Campaign', 'HotS Campaign']
[ERROR]: T used for command SensorTower/SCV, in seed TheCore LiteMonitor contexts=['WoL Campaign']
[ERROR]: C used for command Sentry, in seed TheCore LiteMonitor contexts=['LotV Multiplayer', 'Coop']
[ERROR]: F used for command SentryTaldarimForceField/Monitor, in seed TheCore LiteMonitor contexts=['Coop']
[ERROR]: C used for command SetRallyPointSwarmHost/SwarmHostBurrowedMP, in seed TheCore LiteMonitor contexts=['Coop']
[ERROR]: T used for command ShieldBattery/Probe, in seed TheCore LiteMonitor contexts=['Coop']
[ERROR]: C used for command Snipe/Ghost, in seed TheCore LiteMonitor contexts=['Coop']
[ERROR]: D used for command SpawningPool/Drone, in seed TheCore LiteMonitor contexts=['Coop']
[ERROR]: C used for command SpectreDomination/Spectre, in seed TheCore LiteMonitor contexts=['Coop']
[ERROR]: G used for command SpineCrawler/Drone, in seed TheCore LiteMonitor contexts=['Coop']
[ERROR]: F used for command SporeCrawler/Drone, in seed TheCore LiteMonitor contexts=['Coop']
[ERROR]: G used for command StalkerHallucination/Sentry, in seed TheCore LiteMonitor contexts=['LotV Multiplayer']
[ERROR]: V used for command Stop, in seed TheCore LiteMonitor contexts=['Coop', 'LotV Campaign', 'HotS Campaign', 'LotV Multiplayer', 'HotS Multiplayer', 'WoL Campaign', 'Left2Die', 'LotV Prologue']
[ERROR]: C used for command StukovBossBlast/InfestedStukov, in seed TheCore LiteMonitor contexts=['LotV Campaign']
[ERROR]: D used for command SummonNydusWorm/NydusNetwork, in seed TheCore LiteMonitor contexts=['LotV Multiplayer']
[ERROR]: D used for command SupplyDepot/SCV, in seed TheCore LiteMonitor contexts=['WoL Campaign', 'Coop']
[ERROR]: D used for command SupplyDrop/OrbitalCommand, in seed TheCore LiteMonitor contexts=['LotV Multiplayer']
[ERROR]: F used for command SwannCommanderRebuild, in seed TheCore LiteMonitor contexts=['Coop']
[ERROR]: C used for command SwarmHost/SwarmHostMP, in seed TheCore LiteMonitor contexts=['LotV Multiplayer']
[ERROR]: F used for command SwarmQueenHydralisk/HugeSwarmQueen, in seed TheCore LiteMonitor contexts=['LotV Campaign']
[ERROR]: F used for command SwarmQueenHydralisk/SwarmQueenEgg, in seed TheCore LiteMonitor contexts=['Coop']
[ERROR]: C used for command SwarmQueenParasiticInvasion/HugeSwarmQueen, in seed TheCore LiteMonitor contexts=['LotV Campaign']
[ERROR]: C used for command SwarmQueenParasiticInvasion/LargeSwarmQueen, in seed TheCore LiteMonitor contexts=['LotV Campaign']
[ERROR]: C used for command SwarmQueenParasiticInvasion/SwarmQueen, in seed TheCore LiteMonitor contexts=['LotV Campaign']
[ERROR]: D used for command TempestRangeUpgrade/FleetBeacon, in seed TheCore LiteMonitor contexts=['HotS Campaign']
[ERROR]: D used for command TerranInfantryWeaponsLevel1/EngineeringBay, in seed TheCore LiteMonitor contexts=['LotV Multiplayer', 'Coop', 'WoL Campaign']
[ERROR]: D used for command TerranInfantryWeaponsUltraCapacitorsLevel1/EngineeringBay, in seed TheCore LiteMonitor contexts=['WoL Campaign']
[ERROR]: D used for command TerranInfantryWeaponsUltraCapacitorsLevel2/EngineeringBay, in seed TheCore LiteMonitor contexts=['WoL Campaign']
[ERROR]: D used for command TerranInfantryWeaponsUltraCapacitorsLevel3/EngineeringBay, in seed TheCore LiteMonitor contexts=['WoL Campaign']
[ERROR]: D used for command TerranShipWeaponsLevel1/Armory, in seed TheCore LiteMonitor contexts=['WoL Campaign', 'LotV Multiplayer', 'LotV Prologue']
[ERROR]: D used for command TerranShipWeaponsUltraCapacitorsLevel1/Armory, in seed TheCore LiteMonitor contexts=['WoL Campaign']
[ERROR]: D used for command TerranShipWeaponsUltraCapacitorsLevel2/Armory, in seed TheCore LiteMonitor contexts=['WoL Campaign']
[ERROR]: D used for command TerranShipWeaponsUltraCapacitorsLevel3/Armory, in seed TheCore LiteMonitor contexts=['WoL Campaign']
[ERROR]: D used for command TerranVehicleAndShipWeaponsLevel1/Armory, in seed TheCore LiteMonitor contexts=['Coop']
[ERROR]: V used for command TerranVehiclePlatingLevel1/Armory, in seed TheCore LiteMonitor contexts=['WoL Campaign', 'LotV Prologue']
[ERROR]: V used for command TerranVehiclePlatingVanadiumPlatingLevel1/Armory, in seed TheCore LiteMonitor contexts=['WoL Campaign']
[ERROR]: V used for command TerranVehiclePlatingVanadiumPlatingLevel2/Armory, in seed TheCore LiteMonitor contexts=['WoL Campaign']
[ERROR]: V used for command TerranVehiclePlatingVanadiumPlatingLevel3/Armory, in seed TheCore LiteMonitor contexts=['WoL Campaign']
[ERROR]: V used for command Thor/Factory, in seed TheCore LiteMonitor contexts=['WoL Campaign', 'LotV Multiplayer', 'LotV Campaign', 'Coop', 'LotV Prologue']
[ERROR]: C used for command TimeWarp/Nexus, in seed TheCore LiteMonitor contexts=['Coop', 'LotV Multiplayer']
[ERROR]: C used for command TorrasqueChrysalis/HotSTorrasque, in seed TheCore LiteMonitor contexts=['HotS Campaign']
[ERROR]: C used for command TorrasqueChrysalis/HotSTorrasqueBurrowed, in seed TheCore LiteMonitor contexts=['HotS Campaign']
[ERROR]: G used for command Ultralisk/Larva, in seed TheCore LiteMonitor contexts=['WoL Campaign', 'LotV Multiplayer', 'Coop']
[ERROR]: V used for command UpgradeBuildingArmorLevel1/EngineeringBay, in seed TheCore LiteMonitor contexts=['LotV Multiplayer', 'Coop']
[ERROR]: C used for command VoidDarkTemplarShadowFury/DarkTemplarShakuras, in seed TheCore LiteMonitor contexts=['Coop']
[ERROR]: C used for command VoidHighTemplarMindBlast/HighTemplarTaldarim, in seed TheCore LiteMonitor contexts=['Coop']
[ERROR]: V used for command VoidRay/Stargate, in seed TheCore LiteMonitor contexts=['Coop', 'HotS Campaign', 'LotV Campaign']
[ERROR]: V used for command VoidRay/StargateWarp, in seed TheCore LiteMonitor contexts=['LotV Campaign', 'Coop']
[ERROR]: V used for command VoidRayHallucination/Sentry, in seed TheCore LiteMonitor contexts=['LotV Multiplayer']
[ERROR]: C used for command VoidRaySwarmDamageBoost/VoidRay, in seed TheCore LiteMonitor contexts=['LotV Multiplayer']
[ERROR]: C used for command VoidSentryChronoBeam/SentryPurifier, in seed TheCore LiteMonitor contexts=['Coop']
[ERROR]: F used for command VoidSentryMobileMode/SentryPurifier, in seed TheCore LiteMonitor contexts=['Coop']
[ERROR]: F used for command VoidSentryShieldRepair/Sentry, in seed TheCore LiteMonitor contexts=['Coop']
[ERROR]: F used for command VoidSentryShieldRepairDouble/SentryAiur, in seed TheCore LiteMonitor contexts=['Coop']
[ERROR]: C used for command VoidShadowGuardShadowFury/VorazunShadowGuard, in seed TheCore LiteMonitor contexts=['Coop']
[ERROR]: C used for command VoidShieldCapacitor/FenixChampion, in seed TheCore LiteMonitor contexts=['LotV Campaign']
[ERROR]: C used for command VoidSwarmHostSpawnLocust/SwarmHostBurrowedMP, in seed TheCore LiteMonitor contexts=['LotV Multiplayer']
[ERROR]: C used for command VoidZealotShadowChargeStun/ZealotShakuras, in seed TheCore LiteMonitor contexts=['Coop']
[ERROR]: G used for command Vulture/Factory, in seed TheCore LiteMonitor contexts=['WoL Campaign', 'LotV Campaign', 'LotV Prologue']
[ERROR]: D used for command WarHound/Factory, in seed TheCore LiteMonitor contexts=['HotS Campaign', 'LotV Prologue']
[ERROR]: G used for command WarpInAdept/Gateway, in seed TheCore LiteMonitor contexts=['LotV Multiplayer']
[ERROR]: G used for command WarpInAdept/WarpGate, in seed TheCore LiteMonitor contexts=['LotV Multiplayer']
[ERROR]: C used for command WarpInDarkArchonChampion/TwilightCouncil, in seed TheCore LiteMonitor contexts=['LotV Campaign']
[ERROR]: F used for command WarpInFenixChampion/TwilightCouncil, in seed TheCore LiteMonitor contexts=['LotV Campaign']
[ERROR]: F used for command WarpInScout/Stargate, in seed TheCore LiteMonitor contexts=['HotS Campaign']
[ERROR]: V used for command WarpInVulcanChampion/TwilightCouncil, in seed TheCore LiteMonitor contexts=['LotV Campaign']
[ERROR]: F used for command WarpPrism/RoboticsFacility, in seed TheCore LiteMonitor contexts=['LotV Multiplayer']
[ERROR]: F used for command WarpPrismHallucination/Sentry, in seed TheCore LiteMonitor contexts=['LotV Multiplayer']
[ERROR]: D used for command WarpinDisruptor/RoboticsFacility, in seed TheCore LiteMonitor contexts=['LotV Multiplayer']
[ERROR]: D used for command WidowMine/Factory, in seed TheCore LiteMonitor contexts=['LotV Multiplayer', 'Coop']
[ERROR]: C used for command WildMutation/K5Kerrigan, in seed TheCore LiteMonitor contexts=['LotV Campaign']
[ERROR]: C used for command WildMutation/K5KerriganBurrowed, in seed TheCore LiteMonitor contexts=['LotV Campaign']
[ERROR]: C used for command WildMutation/KerriganVoid, in seed TheCore LiteMonitor contexts=['LotV Campaign']
[ERROR]: C used for command WildMutation/KerriganVoidBurrowed, in seed TheCore LiteMonitor contexts=['LotV Campaign']
[ERROR]: C used for command Wraith/Starport, in seed TheCore LiteMonitor contexts=['Coop', 'WoL Campaign']
[ERROR]: C used for command YamatoGun, in seed TheCore LiteMonitor contexts=['WoL Campaign', 'Coop']
[ERROR]: D used for command ZagaraVoidCoopBanelingSpawner/BanelingNest, in seed TheCore LiteMonitor contexts=['Coop']
[ERROR]: D used for command ZagaraVoidCoopNydusWorm/NydusNetwork, in seed TheCore LiteMonitor contexts=['Coop']
[ERROR]: C used for command ZagaraVoidCoopSpawnHunterKillers/ZagaraVoidCoop, in seed TheCore LiteMonitor contexts=['Coop']
[ERROR]: C used for command ZagaraVoidCoopSpawnHunterKillers/ZagaraVoidCoopBurrowed, in seed TheCore LiteMonitor contexts=['Coop']
[ERROR]: D used for command Zealot, in seed TheCore LiteMonitor contexts=['LotV Multiplayer', 'Coop']
[ERROR]: T used for command ZealotHallucination/Sentry, in seed TheCore LiteMonitor contexts=['LotV Multiplayer']
[ERROR]: D used for command Zergling/Larva, in seed TheCore LiteMonitor contexts=['WoL Campaign', 'LotV Multiplayer', 'Coop']
[ERROR]: G used for command hydraliskspeed/HydraliskDen, in seed TheCore LiteMonitor contexts=['LotV Campaign', 'LotV Multiplayer', 'HotS Multiplayer']
[ERROR]: G used for command hydraliskspeed/LurkerDenMP, in seed TheCore LiteMonitor contexts=['LotV Multiplayer']
[ERROR]: C used for command overlordspeed, in seed TheCore LiteMonitor contexts=['Coop', 'LotV Campaign', 'LotV Prologue']
[ERROR]: D used for command zergflyerattack1, in seed TheCore LiteMonitor contexts=['Coop', 'LotV Multiplayer']
[ERROR]: D used for command zerglingattackspeed/SpawningPool, in seed TheCore LiteMonitor contexts=['Coop']
[ERROR]: C used for command zerglingmovementspeed/SpawningPool, in seed TheCore LiteMonitor contexts=['Coop']
[ERROR]: D used for command zergmeleeweapons1/EvolutionChamber, in seed TheCore LiteMonitor contexts=['Coop']
----------------------------
Finished (command conflicts with hotkeys, within identified conflicts) - ERRORs: 862 
============================