============================
Start commands with no attached conflict (log file: MissingConflict.log)
----------------------------
[ERROR]: ActivateIbikisCannon/PlanetaryFortress not related to a conflict
in seed TheCore Lite, keys =
in seed TheCore LiteRehab, keys =
in seed TheCore LiteMonitor, keys =

[ERROR]: Aggressive/LurkerMPBurrowed not related to a conflict
in seed TheCore Lite, keys =
in seed TheCore LiteRehab, keys =
in seed TheCore LiteMonitor, keys =

[ERROR]: BattleRage/Khraxus not related to a conflict
in seed TheCore Lite, keys =
in seed TheCore LiteRehab, keys =
in seed TheCore LiteMonitor, keys =

[ERROR]: BuildScarab/Reaver not related to a conflict
in seed TheCore Lite, keys =
in seed TheCore LiteRehab, keys =
in seed TheCore LiteMonitor, keys =

[ERROR]: CreepTumor/Queen not related to a conflict
in seed TheCore Lite, keys =C
in seed TheCore LiteRehab, keys =C
in seed TheCore LiteMonitor, keys =C

[ERROR]: DarkSwarm/Infestor not related to a conflict
in seed TheCore Lite, keys =
in seed TheCore LiteRehab, keys =
in seed TheCore LiteMonitor, keys =

[ERROR]: DeepTunnel/QueenCoop not related to a conflict
in seed TheCore Lite, keys =F
in seed TheCore LiteRehab, keys =F
in seed TheCore LiteMonitor, keys =F

[ERROR]: Detonate/SpiderMine not related to a conflict
in seed TheCore Lite, keys =
in seed TheCore LiteRehab, keys =
in seed TheCore LiteMonitor, keys =

[ERROR]: EMP/ScienceVessel not related to a conflict
in seed TheCore Lite, keys =
in seed TheCore LiteRehab, keys =
in seed TheCore LiteMonitor, keys =

[ERROR]: EnrageQueen/Queen not related to a conflict
in seed TheCore Lite, keys =
in seed TheCore LiteRehab, keys =
in seed TheCore LiteMonitor, keys =

[ERROR]: EvadeObserver/Observer not related to a conflict
in seed TheCore Lite, keys =
in seed TheCore LiteRehab, keys =
in seed TheCore LiteMonitor, keys =

[ERROR]: EvolveAdrenalineBoost/EvolutionChamber not related to a conflict
in seed TheCore Lite, keys =T
in seed TheCore LiteRehab, keys =T
in seed TheCore LiteMonitor, keys =T

[ERROR]: EvolveBurrowCharge/Hatchery not related to a conflict
in seed TheCore Lite, keys =
in seed TheCore LiteRehab, keys =
in seed TheCore LiteMonitor, keys =

[ERROR]: EvolveOrganicCarapace/RoachWarren not related to a conflict
in seed TheCore Lite, keys =O
in seed TheCore LiteRehab, keys =O
in seed TheCore LiteMonitor, keys =O

[ERROR]: Glare/Oracle not related to a conflict
in seed TheCore Lite, keys =
in seed TheCore LiteRehab, keys =
in seed TheCore LiteMonitor, keys =

[ERROR]: GreaterRoachWarren/RoachWarren not related to a conflict
in seed TheCore Lite, keys =E
in seed TheCore LiteRehab, keys =E
in seed TheCore LiteMonitor, keys =E

[ERROR]: Guardian/Mutalisk not related to a conflict
in seed TheCore Lite, keys =
in seed TheCore LiteRehab, keys =
in seed TheCore LiteMonitor, keys =

[ERROR]: HellfireThrusters/StarportTechLab not related to a conflict
in seed TheCore Lite, keys =
in seed TheCore LiteRehab, keys =
in seed TheCore LiteMonitor, keys =

[ERROR]: IgniteAfterburner/Medivac not related to a conflict
in seed TheCore Lite, keys =
in seed TheCore LiteRehab, keys =
in seed TheCore LiteMonitor, keys =

[ERROR]: Immortal not related to a conflict
in seed TheCore Lite, keys =
in seed TheCore LiteRehab, keys =
in seed TheCore LiteMonitor, keys =

[ERROR]: Immortal/Gateway not related to a conflict
in seed TheCore Lite, keys =
in seed TheCore LiteRehab, keys =
in seed TheCore LiteMonitor, keys =

[ERROR]: Immortal/WarpGate not related to a conflict
in seed TheCore Lite, keys =
in seed TheCore LiteRehab, keys =
in seed TheCore LiteMonitor, keys =

[ERROR]: InjectLarva/Queen not related to a conflict
in seed TheCore Lite, keys =
in seed TheCore LiteRehab, keys =
in seed TheCore LiteMonitor, keys =

[ERROR]: LaunchNullWard/NullSphere not related to a conflict
in seed TheCore Lite, keys =
in seed TheCore LiteRehab, keys =
in seed TheCore LiteMonitor, keys =

[ERROR]: LockdownRound/Ghost not related to a conflict
in seed TheCore Lite, keys =
in seed TheCore LiteRehab, keys =
in seed TheCore LiteMonitor, keys =

[ERROR]: Lurker/HydraliskImpaler not related to a conflict
in seed TheCore Lite, keys =C
in seed TheCore LiteRehab, keys =C
in seed TheCore LiteMonitor, keys =C

[ERROR]: Matrix/Medic not related to a conflict
in seed TheCore Lite, keys =
in seed TheCore LiteRehab, keys =
in seed TheCore LiteMonitor, keys =

[ERROR]: MutateintoDefilerMound/Drone not related to a conflict
in seed TheCore Lite, keys =
in seed TheCore LiteRehab, keys =
in seed TheCore LiteMonitor, keys =

[ERROR]: NerveJam/ScienceVessel not related to a conflict
in seed TheCore Lite, keys =
in seed TheCore LiteRehab, keys =
in seed TheCore LiteMonitor, keys =

[ERROR]: NurturingSwarm/Queen not related to a conflict
in seed TheCore Lite, keys =
in seed TheCore LiteRehab, keys =
in seed TheCore LiteMonitor, keys =

[ERROR]: Overcharge/OrbitalCommand not related to a conflict
in seed TheCore Lite, keys =
in seed TheCore LiteRehab, keys =
in seed TheCore LiteMonitor, keys =

[ERROR]: Passive not related to a conflict
in seed TheCore Lite, keys =
in seed TheCore LiteRehab, keys =
in seed TheCore LiteMonitor, keys =

[ERROR]: PhaseMissile/Scout not related to a conflict
in seed TheCore Lite, keys =
in seed TheCore LiteRehab, keys =
in seed TheCore LiteMonitor, keys =

[ERROR]: PlaceWard/Oracle not related to a conflict
in seed TheCore Lite, keys =
in seed TheCore LiteRehab, keys =
in seed TheCore LiteMonitor, keys =

[ERROR]: Plague/Infestor not related to a conflict
in seed TheCore Lite, keys =
in seed TheCore LiteRehab, keys =
in seed TheCore LiteMonitor, keys =

[ERROR]: PrimalConsume/Infestor not related to a conflict
in seed TheCore Lite, keys =
in seed TheCore LiteRehab, keys =
in seed TheCore LiteMonitor, keys =

[ERROR]: Probe/KhaydarinNexus not related to a conflict
in seed TheCore Lite, keys =
in seed TheCore LiteRehab, keys =
in seed TheCore LiteMonitor, keys =

[ERROR]: PurificationNova/Disruptor not related to a conflict
in seed TheCore Lite, keys =V
in seed TheCore LiteRehab, keys =V
in seed TheCore LiteMonitor, keys =V

[ERROR]: Recall/Arbiter not related to a conflict
in seed TheCore Lite, keys =
in seed TheCore LiteRehab, keys =
in seed TheCore LiteMonitor, keys =

[ERROR]: ResearchBarrelStabilizers/BarracksTechLab not related to a conflict
in seed TheCore Lite, keys =
in seed TheCore LiteRehab, keys =
in seed TheCore LiteMonitor, keys =

[ERROR]: ResearchCharonBooster/FactoryTechLab not related to a conflict
in seed TheCore Lite, keys =
in seed TheCore LiteRehab, keys =
in seed TheCore LiteMonitor, keys =

[ERROR]: ResearchEMP/StarportTechLab not related to a conflict
in seed TheCore Lite, keys =
in seed TheCore LiteRehab, keys =
in seed TheCore LiteMonitor, keys =

[ERROR]: ResearchEngineeredExplosives/BarracksTechLab not related to a conflict
in seed TheCore Lite, keys =
in seed TheCore LiteRehab, keys =
in seed TheCore LiteMonitor, keys =

[ERROR]: ResearchEvadeObserver/Observatory not related to a conflict
in seed TheCore Lite, keys =
in seed TheCore LiteRehab, keys =
in seed TheCore LiteMonitor, keys =

[ERROR]: ResearchFortifiedBunkers/EngineeringBay not related to a conflict
in seed TheCore Lite, keys =
in seed TheCore LiteRehab, keys =
in seed TheCore LiteMonitor, keys =

[ERROR]: ResearchGraviticBooster/Observatory not related to a conflict
in seed TheCore Lite, keys =
in seed TheCore LiteRehab, keys =
in seed TheCore LiteMonitor, keys =

[ERROR]: ResearchIonThrusters/FactoryTechLab not related to a conflict
in seed TheCore Lite, keys =
in seed TheCore LiteRehab, keys =
in seed TheCore LiteMonitor, keys =

[ERROR]: ResearchIrradiate/StarportTechLab not related to a conflict
in seed TheCore Lite, keys =
in seed TheCore LiteRehab, keys =
in seed TheCore LiteMonitor, keys =

[ERROR]: ResearchKhaydarinCore/ArbiterTribunal not related to a conflict
in seed TheCore Lite, keys =
in seed TheCore LiteRehab, keys =
in seed TheCore LiteMonitor, keys =

[ERROR]: ResearchKhaydarinGenerator/FleetBeacon not related to a conflict
in seed TheCore Lite, keys =
in seed TheCore LiteRehab, keys =
in seed TheCore LiteMonitor, keys =

[ERROR]: ResearchLocustLifetimeIncrease/InfestationPit not related to a conflict
in seed TheCore Lite, keys =4
in seed TheCore LiteRehab, keys =4
in seed TheCore LiteMonitor, keys =4

[ERROR]: ResearchLocustNest/EvolutionChamber not related to a conflict
in seed TheCore Lite, keys =G
in seed TheCore LiteRehab, keys =G
in seed TheCore LiteMonitor, keys =G

[ERROR]: ResearchMatrix/BarracksTechLab not related to a conflict
in seed TheCore Lite, keys =
in seed TheCore LiteRehab, keys =
in seed TheCore LiteMonitor, keys =

[ERROR]: ResearchPiercingRockets/StarportTechLab not related to a conflict
in seed TheCore Lite, keys =
in seed TheCore LiteRehab, keys =
in seed TheCore LiteMonitor, keys =

[ERROR]: ResearchPlasmaCharge/RoboticsBay not related to a conflict
in seed TheCore Lite, keys =
in seed TheCore LiteRehab, keys =
in seed TheCore LiteMonitor, keys =

[ERROR]: ResearchRecall/ArbiterTribunal not related to a conflict
in seed TheCore Lite, keys =
in seed TheCore LiteRehab, keys =
in seed TheCore LiteMonitor, keys =

[ERROR]: ResearchSingularityCharge2/CyberneticsCore not related to a conflict
in seed TheCore Lite, keys =
in seed TheCore LiteRehab, keys =
in seed TheCore LiteMonitor, keys =

[ERROR]: ResearchSpiderMines/FactoryTechLab not related to a conflict
in seed TheCore Lite, keys =
in seed TheCore LiteRehab, keys =
in seed TheCore LiteMonitor, keys =

[ERROR]: ResearchSpikeBurstRankOne/EvolutionChamber not related to a conflict
in seed TheCore Lite, keys =V
in seed TheCore LiteRehab, keys =V
in seed TheCore LiteMonitor, keys =V

[ERROR]: ResearchStabRankOne/EvolutionChamber not related to a conflict
in seed TheCore Lite, keys =C
in seed TheCore LiteRehab, keys =C
in seed TheCore LiteMonitor, keys =C

[ERROR]: ResearchTimeWarp/FleetBeacon not related to a conflict
in seed TheCore Lite, keys =
in seed TheCore LiteRehab, keys =
in seed TheCore LiteMonitor, keys =

[ERROR]: ResearchTitanReactor/StarportTechLab not related to a conflict
in seed TheCore Lite, keys =
in seed TheCore LiteRehab, keys =
in seed TheCore LiteMonitor, keys =

[ERROR]: ResearchTransformationServos/FactoryTechLab not related to a conflict
in seed TheCore Lite, keys =C
in seed TheCore LiteRehab, keys =C
in seed TheCore LiteMonitor, keys =C

[ERROR]: ResearchTurboGripper/StarportTechLab not related to a conflict
in seed TheCore Lite, keys =
in seed TheCore LiteRehab, keys =
in seed TheCore LiteMonitor, keys =

[ERROR]: RetributionField/Meliak not related to a conflict
in seed TheCore Lite, keys =V
in seed TheCore LiteRehab, keys =V
in seed TheCore LiteMonitor, keys =V

[ERROR]: Rift/KhaydarinNexus not related to a conflict
in seed TheCore Lite, keys =
in seed TheCore LiteRehab, keys =
in seed TheCore LiteMonitor, keys =

[ERROR]: Rift/Nexus not related to a conflict
in seed TheCore Lite, keys =
in seed TheCore LiteRehab, keys =
in seed TheCore LiteMonitor, keys =

[ERROR]: SJHyperionBlink/Battlecruiser not related to a conflict
in seed TheCore Lite, keys =
in seed TheCore LiteRehab, keys =
in seed TheCore LiteMonitor, keys =

[ERROR]: ShapedBlast/SiegeBreakerSieged not related to a conflict
in seed TheCore Lite, keys =
in seed TheCore LiteRehab, keys =
in seed TheCore LiteMonitor, keys =

[ERROR]: ShapedBlast/SiegeTankSieged not related to a conflict
in seed TheCore Lite, keys =
in seed TheCore LiteRehab, keys =
in seed TheCore LiteMonitor, keys =

[ERROR]: SlivanPuke/Devourer not related to a conflict
in seed TheCore Lite, keys =
in seed TheCore LiteRehab, keys =
in seed TheCore LiteMonitor, keys =

[ERROR]: StasisField/Arbiter not related to a conflict
in seed TheCore Lite, keys =
in seed TheCore LiteRehab, keys =
in seed TheCore LiteMonitor, keys =

[ERROR]: StasisField/ArbiterTribunal not related to a conflict
in seed TheCore Lite, keys =
in seed TheCore LiteRehab, keys =
in seed TheCore LiteMonitor, keys =

[ERROR]: TimeWarpSentinel/Oracle not related to a conflict
in seed TheCore Lite, keys =
in seed TheCore LiteRehab, keys =
in seed TheCore LiteMonitor, keys =

[ERROR]: UpgradeLIDARTransmitter/EngineeringBay not related to a conflict
in seed TheCore Lite, keys =
in seed TheCore LiteRehab, keys =
in seed TheCore LiteMonitor, keys =

[ERROR]: UpgradewithKhaydarinCore/Nexus not related to a conflict
in seed TheCore Lite, keys =
in seed TheCore LiteRehab, keys =
in seed TheCore LiteMonitor, keys =

[ERROR]: UseSpiderMine/Vulture not related to a conflict
in seed TheCore Lite, keys =
in seed TheCore LiteRehab, keys =
in seed TheCore LiteMonitor, keys =

[ERROR]: WarpInCorsair/Stargate not related to a conflict
in seed TheCore Lite, keys =
in seed TheCore LiteRehab, keys =
in seed TheCore LiteMonitor, keys =

[ERROR]: WarpInReaver/RoboticsFacility not related to a conflict
in seed TheCore Lite, keys =
in seed TheCore LiteRehab, keys =
in seed TheCore LiteMonitor, keys =

[ERROR]: WarpinArbiterTribunal/Probe not related to a conflict
in seed TheCore Lite, keys =
in seed TheCore LiteRehab, keys =
in seed TheCore LiteMonitor, keys =

[ERROR]: WarpinDragoon/Gateway not related to a conflict
in seed TheCore Lite, keys =
in seed TheCore LiteRehab, keys =
in seed TheCore LiteMonitor, keys =

[ERROR]: WarpinObservatory/Probe not related to a conflict
in seed TheCore Lite, keys =
in seed TheCore LiteRehab, keys =
in seed TheCore LiteMonitor, keys =

[ERROR]: WidowMineAttack/WidowMine not related to a conflict
in seed TheCore Lite, keys =C
in seed TheCore LiteRehab, keys =C
in seed TheCore LiteMonitor, keys =C

[ERROR]: WormholeTransit/Predator not related to a conflict
in seed TheCore Lite, keys =
in seed TheCore LiteRehab, keys =
in seed TheCore LiteMonitor, keys =

[ERROR]: XaphanForce/Voranor not related to a conflict
in seed TheCore Lite, keys =
in seed TheCore LiteRehab, keys =
in seed TheCore LiteMonitor, keys =

[WARN]: 330mmBarrageCannons/Thor not related to a conflict
but is inherited
in seed TheCore Lite, keys =C
in seed TheCore LiteRehab, keys =C
in seed TheCore LiteMonitor, keys =C

[WARN]: Apocalypse/K5Kerrigan not related to a conflict
but is part of same check
but is inherited
in seed TheCore Lite, keys =F
in seed TheCore LiteRehab, keys =F
in seed TheCore LiteMonitor, keys =F

[WARN]: ArchonHallucination/Nexus not related to a conflict
but is inherited
in seed TheCore Lite, keys =CapsLock
in seed TheCore LiteRehab, keys =CapsLock
in seed TheCore LiteMonitor, keys =CapsLock

[WARN]: ArchonHallucination/Voranor not related to a conflict
but is inherited
in seed TheCore Lite, keys =CapsLock
in seed TheCore LiteRehab, keys =CapsLock
in seed TheCore LiteMonitor, keys =CapsLock

[WARN]: Assimilator/Harvester not related to a conflict
but is inherited
in seed TheCore Lite, keys =R
in seed TheCore LiteRehab, keys =R
in seed TheCore LiteMonitor, keys =R

[WARN]: AttackChampions not related to a conflict
but is inherited
in seed TheCore Lite, keys =D
in seed TheCore LiteRehab, keys =D
in seed TheCore LiteMonitor, keys =D

[WARN]: AutomatedExtractor/Drone not related to a conflict
but is part of same check
but is inherited
in seed TheCore Lite, keys =R
in seed TheCore LiteRehab, keys =R
in seed TheCore LiteMonitor, keys =R

[WARN]: AutomatedRefinery/SCV not related to a conflict
but is part of same check
but is inherited
in seed TheCore Lite, keys =R
in seed TheCore LiteRehab, keys =R
in seed TheCore LiteMonitor, keys =R

[WARN]: Baneling/Zergling2 not related to a conflict
but is part of same check
but is inherited
in seed TheCore Lite, keys =E
in seed TheCore LiteRehab, keys =E
in seed TheCore LiteMonitor, keys =E

[WARN]: BuildCreepTumor/Queen2 not related to a conflict
but is inherited
in seed TheCore Lite, keys =C,CapsLock
in seed TheCore LiteRehab, keys =C,CapsLock
in seed TheCore LiteMonitor, keys =C,CapsLock

[WARN]: BuildScienceVessel/Starport not related to a conflict
but is part of same check
but is inherited
in seed TheCore Lite, keys =V
in seed TheCore LiteRehab, keys =V
in seed TheCore LiteMonitor, keys =V

[WARN]: BunkerFortified/SCV not related to a conflict
but is inherited
in seed TheCore Lite, keys =G
in seed TheCore LiteRehab, keys =G
in seed TheCore LiteMonitor, keys =G

[WARN]: BurrowChargeMP/Ultralisk not related to a conflict
but is part of same check
but is inherited
in seed TheCore Lite, keys =Space
in seed TheCore LiteRehab, keys =Space
in seed TheCore LiteMonitor, keys =Space

[WARN]: BurrowHydraliskImpalerDown not related to a conflict
but is part of same check
but is inherited
in seed TheCore Lite, keys =R
in seed TheCore LiteRehab, keys =R
in seed TheCore LiteMonitor, keys =R

[WARN]: BurrowHydraliskImpalerUp not related to a conflict
but is part of same check
but is inherited
in seed TheCore Lite, keys =Space
in seed TheCore LiteRehab, keys =Space
in seed TheCore LiteMonitor, keys =Space

[WARN]: BurrowHydraliskLurkerDown not related to a conflict
but is part of same check
but is inherited
in seed TheCore Lite, keys =R
in seed TheCore LiteRehab, keys =R
in seed TheCore LiteMonitor, keys =R

[WARN]: BurrowHydraliskLurkerUp not related to a conflict
but is part of same check
but is inherited
in seed TheCore Lite, keys =Space
in seed TheCore LiteRehab, keys =Space
in seed TheCore LiteMonitor, keys =Space

[WARN]: CancelCocoon not related to a conflict
but is inherited
in seed TheCore Lite, keys =Escape
in seed TheCore LiteRehab, keys =Escape
in seed TheCore LiteMonitor, keys =Escape

[WARN]: CancelMutateMorph not related to a conflict
but is inherited
in seed TheCore Lite, keys =Escape
in seed TheCore LiteRehab, keys =Escape
in seed TheCore LiteMonitor, keys =Escape

[WARN]: CancelUpgradeMorph not related to a conflict
but is inherited
in seed TheCore Lite, keys =Escape
in seed TheCore LiteRehab, keys =Escape
in seed TheCore LiteMonitor, keys =Escape

[WARN]: Charge/Khraxus not related to a conflict
but is inherited
in seed TheCore Lite, keys =Space
in seed TheCore LiteRehab, keys =Space
in seed TheCore LiteMonitor, keys =Space

[WARN]: Charge/Orthos not related to a conflict
but is inherited
in seed TheCore Lite, keys =Space
in seed TheCore LiteRehab, keys =Space
in seed TheCore LiteMonitor, keys =Space

[WARN]: Charge/Voranor not related to a conflict
but is inherited
in seed TheCore Lite, keys =Space
in seed TheCore LiteRehab, keys =Space
in seed TheCore LiteMonitor, keys =Space

[WARN]: Charge/ZealotDark not related to a conflict
but is inherited
in seed TheCore Lite, keys =Space
in seed TheCore LiteRehab, keys =Space
in seed TheCore LiteMonitor, keys =Space

[WARN]: ColossusHallucination/Nexus not related to a conflict
but is inherited
in seed TheCore Lite, keys =C
in seed TheCore LiteRehab, keys =C
in seed TheCore LiteMonitor, keys =C

[WARN]: ColossusHallucination/Voranor not related to a conflict
but is inherited
in seed TheCore Lite, keys =C
in seed TheCore LiteRehab, keys =C
in seed TheCore LiteMonitor, keys =C

[WARN]: CyberneticsCore/Harvester not related to a conflict
but is inherited
in seed TheCore Lite, keys =G
in seed TheCore LiteRehab, keys =G
in seed TheCore LiteMonitor, keys =G

[WARN]: DarkShrine/Harvester not related to a conflict
but is inherited
in seed TheCore Lite, keys =F
in seed TheCore LiteRehab, keys =F
in seed TheCore LiteMonitor, keys =F

[WARN]: DisableBuildingAttack/baneling not related to a conflict
but is part of same check
but is inherited
in seed TheCore Lite, keys =E
in seed TheCore LiteRehab, keys =E
in seed TheCore LiteMonitor, keys =E

[WARN]: DisableBuildingAttack/baneling2 not related to a conflict
but is part of same check
but is inherited
in seed TheCore Lite, keys =E
in seed TheCore LiteRehab, keys =E
in seed TheCore LiteMonitor, keys =E

[WARN]: EnableBuildingAttack/baneling not related to a conflict
but is part of same check
but is inherited
in seed TheCore Lite, keys =Space
in seed TheCore LiteRehab, keys =Space
in seed TheCore LiteMonitor, keys =Space

[WARN]: EnableBuildingAttack/baneling2 not related to a conflict
but is part of same check
but is inherited
in seed TheCore Lite, keys =Space
in seed TheCore LiteRehab, keys =Space
in seed TheCore LiteMonitor, keys =Space

[WARN]: Explode/baneling not related to a conflict
but is part of same check
but is inherited
in seed TheCore Lite, keys =C
in seed TheCore LiteRehab, keys =C
in seed TheCore LiteMonitor, keys =C

[WARN]: Explode/baneling2 not related to a conflict
but is part of same check
but is inherited
in seed TheCore Lite, keys =C
in seed TheCore LiteRehab, keys =C
in seed TheCore LiteMonitor, keys =C

[WARN]: Feedback/AnAleemController not related to a conflict
but is inherited
in seed TheCore Lite, keys =C,Space
in seed TheCore LiteRehab, keys =C,Space
in seed TheCore LiteMonitor, keys =C,Space

[WARN]: Feedback/Khiradun not related to a conflict
but is inherited
in seed TheCore Lite, keys =C,Space
in seed TheCore LiteRehab, keys =C,Space
in seed TheCore LiteMonitor, keys =C,Space

[WARN]: FleetBeacon/Harvester not related to a conflict
but is inherited
in seed TheCore Lite, keys =G
in seed TheCore LiteRehab, keys =G
in seed TheCore LiteMonitor, keys =G

[WARN]: ForceField2/Sentry2 not related to a conflict
but is part of same check
but is inherited
in seed TheCore Lite, keys =E,C
in seed TheCore LiteRehab, keys =E,C
in seed TheCore LiteMonitor, keys =E,C

[WARN]: Forge/Harvester not related to a conflict
but is inherited
in seed TheCore Lite, keys =E
in seed TheCore LiteRehab, keys =E
in seed TheCore LiteMonitor, keys =E

[WARN]: Frostbat/Barracks not related to a conflict
but is inherited
in seed TheCore Lite, keys =V
in seed TheCore LiteRehab, keys =V
in seed TheCore LiteMonitor, keys =V

[WARN]: FungalGrowth/Infestor2 not related to a conflict
but is part of same check
but is inherited
in seed TheCore Lite, keys =E
in seed TheCore LiteRehab, keys =E
in seed TheCore LiteMonitor, keys =E

[WARN]: Gateway/Harvester not related to a conflict
but is inherited
in seed TheCore Lite, keys =CapsLock
in seed TheCore LiteRehab, keys =CapsLock
in seed TheCore LiteMonitor, keys =CapsLock

[WARN]: GuardianShield/Sentry2 not related to a conflict
but is part of same check
but is inherited
in seed TheCore Lite, keys =Space
in seed TheCore LiteRehab, keys =Space
in seed TheCore LiteMonitor, keys =Space

[WARN]: Hallucination/Sentry2 not related to a conflict
but is part of same check
but is inherited
in seed TheCore Lite, keys =CapsLock
in seed TheCore LiteRehab, keys =CapsLock
in seed TheCore LiteMonitor, keys =CapsLock

[WARN]: Hallucination2/Voranor not related to a conflict
but is inherited
in seed TheCore Lite, keys =CapsLock
in seed TheCore LiteRehab, keys =CapsLock
in seed TheCore LiteMonitor, keys =CapsLock

[WARN]: Heal/Medivac2 not related to a conflict
but is part of same check
but is inherited
in seed TheCore Lite, keys =R
in seed TheCore LiteRehab, keys =R
in seed TheCore LiteMonitor, keys =R

[WARN]: HighTemplarHallucination/Nexus not related to a conflict
but is inherited
in seed TheCore Lite, keys =Space
in seed TheCore LiteRehab, keys =Space
in seed TheCore LiteMonitor, keys =Space

[WARN]: HighTemplarHallucination/Voranor not related to a conflict
but is inherited
in seed TheCore Lite, keys =Space
in seed TheCore LiteRehab, keys =Space
in seed TheCore LiteMonitor, keys =Space

[WARN]: ImmortalHallucination/Nexus not related to a conflict
but is inherited
in seed TheCore Lite, keys =R
in seed TheCore LiteRehab, keys =R
in seed TheCore LiteMonitor, keys =R

[WARN]: InfestedTerrans/Infestor2 not related to a conflict
but is part of same check
but is inherited
in seed TheCore Lite, keys =CapsLock
in seed TheCore LiteRehab, keys =CapsLock
in seed TheCore LiteMonitor, keys =CapsLock

[WARN]: K5DropPods/K5Kerrigan not related to a conflict
but is part of same check
but is inherited
in seed TheCore Lite, keys =F
in seed TheCore LiteRehab, keys =F
in seed TheCore LiteMonitor, keys =F

[WARN]: KhalaShockwave/Immortal not related to a conflict
but is inherited
in seed TheCore Lite, keys =E
in seed TheCore LiteRehab, keys =E
in seed TheCore LiteMonitor, keys =E

[WARN]: Lurker/Hydralisk not related to a conflict
but is inherited
in seed TheCore Lite, keys =E
in seed TheCore LiteRehab, keys =E
in seed TheCore LiteMonitor, keys =E

[WARN]: LurkerBurrowDown not related to a conflict
but is part of same check
but is inherited
in seed TheCore Lite, keys =R
in seed TheCore LiteRehab, keys =R
in seed TheCore LiteMonitor, keys =R

[WARN]: MeliakBlinkBTN/Meliak not related to a conflict
but is inherited
in seed TheCore Lite, keys =Space
in seed TheCore LiteRehab, keys =Space
in seed TheCore LiteMonitor, keys =Space

[WARN]: MorphMorphalisk/BroodMother not related to a conflict
but is inherited
in seed TheCore Lite, keys =Space
in seed TheCore LiteRehab, keys =Space
in seed TheCore LiteMonitor, keys =Space

[WARN]: MorphMorphalisk/Queen2 not related to a conflict
but is inherited
in seed TheCore Lite, keys =Space
in seed TheCore LiteRehab, keys =Space
in seed TheCore LiteMonitor, keys =Space

[WARN]: MorphToCorpser/Larva not related to a conflict
but is part of same check
but is inherited
in seed TheCore Lite, keys =R
in seed TheCore LiteRehab, keys =R
in seed TheCore LiteMonitor, keys =R

[WARN]: MorphToHotSNoxious/Larva not related to a conflict
but is part of same check
but is inherited
in seed TheCore Lite, keys =G
in seed TheCore LiteRehab, keys =G
in seed TheCore LiteMonitor, keys =G

[WARN]: MorphToHotSTorrasque/Larva not related to a conflict
but is part of same check
but is inherited
in seed TheCore Lite, keys =G
in seed TheCore LiteRehab, keys =G
in seed TheCore LiteMonitor, keys =G

[WARN]: MorphToHydraliskImpaler/Larva not related to a conflict
but is part of same check
but is inherited
in seed TheCore Lite, keys =V
in seed TheCore LiteRehab, keys =V
in seed TheCore LiteMonitor, keys =V

[WARN]: MorphToHydraliskLurker/Larva not related to a conflict
but is part of same check
but is inherited
in seed TheCore Lite, keys =V
in seed TheCore LiteRehab, keys =V
in seed TheCore LiteMonitor, keys =V

[WARN]: MorphToMutaliskBroodlord/Larva not related to a conflict
but is part of same check
but is inherited
in seed TheCore Lite, keys =T
in seed TheCore LiteRehab, keys =T
in seed TheCore LiteMonitor, keys =T

[WARN]: MorphToMutaliskViper/Larva not related to a conflict
but is part of same check
but is inherited
in seed TheCore Lite, keys =T
in seed TheCore LiteRehab, keys =T
in seed TheCore LiteMonitor, keys =T

[WARN]: MorphToRaptor/Larva not related to a conflict
but is part of same check
but is inherited
in seed TheCore Lite, keys =D
in seed TheCore LiteRehab, keys =D
in seed TheCore LiteMonitor, keys =D

[WARN]: MorphToSwarmHostSplitA/Larva not related to a conflict
but is part of same check
but is inherited
in seed TheCore Lite, keys =5
in seed TheCore LiteRehab, keys =5
in seed TheCore LiteMonitor, keys =5

[WARN]: MorphToSwarmHostSplitB/Larva not related to a conflict
but is part of same check
but is inherited
in seed TheCore Lite, keys =5
in seed TheCore LiteRehab, keys =5
in seed TheCore LiteMonitor, keys =5

[WARN]: MorphToSwarmling/Larva not related to a conflict
but is part of same check
but is inherited
in seed TheCore Lite, keys =D
in seed TheCore LiteRehab, keys =D
in seed TheCore LiteMonitor, keys =D

[WARN]: MorphToVile/Larva not related to a conflict
but is part of same check
but is inherited
in seed TheCore Lite, keys =R
in seed TheCore LiteRehab, keys =R
in seed TheCore LiteMonitor, keys =R

[WARN]: MorphtoDefiler/Larva not related to a conflict
but is part of same check
but is inherited
in seed TheCore Lite, keys =F
in seed TheCore LiteRehab, keys =F
in seed TheCore LiteMonitor, keys =F

[WARN]: MorphtoHunter/HotSRaptor not related to a conflict
but is part of same check
but is inherited
in seed TheCore Lite, keys =E
in seed TheCore LiteRehab, keys =E
in seed TheCore LiteMonitor, keys =E

[WARN]: MorphtoHunter/HotSSwarmling not related to a conflict
but is part of same check
but is inherited
in seed TheCore Lite, keys =E
in seed TheCore LiteRehab, keys =E
in seed TheCore LiteMonitor, keys =E

[WARN]: MorphtoRoach/Larva not related to a conflict
but is inherited
in seed TheCore Lite, keys =R
in seed TheCore LiteRehab, keys =R
in seed TheCore LiteMonitor, keys =R

[WARN]: MorphtoSplitterling/HotSRaptor not related to a conflict
but is part of same check
but is inherited
in seed TheCore Lite, keys =E
in seed TheCore LiteRehab, keys =E
in seed TheCore LiteMonitor, keys =E

[WARN]: MorphtoSplitterling/HotSSwarmling not related to a conflict
but is part of same check
but is inherited
in seed TheCore Lite, keys =E
in seed TheCore LiteRehab, keys =E
in seed TheCore LiteMonitor, keys =E

[WARN]: MoveChampions not related to a conflict
but is inherited
in seed TheCore Lite, keys =H
in seed TheCore LiteRehab, keys =H
in seed TheCore LiteMonitor, keys =H

[WARN]: NeuralParasite/Infestor2 not related to a conflict
but is part of same check
but is inherited
in seed TheCore Lite, keys =C
in seed TheCore LiteRehab, keys =C
in seed TheCore LiteMonitor, keys =C

[WARN]: Nexus/Harvester not related to a conflict
but is inherited
in seed TheCore Lite, keys =C
in seed TheCore LiteRehab, keys =C
in seed TheCore LiteMonitor, keys =C

[WARN]: PhoenixHallucination/Nexus not related to a conflict
but is inherited
in seed TheCore Lite, keys =D
in seed TheCore LiteRehab, keys =D
in seed TheCore LiteMonitor, keys =D

[WARN]: PhotonCannon/Harvester not related to a conflict
but is inherited
in seed TheCore Lite, keys =F
in seed TheCore LiteRehab, keys =F
in seed TheCore LiteMonitor, keys =F

[WARN]: PrimalHeal/K5Kerrigan not related to a conflict
but is part of same check
but is inherited
in seed TheCore Lite, keys =C
in seed TheCore LiteRehab, keys =C
in seed TheCore LiteMonitor, keys =C

[WARN]: PrimalSlash/K5Kerrigan not related to a conflict
but is part of same check
but is inherited
in seed TheCore Lite, keys =CapsLock
in seed TheCore LiteRehab, keys =CapsLock
in seed TheCore LiteMonitor, keys =CapsLock

[WARN]: ProbeHallucination/Nexus not related to a conflict
but is inherited
in seed TheCore Lite, keys =4
in seed TheCore LiteRehab, keys =4
in seed TheCore LiteMonitor, keys =4

[WARN]: ProbeHallucination/Voranor not related to a conflict
but is inherited
in seed TheCore Lite, keys =4
in seed TheCore LiteRehab, keys =4
in seed TheCore LiteMonitor, keys =4

[WARN]: ProtossBuild/Harvester not related to a conflict
but is inherited
in seed TheCore Lite, keys =Space
in seed TheCore LiteRehab, keys =Space
in seed TheCore LiteMonitor, keys =Space

[WARN]: ProtossBuildAdvanced/Harvester not related to a conflict
but is inherited
in seed TheCore Lite, keys =CapsLock
in seed TheCore LiteRehab, keys =CapsLock
in seed TheCore LiteMonitor, keys =CapsLock

[WARN]: PsiDisruptor/SCV not related to a conflict
but is inherited
in seed TheCore Lite, keys =I
in seed TheCore LiteRehab, keys =I
in seed TheCore LiteMonitor, keys =I

[WARN]: PsiStorm/AnAleemController not related to a conflict
but is inherited
in seed TheCore Lite, keys =E
in seed TheCore LiteRehab, keys =E
in seed TheCore LiteMonitor, keys =E

[WARN]: PsiStorm/Khiradun not related to a conflict
but is inherited
in seed TheCore Lite, keys =E
in seed TheCore LiteRehab, keys =E
in seed TheCore LiteMonitor, keys =E

[WARN]: PsiStorm/Telios not related to a conflict
but is inherited
in seed TheCore Lite, keys =E
in seed TheCore LiteRehab, keys =E
in seed TheCore LiteMonitor, keys =E

[WARN]: PsiStrike/K5Kerrigan not related to a conflict
but is part of same check
but is inherited
in seed TheCore Lite, keys =E
in seed TheCore LiteRehab, keys =E
in seed TheCore LiteMonitor, keys =E

[WARN]: PsionicBolt/Telios not related to a conflict
but is inherited
in seed TheCore Lite, keys =C,Space
in seed TheCore LiteRehab, keys =C,Space
in seed TheCore LiteMonitor, keys =C,Space

[WARN]: Pylon/Harvester not related to a conflict
but is inherited
in seed TheCore Lite, keys =D
in seed TheCore LiteRehab, keys =D
in seed TheCore LiteMonitor, keys =D

[WARN]: RapidIncubation/SwarmHostSwarmHostBurrowed not related to a conflict
but is inherited
in seed TheCore Lite, keys =C
in seed TheCore LiteRehab, keys =C
in seed TheCore LiteMonitor, keys =C

[WARN]: RapidIncubation/SwarmHostSwarmHostRooted not related to a conflict
but is inherited
in seed TheCore Lite, keys =C
in seed TheCore LiteRehab, keys =C
in seed TheCore LiteMonitor, keys =C

[WARN]: ResearchCerberusMines/FactoryTechReactor not related to a conflict
but is part of same check
but is inherited
in seed TheCore Lite, keys =C
in seed TheCore LiteRehab, keys =C
in seed TheCore LiteMonitor, keys =C

[WARN]: ResearchG4Charge/BarracksTechReactor not related to a conflict
but is part of same check
but is inherited
in seed TheCore Lite, keys =C
in seed TheCore LiteRehab, keys =C
in seed TheCore LiteMonitor, keys =C

[WARN]: ResearchIncineratorNozzles/BarracksTechReactor not related to a conflict
but is part of same check
but is inherited
in seed TheCore Lite, keys =R
in seed TheCore LiteRehab, keys =R
in seed TheCore LiteMonitor, keys =R

[WARN]: ResearchJackhammerConcussionGrenade/BarracksTechReactor not related to a conflict
but is part of same check
but is inherited
in seed TheCore Lite, keys =D
in seed TheCore LiteRehab, keys =D
in seed TheCore LiteMonitor, keys =D

[WARN]: ResearchMultiLockTargetingSystem/FactoryTechReactor not related to a conflict
but is part of same check
but is inherited
in seed TheCore Lite, keys =E
in seed TheCore LiteRehab, keys =E
in seed TheCore LiteMonitor, keys =E

[WARN]: ResearchRegenerativeBioSteel/FactoryTechReactor not related to a conflict
but is part of same check
but is inherited
in seed TheCore Lite, keys =R
in seed TheCore LiteRehab, keys =R
in seed TheCore LiteMonitor, keys =R

[WARN]: ResearchShapedBlast/FactoryTechReactor not related to a conflict
but is part of same check
but is inherited
in seed TheCore Lite, keys =Space
in seed TheCore LiteRehab, keys =Space
in seed TheCore LiteMonitor, keys =Space

[WARN]: ResearchStabilizerMedPacks/BarracksTechReactor not related to a conflict
but is part of same check
but is inherited
in seed TheCore Lite, keys =E
in seed TheCore LiteRehab, keys =E
in seed TheCore LiteMonitor, keys =E

[WARN]: ResearchStrikeCannons/FactoryTechReactor not related to a conflict
but is part of same check
but is inherited
in seed TheCore Lite, keys =C
in seed TheCore LiteRehab, keys =C
in seed TheCore LiteMonitor, keys =C

[WARN]: RoboticsBay/Harvester not related to a conflict
but is inherited
in seed TheCore Lite, keys =C
in seed TheCore LiteRehab, keys =C
in seed TheCore LiteMonitor, keys =C

[WARN]: RoboticsFacility/Harvester not related to a conflict
but is inherited
in seed TheCore Lite, keys =D
in seed TheCore LiteRehab, keys =D
in seed TheCore LiteMonitor, keys =D

[WARN]: RogueGhostCloak/Spectre not related to a conflict
but is part of same check
but is inherited
in seed TheCore Lite, keys =Space
in seed TheCore LiteRehab, keys =Space
in seed TheCore LiteMonitor, keys =Space

[WARN]: SpawnBanelings/K5Kerrigan not related to a conflict
but is part of same check
but is inherited
in seed TheCore Lite, keys =C
in seed TheCore LiteRehab, keys =C
in seed TheCore LiteMonitor, keys =C

[WARN]: StalkerHallucination/Nexus not related to a conflict
but is inherited
in seed TheCore Lite, keys =G
in seed TheCore LiteRehab, keys =G
in seed TheCore LiteMonitor, keys =G

[WARN]: Stargate/Harvester not related to a conflict
but is inherited
in seed TheCore Lite, keys =R
in seed TheCore LiteRehab, keys =R
in seed TheCore LiteMonitor, keys =R

[WARN]: Summon2DragoonHallucinations/Sentry not related to a conflict
but is inherited
in seed TheCore Lite, keys =G
in seed TheCore LiteRehab, keys =G
in seed TheCore LiteMonitor, keys =G

[WARN]: Summon2DragoonHallucinations/Voranor not related to a conflict
but is inherited
in seed TheCore Lite, keys =G
in seed TheCore LiteRehab, keys =G
in seed TheCore LiteMonitor, keys =G

[WARN]: Summon2ScoutHallucinations/Sentry not related to a conflict
but is inherited
in seed TheCore Lite, keys =D
in seed TheCore LiteRehab, keys =D
in seed TheCore LiteMonitor, keys =D

[WARN]: Summon2ScoutHallucinations/Voranor not related to a conflict
but is inherited
in seed TheCore Lite, keys =D
in seed TheCore LiteRehab, keys =D
in seed TheCore LiteMonitor, keys =D

[WARN]: SupplyDepotDrop/SCV not related to a conflict
but is part of same check
but is inherited
in seed TheCore Lite, keys =D
in seed TheCore LiteRehab, keys =D
in seed TheCore LiteMonitor, keys =D

[WARN]: SwarmHostRoot/SwarmHost not related to a conflict
but is part of same check
but is inherited
in seed TheCore Lite, keys =R
in seed TheCore LiteRehab, keys =R
in seed TheCore LiteMonitor, keys =R

[WARN]: SwarmHostRoot/SwarmHostSplitA not related to a conflict
but is part of same check
but is inherited
in seed TheCore Lite, keys =R
in seed TheCore LiteRehab, keys =R
in seed TheCore LiteMonitor, keys =R

[WARN]: SwarmHostRoot/SwarmHostSplitB not related to a conflict
but is part of same check
but is inherited
in seed TheCore Lite, keys =R
in seed TheCore LiteRehab, keys =R
in seed TheCore LiteMonitor, keys =R

[WARN]: SwarmHostUproot/SwarmHostRooted not related to a conflict
but is part of same check
but is inherited
in seed TheCore Lite, keys =Space
in seed TheCore LiteRehab, keys =Space
in seed TheCore LiteMonitor, keys =Space

[WARN]: SwarmHostUproot/SwarmHostSplitARooted not related to a conflict
but is part of same check
but is inherited
in seed TheCore Lite, keys =Space
in seed TheCore LiteRehab, keys =Space
in seed TheCore LiteMonitor, keys =Space

[WARN]: SwarmHostUproot/SwarmHostSplitBRooted not related to a conflict
but is part of same check
but is inherited
in seed TheCore Lite, keys =Space
in seed TheCore LiteRehab, keys =Space
in seed TheCore LiteMonitor, keys =Space

[WARN]: SwarmHostUprootUnburrow/SwarmHostBurrowed not related to a conflict
but is inherited
in seed TheCore Lite, keys =Space
in seed TheCore LiteRehab, keys =Space
in seed TheCore LiteMonitor, keys =Space

[WARN]: SwarmHostUprootUnburrow/SwarmHostSplitABurrowed not related to a conflict
but is inherited
in seed TheCore Lite, keys =Space
in seed TheCore LiteRehab, keys =Space
in seed TheCore LiteMonitor, keys =Space

[WARN]: SwarmHostUprootUnburrow/SwarmHostSplitBBurrowed not related to a conflict
but is inherited
in seed TheCore Lite, keys =Space
in seed TheCore LiteRehab, keys =Space
in seed TheCore LiteMonitor, keys =Space

[WARN]: SwarmQueenCorpser/SwarmQueen not related to a conflict
but is part of same check
but is inherited
in seed TheCore Lite, keys =5
in seed TheCore LiteRehab, keys =5
in seed TheCore LiteMonitor, keys =5

[WARN]: SwarmQueenHydraliskImpaler/LargeSwarmQueen not related to a conflict
but is part of same check
but is inherited
in seed TheCore Lite, keys =F
in seed TheCore LiteRehab, keys =F
in seed TheCore LiteMonitor, keys =F

[WARN]: SwarmQueenHydraliskImpaler/SwarmQueen not related to a conflict
but is part of same check
but is inherited
in seed TheCore Lite, keys =F
in seed TheCore LiteRehab, keys =F
in seed TheCore LiteMonitor, keys =F

[WARN]: SwarmQueenHydraliskLurker/LargeSwarmQueen not related to a conflict
but is part of same check
but is inherited
in seed TheCore Lite, keys =F
in seed TheCore LiteRehab, keys =F
in seed TheCore LiteMonitor, keys =F

[WARN]: SwarmQueenHydraliskLurker/SwarmQueen not related to a conflict
but is part of same check
but is inherited
in seed TheCore Lite, keys =F
in seed TheCore LiteRehab, keys =F
in seed TheCore LiteMonitor, keys =F

[WARN]: SwarmQueenVile/SwarmQueen not related to a conflict
but is part of same check
but is inherited
in seed TheCore Lite, keys =5
in seed TheCore LiteRehab, keys =5
in seed TheCore LiteMonitor, keys =5

[WARN]: TechReactor/Barracks not related to a conflict
but is part of same check
but is inherited
in seed TheCore Lite, keys =CapsLock
in seed TheCore LiteRehab, keys =CapsLock
in seed TheCore LiteMonitor, keys =CapsLock

[WARN]: TechReactor/Factory not related to a conflict
but is part of same check
but is inherited
in seed TheCore Lite, keys =CapsLock
in seed TheCore LiteRehab, keys =CapsLock
in seed TheCore LiteMonitor, keys =CapsLock

[WARN]: TechReactor/Starport not related to a conflict
but is part of same check
but is inherited
in seed TheCore Lite, keys =CapsLock
in seed TheCore LiteRehab, keys =CapsLock
in seed TheCore LiteMonitor, keys =CapsLock

[WARN]: TemplarArchive/Harvester not related to a conflict
but is inherited
in seed TheCore Lite, keys =Space
in seed TheCore LiteRehab, keys =Space
in seed TheCore LiteMonitor, keys =Space

[WARN]: Transfusion/BroodMother not related to a conflict
but is inherited
in seed TheCore Lite, keys =E
in seed TheCore LiteRehab, keys =E
in seed TheCore LiteMonitor, keys =E

[WARN]: Transfusion/Queen2 not related to a conflict
but is part of same check
but is inherited
in seed TheCore Lite, keys =E
in seed TheCore LiteRehab, keys =E
in seed TheCore LiteMonitor, keys =E

[WARN]: TwilightCouncil/Harvester not related to a conflict
but is inherited
in seed TheCore Lite, keys =E
in seed TheCore LiteRehab, keys =E
in seed TheCore LiteMonitor, keys =E

[WARN]: VoidRayHallucination/Nexus not related to a conflict
but is inherited
in seed TheCore Lite, keys =V
in seed TheCore LiteRehab, keys =V
in seed TheCore LiteMonitor, keys =V

[WARN]: VoidRayHallucination/Voranor not related to a conflict
but is inherited
in seed TheCore Lite, keys =V
in seed TheCore LiteRehab, keys =V
in seed TheCore LiteMonitor, keys =V

[WARN]: VoodooShield/Immortal not related to a conflict
but is inherited
in seed TheCore Lite, keys =Space
in seed TheCore LiteRehab, keys =Space
in seed TheCore LiteMonitor, keys =Space

[WARN]: WarpInShuttle/RoboticsFacility not related to a conflict
but is inherited
in seed TheCore Lite, keys =F
in seed TheCore LiteRehab, keys =F
in seed TheCore LiteMonitor, keys =F

[WARN]: WarpPrismHallucination/Nexus not related to a conflict
but is inherited
in seed TheCore Lite, keys =F
in seed TheCore LiteRehab, keys =F
in seed TheCore LiteMonitor, keys =F

[WARN]: WarpPrismHallucination/Voranor not related to a conflict
but is inherited
in seed TheCore Lite, keys =F
in seed TheCore LiteRehab, keys =F
in seed TheCore LiteMonitor, keys =F

[WARN]: ZealotHallucination/Nexus not related to a conflict
but is inherited
in seed TheCore Lite, keys =T
in seed TheCore LiteRehab, keys =T
in seed TheCore LiteMonitor, keys =T

[WARN]: ZealotHallucination/Voranor not related to a conflict
but is inherited
in seed TheCore Lite, keys =T
in seed TheCore LiteRehab, keys =T
in seed TheCore LiteMonitor, keys =T

----------------------------
Finished (commands with no attached conflict) - ERRORs: 85 WARNs: 145 
============================