============================
Start suggest inherit (log file: SuggestInheritance.log)
----------------------------
[INFO]: Lite:    
	ActivateIbikisCannon/PlanetaryFortress default: 
	Aggressive/LurkerMPBurrowed default: 
	Arbiter/StargateWarp default: A
	BuildScarab/Reaver default: 
	CorsairMPDisruptionWeb/CorsairMP default: D
	CreepTumor/Queen default: 
	DarkSwarm/Infestor default: 
	DefensiveMatrixTarget/ScienceVessel default: D
	Detonate/SpiderMine default: 
	EMP/ScienceVessel default: 
	EnrageQueen/Queen default: 
	EvadeObserver/Observer default: 
	EvolveBurrowCharge/Hatchery default: 
	Glare/Oracle default: 
	Guardian/Mutalisk default: 
	HellfireThrusters/StarportTechLab default: 
	IgniteAfterburner/Medivac default: 
	IgniteAfterburners/Vulture default: B
	Immortal default: 
	Immortal/Gateway default: 
	Immortal/WarpGate default: 
	ImmortalOverload/ImmortalAiur default: B
	InjectLarva/Queen default: 
	LaunchNullWard/NullSphere default: 
	LightningBomb/TempestPurifier default: D
	LockdownRound/Ghost default: 
	Matrix/Medic default: 
	MindBlast/Spectre default: B
	MorphtoDevourer/Mutalisk default: 
	MutateintoDefilerMound/Drone default: 
	NerveJam/ScienceVessel default: 
	NurturingSwarm/Queen default: 
	Overcharge/OrbitalCommand default: 
	Passive default: 
	PhaseMissile/Scout default: 
	PlaceWard/Oracle default: 
	Plague/Infestor default: 
	PrimalConsume/Infestor default: 
	Probe/KhaydarinNexus default: 
	Recall/Arbiter default: 
	ResearchBarrelStabilizers/BarracksTechLab default: 
	ResearchCharonBooster/FactoryTechLab default: 
	ResearchDrakkenLaserDrillBFG/DrakkenLaserDrillCoop default: D
	ResearchEMP/StarportTechLab default: 
	ResearchEngineeredExplosives/BarracksTechLab default: 
	ResearchEvadeObserver/Observatory default: 
	ResearchFortifiedBunkers/EngineeringBay default: 
	ResearchGraviticBooster/Observatory default: 
	ResearchIonThrusters/FactoryTechLab default: 
	ResearchIrradiate/StarportTechLab default: 
	ResearchKhaydarinCore/ArbiterTribunal default: 
	ResearchKhaydarinGenerator/FleetBeacon default: 
	ResearchMatrix/BarracksTechLab default: 
	ResearchPhobosClassWeaponsSystem/StarportTechLab default: B
	ResearchPhobosClassWeaponsSystem/StarportTechReactor default: B
	ResearchPiercingRockets/StarportTechLab default: 
	ResearchPlasmaCharge/RoboticsBay default: 
	ResearchRecall/ArbiterTribunal default: 
	ResearchRegenerativeBioSteel/Armory default: B
	ResearchShockwaveMissileBattery/StarportTechLab default: S
	ResearchShockwaveMissileBattery/StarportTechReactor default: S
	ResearchSingularityCharge2/CyberneticsCore default: 
	ResearchSpiderMines/FactoryTechLab default: 
	ResearchStabilizerMedpacks/BarracksTechLab default: S
	ResearchStabilizerMedpacks/BarracksTechReactor default: S
	ResearchTimeWarp/FleetBeacon default: 
	ResearchTitanReactor/StarportTechLab default: 
	ResearchTurboGripper/StarportTechLab default: 
	Rift/KhaydarinNexus default: 
	Rift/Nexus default: 
	SJHyperionBlink/Battlecruiser default: 
	SlivanPuke/Devourer default: 
	SpectreDomination/Spectre default: D
	StasisField/Arbiter default: 
	StasisField/ArbiterTribunal default: 
	TargetLock/Monitor default: T
	TimeWarpSentinel/Oracle default: 
	UpgradeLIDARTransmitter/EngineeringBay default: 
	UpgradewithKhaydarinCore/Nexus default: 
	UseSpiderMine/Vulture default: 
	VoidHighTemplarPsiOrb/HighTemplarTaldarim default: T
	VoidSentryMobileMode/SentryPurifier default: T
	VoidStasis/DarkTemplarShakuras default: V
	VoidStasis/DarkTemplarTaldarim default: V
	VoidStasis/VorazunShadowGuard default: V
	WarpInCorsair/Stargate default: 
	WarpInReaver/RoboticsFacility default: 
	WarpinArbiterTribunal/Probe default: 
	WarpinDragoon/Gateway default: 
	WarpinObservatory/Probe default: 
	WormholeTransit/Predator default: 

[INFO]: Lite: 4   
	BunkerLoad default: L
	CommandCenterLoad default: O
	HerculesLoad/Hercules default: L copyof: BunkerLoad default: L
	MorphToSwarmHostSplitA/Larva default: A copyof: SwarmHostMP/Larva default: A
	MorphToSwarmHostSplitB/Larva default: A copyof: SwarmHostMP/Larva default: A
	ProbeHallucination/Nexus default:  copyof: ProbeHallucination/Sentry default: E
	ProbeHallucination/Sentry default: E
	ProbeHallucination/Voranor default:  copyof: ProbeHallucination/Sentry default: E
	ResearchLocustLifetimeIncrease/InfestationPit default: L
	SJHyperionFightersRecall/SJHyperion default: X
	Scourge/Larva default: S copyof: SwarmHostMP/Larva default: A
	SpectreWeaponsFree/Spectre default: G
	SwarmHostMP/Larva default: A
	TechReactorAI/Barracks default: Z
	TechReactorAI/Factory default: Z copyof: TechReactorAI/Barracks default: Z
	TechReactorAI/Starport default: Z copyof: TechReactorAI/Barracks default: Z
	WeaponsFree/Ghost default: G

[INFO]: Lite: 5   
	CampaignVehicles/Factory default: A
	CampaignVehicles/Starport default: A
	HeroNukeCalldown/Nova default: N copyof: NukeCalldown/Ghost default: N
	HeroNukeCalldown/Tosh default: N copyof: NukeCalldown/Ghost default: N
	NukeCalldown/Ghost default: N
	OdinNukeCalldown/Odin default: N copyof: NukeCalldown/Ghost default: N
	Predator/Factory default: P
	SpectreNukeCalldown/Spectre default: N copyof: NukeCalldown/Ghost default: N

[INFO]: Lite: A   
	BileLauncherBombardment/BileLauncherZagara default: A
	CampaignVehicles default: A
	RapidIncubation/SwarmHost default: A
	RapidIncubation/SwarmHostBurrowed default: A
	RapidIncubation/SwarmHostRooted default: A
	RapidIncubation/SwarmHostSplitA default: A copyof: RapidIncubation/SwarmHost default: A
	RapidIncubation/SwarmHostSplitABurrowed default: A copyof: RapidIncubation/SwarmHost default: A
	RapidIncubation/SwarmHostSplitARooted default: A copyof: RapidIncubation/SwarmHost default: A
	RapidIncubation/SwarmHostSplitB default: A copyof: RapidIncubation/SwarmHost default: A
	RapidIncubation/SwarmHostSplitBBurrowed default: A copyof: RapidIncubation/SwarmHost default: A
	RapidIncubation/SwarmHostSplitBRooted default: A copyof: RapidIncubation/SwarmHost default: A
	RapidIncubation/SwarmHostSwarmHostBurrowed default: A copyof: RapidIncubation/SwarmHost default: A
	RapidIncubation/SwarmHostSwarmHostRooted default: A copyof: RapidIncubation/SwarmHost default: A
	ResearchOracleStasisWardUpgrade/FleetBeacon default: A
	ResearchSOASolarLanceUpgrade/SolarForge default: A

[INFO]: Lite: B   
	BattleRage/Khraxus default: B
	ResearchDragoonRange/TwilightCouncil default: B
	ResearchSOAOrbitalStrikeUpgrade/SolarForge default: B
	ResearchStructureBarrier/Forge default: B
	ShapedBlast/SiegeBreakerSieged default: B
	ShapedBlast/SiegeTankSieged default: B
	ShieldBattery/Probe default: B
	ShieldBatteryStructureBarrier/ShieldBattery default: B
	StukovBossBlast/InfestedStukov default: B

[INFO]: Lite: C   
	250mmStrikeCannons/Thor default: C
	250mmStrikeCannons/ThorWreckageSwann default: C
	330mmBarrageCannons/Thor default: C copyof: 250mmStrikeCannons/Thor default: C
	BlindingCloud/Viper default: B
	BuildCyclone/Factory default: N
	CalldownMULE/CommandCenter default: E copyof: CalldownMULE/OrbitalCommand default: E
	CalldownMULE/OrbitalCommand default: E
	CloakOnBanshee default: C
	Colossus/RoboticsFacility default: C
	Colossus/RoboticsFacilityWarp default: C copyof: Colossus/RoboticsFacility default: C
	ColossusHallucination/Nexus default:  copyof: ColossusHallucination/Sentry default: C
	ColossusHallucination/Sentry default: C
	ColossusHallucination/Voranor default:  copyof: ColossusHallucination/Sentry default: C
	CommandCenter/SCV default: C
	CommandCenterOrbRelay/SCV default: C copyof: CommandCenter/SCV default: C
	Consumption/Tosh default: C
	Corruptor/Larva default: C
	CreepTumor/QueenClassic default: C
	DehakaMirrorImage/Dehaka default: T,W
	Diamondback/Factory default: D
	DisablingCloud/Viper default: B copyof: BlindingCloud/Viper default: B
	EvolveAncillaryCarapace/HydraliskDen default: C
	EvolveAncillaryCarapace/ImpalerDen default: C
	EvolveAncillaryCarapace/LurkerDen default: C
	EvolveBroodLordSpeed/GreaterSpire default: E copyof: EvolveBroodLordSpeed/Spire default: E
	EvolveBroodLordSpeed/Spire default: E
	EvolveCentrificalHooks/BanelingNest default: C
	EvolveGlialRegeneration/RoachWarren default: G
	EvolveK5ChainLightning/EvolutionChamber default: R
	EvolveTissueAssimilation/UltraliskCavern default: T
	ExperimentalPlasmaGun/Raynor default: G
	Explode/Baneling default: X
	Explode/BanelingBurrowed default: X
	Explode/HotSHunter default: X copyof: Explode/Baneling default: X
	Explode/HotSHunterBurrowed default: X copyof: Explode/BanelingBurrowed default: X
	Explode/HotSSplitterlingBig default: X copyof: Explode/Baneling default: X
	Explode/HotSSplitterlingBigBurrowed default: F copyof: Explode/BanelingBurrowed default: X
	Explode/baneling default:  copyof: Explode/Baneling default: X
	Explode/baneling2 default:  copyof: Explode/Baneling default: X
	Firebat/Barracks default: F
	Frostbat/Barracks default:  copyof: Firebat/Barracks default: F
	GatherProt default: G
	GenerateCreep/Overlord default: G
	Hatchery/Drone default: H
	HireDevilDogs/MercCompound default: L
	HyperionVoidCoopHyperjump/HyperionVoidCoop default: Q copyof: Hyperjump/Battlecruiser default: T
	Hyperjump/Battlecruiser default: T
	HyperjumpHercules/Hercules default: T copyof: Hyperjump/Battlecruiser default: T
	ImmortalShakurasShadowCannon/ImmortalAiur default: C
	ImmortalShakurasShadowCannon/ImmortalShakuras default: C
	InfestorConsumption/Infestor default: C
	JackhammerConcussionGrenade/HammerSecurity default: C copyof: JackhammerConcussionGrenade/Marauder default: C
	JackhammerConcussionGrenade/Marauder default: C
	KerriganEpilogue03Heal/KerriganEpilogue03 default: C
	KerriganVoidCoopCrushingGripWave/K5Kerrigan default: D
	KerriganVoidCoopCrushingGripWave/K5KerriganBurrowed default: D
	KerriganVoidSpawnBanelings/KerriganVoidUlnar02 default: E
	Liberator/Starport default: N
	Lower/SupplyDepot default: R
	MothershipCoreWeapon/Mothership default: F copyof: MothershipCoreWeapon/MothershipCore default: F
	MothershipCoreWeapon/MothershipCore default: F
	MuscularAugments/HydraliskDen default: A
	Nexus/Harvester default:  copyof: Nexus/Probe default: N
	Nexus/Probe default: N
	OdinBarrage/Odin default: B copyof: 250mmStrikeCannons/Thor default: C
	OracleWeaponOff default: D
	OracleWeaponOff/Oracle default: D copyof: OracleWeaponOff default: D
	PrimalHeal/K5Kerrigan default:  copyof: WildMutation/K5Kerrigan default: E
	PrologueVoidArmor/ZeratulVoidAiur01 default: V
	Research330mmBarrageCannon/FactoryTechLab default: C
	Research330mmBarrageCannon/FactoryTechReactor default: C
	ResearchBansheeCloak/StarportTechLab default: C
	ResearchBansheeCloak/StarportTechReactor default: C copyof: ResearchBansheeCloak/StarportTechLab default: C
	ResearchBattlecruiserSpecializations/FusionCore default: R
	ResearchCerberusMines/FactoryTechLab default: C
	ResearchCerberusMines/FactoryTechReactor default: C copyof: ResearchCerberusMines/FactoryTechLab default: C
	ResearchDarkArchonMindControl/DarkShrine default: C
	ResearchExtendedThermalLance/RoboticsBay default: E
	ResearchFirebat/ScienceFacility default: F copyof: Firebat/Barracks default: F
	ResearchIncineratorNozzles/BarracksTechLab default: R
	ResearchIncineratorNozzles/BarracksTechReactor default: R copyof: ResearchIncineratorNozzles/BarracksTechLab default: R
	ResearchKaraxTurretAttackSpeed/Forge default: E
	ResearchPersonalCloaking/GhostAcademy default: C
	ResearchReaverIncreasedScarabCount/RoboticsBay default: C
	ResearchStrikeCannons/FactoryTechLab default: C
	ResearchStrikeCannons/FactoryTechReactor default:  copyof: ResearchStrikeCannons/FactoryTechLab default: C
	ResearchTransformationServos/FactoryTechLab default: T
	RoboticsBay/Harvester default:  copyof: RoboticsBay/Probe default: B
	RoboticsBay/Probe default: B
	RogueGhostCloak/Spectre default:  copyof: CloakOnBanshee default: C
	SJHyperionBlink/SJHyperion default: Q
	ScourgeNest/Drone default: C
	SetRallyPointSwarmHost/SwarmHostBurrowedMP default: Y
	SpawnBanelings/K5Kerrigan default:  copyof: WildMutation/K5Kerrigan default: E
	SpiderMine/Vulture default: E
	StopGenerateCreep default: C
	StopGenerateCreep/Overlord default: C copyof: StopGenerateCreep default: C
	SwarmQueenRaptor/HugeSwarmQueen default:  copyof: SwarmQueenZergling/SwarmQueen default: T,W
	SwarmQueenRaptor/LargeSwarmQueen default:  copyof: SwarmQueenZergling/SwarmQueen default: T,W
	SwarmQueenRaptor/SwarmQueen default:  copyof: SwarmQueenZergling/SwarmQueen default: T,W
	SwarmQueenSwarmling/HugeSwarmQueen default:  copyof: SwarmQueenZergling/SwarmQueen default: T,W
	SwarmQueenSwarmling/LargeSwarmQueen default:  copyof: SwarmQueenZergling/SwarmQueen default: T,W
	SwarmQueenSwarmling/SwarmQueen default:  copyof: SwarmQueenZergling/SwarmQueen default: T,W
	SwarmQueenZergling/HugeSwarmQueen default: T,W copyof: SwarmQueenZergling/SwarmQueen default: T,W
	SwarmQueenZergling/LargeSwarmQueen default: T,W copyof: SwarmQueenZergling/SwarmQueen default: T,W
	SwarmQueenZergling/SwarmQueen default: T,W
	SwarmQueenZergling/SwarmQueenEgg default: T,W copyof: SwarmQueenZergling/SwarmQueen default: T,W
	TimeWarp/Nexus default: C
	UpgradeBuildingArmorLevel1/EngineeringBay default: B
	VoidSentryChronoBeam/SentryPurifier default: C
	VoidShieldCapacitor/FenixChampion default: C
	WarpInDarkArchonChampion/TwilightCouncil default: R
	WarpInScout/Stargate default: S
	WidowMineAttack/WidowMine default: C
	WildMutation/K5Kerrigan default: E
	WildMutation/K5KerriganBurrowed default: E
	WildMutation/KerriganVoid default: E copyof: WildMutation/K5Kerrigan default: E
	WildMutation/KerriganVoidBurrowed default: E copyof: WildMutation/K5KerriganBurrowed default: E
	Wraith/Starport default: A,W,T
	WraithCloakOn/Wraith default: C copyof: CloakOnBanshee default: C
	ZagaraVoidCoopSpawnHunterKillers/ZagaraVoidCoopBurrowed default: W
	overlordspeed default: P
	zerglingmovementspeed/SpawningPool default: M

[INFO]: Lite: C,CapsLock   
	BuildCreepTumor/BroodMother default:  copyof: BuildCreepTumor/Queen default: C
	BuildCreepTumor/Queen default: C
	BuildCreepTumor/Queen2 default:  copyof: BuildCreepTumor/Queen default: C
	BuildCreepTumor/QueenCoop default: C copyof: BuildCreepTumor/Queen default: C
	BuildCreepTumorPropagate/CreepTumorBurrowed default: C
	SwarmHost/SwarmHostMP default: C
	VoidSwarmHostSpawnLocust/SwarmHostBurrowedMP default: C

[INFO]: Lite: C,Space   
	AutoTurret/Raven default: T
	BuildAutoTurret/Raven default:  copyof: AutoTurret/Raven default: T
	CausticSpray/Corruptor default: C
	Contaminate/Overseer default: E
	CorruptionAbility/Corruptor default: C
	DutchPlaceTurret/Swann default: T copyof: AutoTurret/Raven default: T
	Feedback/AnAleemController default:  copyof: Feedback/HighTemplar default: F
	Feedback/Archon default: F
	Feedback/HighArchonTemplar default: F copyof: Feedback/HighTemplar default: F
	Feedback/HighTemplar default: F
	Feedback/Khiradun default:  copyof: Feedback/HighTemplar default: F
	PsionicBolt/Telios default:  copyof: Feedback/HighTemplar default: F
	RavagerCorrosiveBile/Ravager default: C
	VoidSiphon/Oracle default: D
	ZagaraVoidCoopSpawnHunterKillers/ZagaraVoidCoop default: W

[INFO]: Lite: CapsLock   
	ArchonHallucination/Nexus default:  copyof: ArchonHallucination/Sentry default: N
	ArchonHallucination/Sentry default: N
	ArchonHallucination/Voranor default:  copyof: ArchonHallucination/Sentry default: N
	Barracks/SCV default: B
	BuildTechLabFactory/FactoryFlying default: X copyof: TechLabBarracks/Barracks default: X
	BuildTechLabStarport/StarportFlying default: X copyof: TechLabBarracks/Barracks default: X
	Consume/GiantYeti default: W copyof: ParasiticInvasion/LarvalQueen default: Q
	Consume/Lyote default: W copyof: ParasiticInvasion/LarvalQueen default: Q
	Gateway/Harvester default:  copyof: Gateway/Probe default: G
	Gateway/Probe default: G
	Hallucination/Sentry default: C
	Hallucination/Sentry2 default:  copyof: Hallucination/Sentry default: C
	Hallucination2/Voranor default:  copyof: Hallucination/Sentry default: C
	HireDukesRevenge/MercCompound default: U
	HireDukesRevenge/Starport default: U
	MindBolt/K5Kerrigan default: Q
	MindBolt/K5KerriganBurrowed default: Q
	MindBolt/KerriganGhostLab default: Q copyof: MindBolt/K5Kerrigan default: Q
	MindBolt/KerriganVoid default: Q copyof: MindBolt/K5Kerrigan default: Q
	MindBolt/KerriganVoidBurrowed default: Q copyof: MindBolt/K5KerriganBurrowed default: Q
	MorphtoOverlordTransport/Overlord default: T
	NukeArm/GhostAcademy default: N
	Overlord/Larva default: V
	ParasiticInvasion/LarvalQueen default: Q
	PrimalSlash/K5Kerrigan default:  copyof: MindBolt/K5Kerrigan default: Q
	ProtossBuildAdvanced/Harvester default:  copyof: ProtossBuildAdvanced/Probe default: V
	ProtossBuildAdvanced/Probe default: V
	Queen default: Q
	QueenCoop default: Q copyof: Queen default: Q
	ResearchTechReactor/ScienceFacility default: E copyof: TechLabBarracks/Barracks default: X
	RoachWarren/Drone default: R
	Scan/CommandCenter default: C
	SpectreNukeArm/GhostAcademy default: N copyof: NukeArm/GhostAcademy default: N
	SwarmHostDeepBurrow/SwarmHostSplitB default: D
	SwarmHostDeepBurrow/SwarmHostSplitBBurrowed default: D copyof: SwarmHostDeepBurrow/SwarmHostSplitB default: D
	SwarmHostDeepBurrow/SwarmHostSplitBRooted default: D copyof: SwarmHostDeepBurrow/SwarmHostSplitB default: D
	SwarmQueenParasiticInvasion/HugeSwarmQueen default: Q copyof: ParasiticInvasion/LarvalQueen default: Q
	SwarmQueenParasiticInvasion/LargeSwarmQueen default: Q copyof: ParasiticInvasion/LarvalQueen default: Q
	SwarmQueenParasiticInvasion/SwarmQueen default: Q copyof: ParasiticInvasion/LarvalQueen default: Q
	TechLabBarracks/Barracks default: X
	TechLabBarracks/BarracksFlying default: X copyof: TechLabBarracks/Barracks default: X
	TechLabFactory/Factory default: X copyof: TechLabBarracks/Barracks default: X
	TechLabStarport/Starport default: X copyof: TechLabBarracks/Barracks default: X
	TechReactor/Barracks default:  copyof: TechLabBarracks/Barracks default: X
	TechReactor/BarracksFlying default: Z copyof: TechLabBarracks/Barracks default: X
	TechReactor/Factory default:  copyof: TechLabBarracks/Barracks default: X
	TechReactor/FactoryFlying default: Z copyof: TechLabBarracks/Barracks default: X
	TechReactor/Starport default:  copyof: TechLabBarracks/Barracks default: X
	TechReactor/StarportFlying default: Z copyof: TechLabBarracks/Barracks default: X
	TerranBuildAdvanced/SCV default: V
	VoidSentryShieldRepair/Sentry default: Q
	VoidSentryShieldRepairDouble/SentryAiur default: Q
	ZagaraVoidCoopBanelingBarrage/ZagaraVoidCoop default: Q
	ZagaraVoidCoopBanelingBarrage/ZagaraVoidCoopBurrowed default: Q
	ZergBuildAdvanced/Drone default: V

[INFO]: Lite: E,CapsLock   
	BuildPointDefenseDrone/Raven default:  copyof: PointDefenseDrone/Raven default: D
	PointDefenseDrone/Raven default: D
	SpawnChangeling/Overseer default: C

[INFO]: Lite: D   
	AnionPulseCrystals/FleetBeacon default: R
	Attack default: A
	AttackAllowsInvulnerable/DrakkenLaserDrill default:  copyof: Attack default: A
	AttackChampions default:  copyof: Attack default: A
	BansheeSpeed/StarportTechLab default: B
	EvolveAdaptivePlating/RoachWarren default: D
	EvolveBileLauncherBombardmentCooldown/SpawningPool default: D
	EvolveBurrowCharge/UltraliskCavern default: B
	EvolveFlyingLocusts/InfestationPit default: L
	Factory/SCV default: F
	HireHelsAngels/Starport default: A
	HireKelmorianMiners/MercCompound default: P
	HydraliskDen/Drone default: H
	Marauder/Barracks default: D
	Medivac/Starport default: D
	MorphToRaptor/Larva default: Z copyof: Zergling/Larva default: Z
	MorphToSwarmling/Larva default: Z copyof: Zergling/Larva default: Z
	MutateintoLurkerDen/HydraliskDen default: D
	OracleAttack default: A copyof: Attack default: A
	OrbitalCommand/CommandCenter default: B
	Phoenix/Stargate default: X
	Phoenix/StargateWarp default: X copyof: Phoenix/Stargate default: X
	PhoenixHallucination/Nexus default:  copyof: PhoenixHallucination/Sentry default: X
	PhoenixHallucination/Sentry default: X
	ProtossAirWeaponsLevel1/CyberneticsCore default: E
	ProtossGroundWeaponsLevel1/Forge default: G
	Pylon/Harvester default:  copyof: Pylon/Probe default: E
	Pylon/Probe default: E
	ResearchCharge/TwilightCouncil default: C
	ResearchDrillClaws/FactoryTechLab default: C
	ResearchHighTemplarEnergyUpgrade/TemplarArchive default: K
	ResearchJackhammerConcussionGrenade/BarracksTechLab default: C copyof: ResearchPunisherGrenades/BarracksTechLab default: G
	ResearchJackhammerConcussionGrenade/BarracksTechReactor default: C copyof: ResearchPunisherGrenades/BarracksTechLab default: G
	ResearchMedivacEnergyUpgrade/StarportTechLab default: A
	ResearchMedivacEnergyUpgrade/StarportTechReactor default: A copyof: ResearchMedivacEnergyUpgrade/StarportTechLab default: A
	ResearchPerditionTurret/ScienceFacility default: P
	ResearchPunisherGrenades/BarracksTechLab default: G
	ResearchPunisherGrenades/BarracksTechReactor default: G copyof: ResearchPunisherGrenades/BarracksTechLab default: G
	ResearchVoidRaySpeedUpgrade/FleetBeacon default: F
	RespawnZergling/Hatchery default: Z
	RespawnZergling/Hive default: Z copyof: RespawnZergling/Hatchery default: Z
	RespawnZergling/Lair default: Z copyof: RespawnZergling/Hatchery default: Z
	RoboticsFacility/Harvester default:  copyof: RoboticsFacility/Probe default: R
	RoboticsFacility/Probe default: R
	SpawningPool/Drone default: S
	Summon2ScoutHallucinations/Sentry default:  copyof: PhoenixHallucination/Sentry default: X
	Summon2ScoutHallucinations/Voranor default:  copyof: PhoenixHallucination/Sentry default: X
	SummonNydusWorm/NydusNetwork default: N
	SupplyDepot/SCV default: S
	SupplyDepotDrop/SCV default:  copyof: SupplyDepot/SCV default: S
	SupplyDrop/OrbitalCommand default: X
	TempestRangeUpgrade/FleetBeacon default: S
	TerranInfantryWeaponsLevel1/EngineeringBay default: E
	TerranInfantryWeaponsUltraCapacitorsLevel1/EngineeringBay default: E copyof: TerranInfantryWeaponsLevel1/EngineeringBay default: E
	TerranInfantryWeaponsUltraCapacitorsLevel2/EngineeringBay default: E copyof: TerranInfantryWeaponsLevel1/EngineeringBay default: E
	TerranInfantryWeaponsUltraCapacitorsLevel3/EngineeringBay default: E copyof: TerranInfantryWeaponsLevel1/EngineeringBay default: E
	TerranShipWeaponsLevel1/Armory default: S
	TerranShipWeaponsUltraCapacitorsLevel1/Armory default: S copyof: TerranShipWeaponsLevel1/Armory default: S
	TerranShipWeaponsUltraCapacitorsLevel2/Armory default: S copyof: TerranShipWeaponsLevel1/Armory default: S
	TerranShipWeaponsUltraCapacitorsLevel3/Armory default: S copyof: TerranShipWeaponsLevel1/Armory default: S
	TerranVehicleAndShipWeaponsLevel1/Armory default: E
	WarHound/Factory default: R
	WarpinDisruptor/RoboticsFacility default: D
	WidowMine/Factory default: D
	ZagaraVoidCoopBanelingSpawner/BanelingNest default: B
	ZagaraVoidCoopNydusWorm/NydusNetwork default: R copyof: SummonNydusWorm/NydusNetwork default: N
	Zealot default: Z
	Zergling/Larva default: Z
	zergflyerattack1 default: A
	zergmeleeweapons1/EvolutionChamber default: M

[INFO]: Lite: E   
	Aberration/Larva default: B
	AdeptResearchPiercingUpgrade/TwilightCouncil default: A
	AlarakDeadlyCharge/AlarakChampion default: E
	Armory/SCV default: A
	ArtanisAstralWind/ArtanisVoid default: E
	Baneling/HotSRaptor default: E copyof: Baneling/Zergling default: E
	Baneling/HotSSwarmling default: E copyof: Baneling/Zergling default: E
	Baneling/Zergling default: E
	Baneling/Zergling2 default:  copyof: Baneling/Zergling default: E
	Banshee/Starport default: E
	BroodLord/Corruptor default: B
	BroodLord/MutaliskBroodlord default: B copyof: BroodLord/Corruptor default: B
	BunkerUnloadAll default: D
	CommandCenterUnloadAll default: D
	DehakaHeal/Dehaka default: E
	DisableBuildingAttack/Baneling default: G
	DisableBuildingAttack/HotSHunter default: G copyof: DisableBuildingAttack/Baneling default: G
	DisableBuildingAttack/HotSSplitterlingBig default: G copyof: DisableBuildingAttack/Baneling default: G
	DisableBuildingAttack/baneling default:  copyof: DisableBuildingAttack/Baneling default: G
	DisableBuildingAttack/baneling2 default:  copyof: DisableBuildingAttack/Baneling default: G
	DisableBuildingAttackScourge/Scourge default: G copyof: DisableBuildingAttack/Baneling default: G
	DisableBuildingAttackSplitterling/HotSSplitterlingBig default: G copyof: DisableBuildingAttack/Baneling default: G
	Domination/Nova default: D
	EMP/Ghost default: E
	EngineeringBay/SCV default: E
	EvolutionChamber/Drone default: V
	EvolveBanelingHeal/BanelingNest default: E
	EvolveBileLauncherIncreasedRange/SpawningPool default: B
	EvolveChitinousPlating/UltraliskCavern default: C
	EvolveK5Cooldowns/EvolutionChamber default: E
	EvolveScourgeGasCostReduction/ScourgeNest default: G
	FaceEmbrace/Viper default: D
	FenixWhirlwind/FenixChampion default: E copyof: VoidZealotWhirlwind/ZealotAiur default: E
	FenixWhirlwind/FenixSOA default: E copyof: VoidZealotWhirlwind/ZealotAiur default: E
	ForceField/Sentry default: F
	ForceField2/Sentry2 default:  copyof: ForceField/Sentry default: F
	Forge/Harvester default:  copyof: Forge/Probe default: F
	Forge/Probe default: F
	GreaterSpire/Spire default: G
	GreaterSpireBroodlord/Spire default: G copyof: GreaterSpire/Spire default: G
	Hellion/Factory default: E
	HerculesUnloadAll/Hercules default: D copyof: BunkerUnloadAll default: D
	HighArchonPsiStorm/HighArchonTemplar default: T copyof: PsiStorm/HighTemplar default: T
	HireHammerSecurities/MercCompound default: H
	Hive/Lair default: H copyof: Lair/Hatchery default: L
	IgniteAfterburners/Banshee default: B
	IgniteAfterburners/Battlecruiser default: B
	IgniteAfterburners/Liberator default: B
	IgniteAfterburners/SiegeTank default: B
	IgniteAfterburners/VikingAssault default: B
	Impaler/HydraliskImpaler default: E copyof: LurkerMP/Hydralisk default: E
	ImpalerDen/HydraliskDen default:  copyof: Lair/Hatchery default: L
	KerriganEpilogue03Extinction/KerriganEpilogue03 default: E
	KerriganVoidApocalypse/KerriganVoidUlnar02 default: D
	KhalaShockwave/Immortal default:  copyof: PsiStorm/HighTemplar default: T
	Lair/Hatchery default: L
	LightofAiur/Oracle default: T
	LocustFlyingLaunch/SwarmHostSplitABurrowed default: C copyof: SwarmHost/SwarmHostBurrowedMP default: C
	LocustFlyingLaunch/SwarmHostSplitARooted default: C copyof: SwarmHost/SwarmHostBurrowedMP default: C
	LocustLaunch/SwarmHostBurrowed default: C copyof: SwarmHost/SwarmHostBurrowedMP default: C
	LocustLaunch/SwarmHostRooted default: C copyof: SwarmHost/SwarmHostBurrowedMP default: C
	LocustLaunchCreeper/SwarmHostSplitBBurrowed default: C copyof: SwarmHost/SwarmHostBurrowedMP default: C
	LocustLaunchCreeper/SwarmHostSplitBRooted default: C copyof: SwarmHost/SwarmHostBurrowedMP default: C
	Lurker/Hydralisk default:  copyof: LurkerMP/Hydralisk default: E
	Lurker/HydraliskLurker default: E copyof: LurkerMP/Hydralisk default: E
	LurkerDen/HydraliskDen default: D
	LurkerMP/Hydralisk default: E
	Marine/Barracks default: A
	MissilePods/Battlecruiser default: E
	MissilePods/DukesRevenge default: E copyof: MissilePods/Battlecruiser default: E
	MohandarOmnislash/VorazunChampion default: E
	MorphtoHunter/HotSRaptor default: E copyof: Baneling/Zergling default: E
	MorphtoHunter/HotSSwarmling default: E copyof: Baneling/Zergling default: E
	MorphtoObserver/Observer default: T
	MorphtoOverseer/Overseer default: T
	MorphtoSplitterling/HotSRaptor default: E copyof: Baneling/Zergling default: E
	MorphtoSplitterling/HotSSwarmling default: E copyof: Baneling/Zergling default: E
	Mothership/Nexus default: M copyof: MothershipCore/Nexus default: M
	MothershipCore/Nexus default: M
	NPSwarm/Infestor default: E copyof: NeuralParasite/Infestor default: E
	NeuralParasite/Infestor default: E
	NeuralParasite/Infestor2 default:  copyof: NeuralParasite/Infestor default: E
	OracleBuildStasisTrap/Oracle default: T
	OracleEnergyUpgrade/FleetBeacon default: A
	OracleHallucination/Sentry default: L
	PhaseCannon/KaraxChampion default: E
	PoisonNova/HotSNoxious default: T,W
	ProtossShieldsLevel1/Forge default: S
	PsiStorm/AnAleemController default:  copyof: PsiStorm/HighTemplar default: T
	PsiStorm/Archon default: T
	PsiStorm/HighTemplar default: T
	PsiStorm/Khiradun default:  copyof: PsiStorm/HighTemplar default: T
	PsiStorm/Telios default:  copyof: PsiStorm/HighTemplar default: T
	PsionicLift/K5KerriganBurrowed default: T,W
	PsionicLift/KerriganVoidBurrowed default: T copyof: PsionicLift/K5KerriganBurrowed default: T,W
	QueenBurstHeal/Queen default: T copyof: Transfusion/Queen default: T
	QueenMPEnsnare/QueenClassic default: E
	RapidIncubation/InfestationPit default: A
	Ravager/Roach default: V
	ResearchAresClassTargetingSystem/FactoryTechLab default: E
	ResearchAresClassTargetingSystem/FactoryTechReactor default: E
	ResearchDarkArchonFullStartingEnergy/DarkShrine default: E
	ResearchDragoonChassis/TwilightCouncil default: E
	ResearchExplosiveShrapnelShells/StarportTechLab default: E
	ResearchHallucination/CyberneticsCore default: H
	ResearchHellion/ScienceFacility default: H copyof: Hellion/Factory default: E
	ResearchHiSecAutoTracking/EngineeringBay default: H
	ResearchImprovedTurretAttackSpeed/EngineeringBay default: R
	ResearchLurkerRange/LurkerDen default: E
	ResearchShieldWall/BarracksTechLab default: C
	ResearchShieldWall/BarracksTechReactor default: C copyof: ResearchShieldWall/BarracksTechLab default: C
	ResearchSolarEfficiencyLevel1/SolarForge default: E
	ResearchStabilizerMedPacks/BarracksTechLab default: S,E
	ResearchStabilizerMedPacks/BarracksTechReactor default: S,E copyof: ResearchStabilizerMedPacks/BarracksTechLab default: S,E
	ResourceStun/Oracle default: E
	ReturnCargo default: C
	SJHyperionFighters/SJHyperion default: T,W
	SapStructure/Baneling default: C
	ShadowBlade/PrologueZeratul default: E
	ShadowBlade/ZeratulVoidAiur01 default: E
	StukovCrystalChannel/InfestedStukov default: Period
	SwannCommanderRebuild default: R
	SwarmHost/SwarmHostBurrowedMP default: C
	SwarmQueenCorpser/HugeSwarmQueen default:  copyof: SwarmQueenRoach/HugeSwarmQueen default: E
	SwarmQueenCorpser/LargeSwarmQueen default:  copyof: SwarmQueenRoach/HugeSwarmQueen default: E
	SwarmQueenCorpser/SwarmQueen default:  copyof: SwarmQueenRoach/HugeSwarmQueen default: E
	SwarmQueenRoach/HugeSwarmQueen default: E
	SwarmQueenRoach/LargeSwarmQueen default: E copyof: SwarmQueenRoach/HugeSwarmQueen default: E
	SwarmQueenRoach/SwarmQueenEgg default: E copyof: SwarmQueenRoach/HugeSwarmQueen default: E
	SwarmQueenVile/HugeSwarmQueen default:  copyof: SwarmQueenRoach/HugeSwarmQueen default: E
	SwarmQueenVile/LargeSwarmQueen default:  copyof: SwarmQueenRoach/HugeSwarmQueen default: E
	SwarmQueenVile/SwarmQueen default:  copyof: SwarmQueenRoach/HugeSwarmQueen default: E
	TemporalField/Mothership default: T,C copyof: TemporalField/MothershipCore default: T,C
	TemporalField/MothershipCore default: T,C
	TerranVehicleWeaponsLevel1/Armory default: E
	TerranVehicleWeaponsUltraCapacitorsLevel1/Armory default: E copyof: TerranVehicleWeaponsLevel1/Armory default: E
	TerranVehicleWeaponsUltraCapacitorsLevel2/Armory default: E copyof: TerranVehicleWeaponsLevel1/Armory default: E
	TerranVehicleWeaponsUltraCapacitorsLevel3/Armory default: E copyof: TerranVehicleWeaponsLevel1/Armory default: E
	ThorDefensiveMatrix/Thor default: D
	ThorDefensiveMatrix/ThorWreckageSwann default: D
	TornadoMissile/WarHound default: E
	TossGrenade/Raynor default: T
	Transfusion/BroodMother default:  copyof: Transfusion/Queen default: T
	Transfusion/Queen default: T
	Transfusion/Queen2 default:  copyof: Transfusion/Queen default: T
	Transfusion/QueenCoop default: T copyof: Transfusion/Queen default: T
	TwilightCouncil/Harvester default:  copyof: TwilightCouncil/Probe default: C
	TwilightCouncil/Probe default: C
	UltraliskCavern/Drone default: U
	UltrasonicPulse/Spectre default: U copyof: EMP/Ghost default: E
	UpgradeToRoboticsFacilityWarp/RoboticsFacility default: G copyof: UpgradeToWarpGate/Gateway default: G
	UpgradeToStargateWarp/Stargate default: G copyof: UpgradeToWarpGate/Gateway default: G
	UpgradeToWarpGate/Gateway default: G
	Viper/Larva default: E
	Viper/MutaliskViper default: E copyof: BroodLord/Corruptor default: B
	VoidSentryBlackHole/SOAMothershipv4 default: E
	VoidSentryPhasingMode/SentryPurifier default: E
	VoidShadowGuardShadowFury/VorazunShadowGuard default: E
	VoidZealotWhirlwind/ZealotAiur default: E
	VoodooShield/Spectre default: E
	VoodooShield/Tosh default: D
	Vortex/Artanis default: V copyof: TemporalField/MothershipCore default: T,C
	Vortex/Mothership default: V copyof: TemporalField/MothershipCore default: T,C
	WarpInReaverChampion/TwilightCouncil default: E
	WraithCloak/StarportTechLab default: L
	WraithCloak/StarportTechReactor default: L copyof: WraithCloak/StarportTechLab default: L
	ZagaraVoidCoopMassFrenzy/ZagaraVoidCoop default: E
	ZagaraVoidCoopMassFrenzy/ZagaraVoidCoopBurrowed default: E
	ZeratulStun/Zeratul default: V
	ZeratulStun/ZeratulVoid default: V copyof: ZeratulStun/Zeratul default: V

[INFO]: Lite: E,Space   
	GravitonBeam/Phoenix default: G
	GravitonBeam/Urun default: G copyof: GravitonBeam/Phoenix default: G
	GravitonBeamVoidCampaign/PhoenixPurifier default: G copyof: GravitonBeam/Phoenix default: G
	PsiStrike/K5Kerrigan default:  copyof: PsionicLift/K5Kerrigan default: T,W
	PsionicLift/K5Kerrigan default: T,W
	PsionicLift/KerriganGhostLab default: T,W copyof: PsionicLift/K5Kerrigan default: T,W
	PsionicLift/KerriganVoid default: T copyof: PsionicLift/K5Kerrigan default: T,W
	VoidRaySwarmDamageBoost/VoidRay default: E

[INFO]: Lite: Escape   
	Cancel default: Escape
	CancelCocoon default:  copyof: Cancel default: Escape
	CancelMutateMorph default:  copyof: Cancel default: Escape
	CancelUpgradeMorph default:  copyof: Cancel default: Escape

[INFO]: Lite: F   
	Apocalypse/K5Kerrigan default:  copyof: K5Leviathan/K5Kerrigan default: D
	Arbiter/Stargate default: A
	ArbiterMPStasisField/ArbiterMP default: F
	DarkArchonConfusion/DarkArchon default: F
	DarkShrine/Harvester default:  copyof: DarkShrine/Probe default: D
	DarkShrine/Probe default: D
	DarkTemplar default: D
	DeepTunnel/Queen default: D
	DeepTunnel/QueenCoop default: T
	EnableBuildingAttackScourge/Scourge default: F
	EvolveBanelingCorrosiveBile/BanelingNest default: A
	EvolveFrenzy/HydraliskDen default: F
	EvolveFrenzy/ImpalerDen default: F
	EvolveFrenzy/LurkerDen default: F
	EvolveHardenedCarapace/SpawningPool default: C
	EvolveHydriodicBile/RoachWarren default: B
	EvolveKerriganHeroicFortitude/EvolutionChamber default: F
	EvolveSunderingGlave/GreaterSpire default: S
	EvolveSunderingGlave/Spire default: S
	GhostHoldFire/Ghost default: F
	GrowHugeQueen/LargeSwarmQueen default: G copyof: GrowSwarmQueen/LarvalQueen default: G
	GrowLargeQueen/SwarmQueen default: G copyof: GrowSwarmQueen/LarvalQueen default: G
	GrowSwarmQueen/LarvalQueen default: G
	Halt default: T
	InfestedTerrans/Infestor default: T
	InfestedTerrans/Infestor2 default:  copyof: InfestedTerrans/Infestor default: T
	InfestedTerrans/InfestorBurrowed default: T copyof: InfestedTerrans/Infestor default: T
	Infestor/Larva default: F
	K5DropPods/K5Kerrigan default: D copyof: K5Leviathan/K5Kerrigan default: D
	K5Leviathan/K5Kerrigan default: D
	K5Leviathan/K5KerriganBurrowed default: D
	K5Leviathan/KerriganVoid default: D copyof: K5Leviathan/K5Kerrigan default: D
	K5Leviathan/KerriganVoidBurrowed default: D copyof: K5Leviathan/K5KerriganBurrowed default: D
	KerriganVoidCoopEconDrop/K5Kerrigan default: E
	KerriganVoidCoopEconDrop/K5KerriganBurrowed default: E
	Land default: L
	Lift default: L
	LurkerHoldFire/LurkerBurrowed default: F copyof: LurkerHoldFire/LurkerMPBurrowed default: F
	LurkerHoldFire/LurkerMPBurrowed default: F
	MassRoachDrop/ZagaraVoidCoop default: D
	MassRoachDrop/ZagaraVoidCoopBurrowed default: D
	MissileTurret/SCV default: T
	MorphtoDefiler/Larva default:  copyof: Infestor/Larva default: F
	NydusNetwork/Drone default: N
	PhotonCannon/Harvester default:  copyof: PhotonCannon/Probe default: C
	PhotonCannon/Probe default: C
	PrologueVoidArmor/PrologueZeratul default: V
	ResearchBallisticRange/StarportTechLab default: N
	ResearchMedic/ScienceFacility default: C
	ResearchNeuralParasite/InfestationPit default: E
	ResearchReaverIncreasedScarabSplashRadius/RoboticsBay default: A
	ResearchTempestDisintegration/FleetBeacon default: D
	ResearchWhirlwind/TwilightCouncil default: D
	SentryTaldarimForceField/Monitor default: F
	SpectreHoldFire/Spectre default: F copyof: GhostHoldFire/Ghost default: F
	SporeCrawler/Drone default: A
	StukovInfestedTerrans/InfestedStukov default: T,W copyof: InfestedTerrans/Infestor default: T
	SwarmQueenHydralisk/HugeSwarmQueen default: D
	SwarmQueenHydralisk/SwarmQueenEgg default: D copyof: SwarmQueenHydralisk/HugeSwarmQueen default: D
	SwarmQueenHydraliskImpaler/HugeSwarmQueen default:  copyof: SwarmQueenHydralisk/HugeSwarmQueen default: D
	SwarmQueenHydraliskImpaler/LargeSwarmQueen default:  copyof: SwarmQueenHydralisk/HugeSwarmQueen default: D
	SwarmQueenHydraliskImpaler/SwarmQueen default:  copyof: SwarmQueenHydralisk/HugeSwarmQueen default: D
	SwarmQueenHydraliskLurker/HugeSwarmQueen default:  copyof: SwarmQueenHydralisk/HugeSwarmQueen default: D
	SwarmQueenHydraliskLurker/LargeSwarmQueen default:  copyof: SwarmQueenHydralisk/HugeSwarmQueen default: D
	SwarmQueenHydraliskLurker/SwarmQueen default:  copyof: SwarmQueenHydralisk/HugeSwarmQueen default: D
	VoidHighTemplarMindBlast/HighTemplarTaldarim default: F
	WarpInFenixChampion/TwilightCouncil default: F
	WarpInShuttle/RoboticsFacility default:  copyof: WarpPrism/RoboticsFacility default: A
	WarpPrism/RoboticsFacility default: A
	WarpPrismHallucination/Nexus default:  copyof: WarpPrismHallucination/Sentry default: R
	WarpPrismHallucination/Sentry default: R
	WarpPrismHallucination/Voranor default:  copyof: WarpPrismHallucination/Sentry default: R

[INFO]: Lite: Space,F   
	HyperionVoidCoopYamatoCannon/HyperionVoidCoop default: Y copyof: YamatoGun default: Y
	SJHyperionYamato/SJHyperion default: E copyof: YamatoGun default: Y
	YamatoGun default: Y

[INFO]: Lite: G   
	Battlecruiser/Starport default: B
	Bunker/SCV default: U
	BunkerFortified/SCV default: U copyof: Bunker/SCV default: U
	Carrier/Stargate default: C
	Carrier/StargateWarp default: C copyof: Carrier/Stargate default: C
	CyberneticsCore/Harvester default:  copyof: CyberneticsCore/Probe default: Y
	CyberneticsCore/Probe default: Y
	FleetBeacon/Harvester default:  copyof: FleetBeacon/Probe default: F
	FleetBeacon/Probe default: F
	FusionCore/SCV default: C
	GravitonBeam/PhoenixPurifier default: G
	HellionTank/Factory default: R
	HireHelsAngels/MercCompound default: A
	LurkerCancelHoldFire/LurkerBurrowed default: G copyof: LurkerCancelHoldFire/LurkerMPBurrowed default: G
	LurkerCancelHoldFire/LurkerMPBurrowed default: G
	Medic/Barracks default: E
	MorphToHotSNoxious/Larva default: U copyof: Ultralisk/Larva default: U
	MorphToHotSTorrasque/Larva default: U copyof: Ultralisk/Larva default: U
	MoveHoldPosition default: H
	RallyEgg default: G
	ResearchDoubleGravitonBeam/FleetBeacon default: G
	ResearchGoliath/ScienceFacility default: G copyof: HellionTank/Factory default: R
	ResearchWarpGate/CyberneticsCore default: G
	SpineCrawler/Drone default: C
	StalkerHallucination/Nexus default:  copyof: StalkerHallucination/Sentry default: S
	StalkerHallucination/Sentry default: S
	Summon2DragoonHallucinations/Sentry default:  copyof: StalkerHallucination/Sentry default: S
	Summon2DragoonHallucinations/Voranor default:  copyof: StalkerHallucination/Sentry default: S
	Ultralisk/Larva default: U
	Vulture/Factory default: V
	WarpInAdept/Gateway default: H
	WarpInAdept/WarpGate default: H
	WarpInVulcanChampion/TwilightCouncil default: X
	zerglingattackspeed/SpawningPool default: A

[INFO]: Lite: H   
	AdeptHallucination/Sentry default: H
	Brutalisk/Larva default: X
	BuildHercules/Starport default: H
	Goliath/Factory default: G
	HireHammerSecurities/Barracks default: H
	MercMedic/MercCompound default: B
	Move default: M
	MoveChampions default:  copyof: Move default: M
	ResearchBunkerUpgrade/ScienceFacility default: B
	ResearchHealingPsionicStorm/TemplarArchive default: H
	ResearchHellbatHellArmor/FactoryTechLab default: H
	ResearchHellbatHellArmor/FactoryTechReactor default: H

[INFO]: Lite: I   
	HireDuskWing/Starport default: I
	ImmortalityProtocol/Thor default: I
	ImmortalityProtocol/ThorWreckage default: I
	ResearchIncineratorGauntlets/BarracksTechLab default: I
	ResearchIncineratorGauntlets/BarracksTechReactor default: I

[INFO]: Lite: J   
	ArtanisChannel/ArtanisVoid default: J
	MercReaper/Barracks default: J
	MercReaper/MercCompound default: J
	ResearchJuggernautPlating/BarracksTechLab default: J
	ResearchJuggernautPlating/BarracksTechReactor default: J

[INFO]: Lite: K   
	ArtanisChannelOff/ArtanisVoid default: K
	HireSiegeBreakers/Factory default: K

[INFO]: Lite: L   
	HireDevilDogs/Barracks default: L
	ResearchMultiLockWeaponsSystem/FactoryTechLab default: L
	ResearchMultiLockWeaponsSystem/FactoryTechReactor default: L

[INFO]: Lite: M   
	MengskUnits/Barracks default: M
	MengskUnits/Factory default: M
	MengskUnits/Starport default: M
	MercCompound/SCV default: M
	MicroBot/Factory default: M
	ResearchMaelstromRounds/FactoryTechLab default: M
	ResearchMaelstromRounds/FactoryTechReactor default: M

[INFO]: Lite: N   
	DisruptorHallucination/Sentry default: D
	MercHellion/Factory default: N
	MercHellion/MercCompound default: N
	MorphBackToGateway/WarpGate default: M
	MorphBackToRoboticsFacility/RoboticsFacilityWarp default: M copyof: MorphBackToGateway/WarpGate default: M
	MorphBackToStargate/StargateWarp default: M copyof: MorphBackToGateway/WarpGate default: M
	NukeCalldown/Spectre default: N
	Spectre/Barracks default: G,S
	ZagaraBileLauncher/Drone default: N

[INFO]: Lite: O   
	EvolveOrganicCarapace/RoachWarren default: O
	ResearchCycloneLockOnDamageUpgrade/FactoryTechLab default: O
	ResearchCycloneLockOnDamageUpgrade/FactoryTechReactor default: O

[INFO]: Lite: P   
	EvolvePeristalsis/InfestationPit default: P
	HireKelmorianMiners/Barracks default: P
	PerditionTurret/SCV default: P

[INFO]: Lite: Q   
	AlarakKnockback/AlarakChampion default: Q
	ArtanisLightningDash/ArtanisVoid default: Q
	GiantYetiLeap/GiantYeti default: Q
	HotSBioPlasmidDischarge/HotSLeviathan default: Q
	Reclamation/KaraxChampion default: Q
	TorrasqueChrysalis/HotSTorrasque default: Q
	TorrasqueChrysalis/HotSTorrasqueBurrowed default: Q copyof: TorrasqueChrysalis/HotSTorrasque default: Q

[INFO]: Lite: R   
	AWrp default: C
	ArbiterMPRecall/ArbiterMP default: R copyof: MothershipCoreMassRecall/MothershipCore default: R
	ArchonAdvancedMergeSelection default: C copyof: AWrp default: C
	AscendantSacrifice/HighTemplarTaldarim default: R
	AssaultMode default: D
	Assimilator/Harvester default:  copyof: Assimilator/Probe default: A
	Assimilator/Probe default: A
	AutomatedExtractor/Drone default: E copyof: Extractor/Drone default: E
	AutomatedRefinery/SCV default: R copyof: Refinery/SCV default: R
	BonesHeal/Stetmann default: E copyof: Heal/Medivac default: E
	BrokenSolarForge/SolarForge default: R
	BurrowDown default: R
	BurrowHydraliskImpalerDown default:  copyof: BurrowDown default: R
	BurrowHydraliskLurkerDown default:  copyof: BurrowDown default: R
	BurrowLurkerMP default: R
	CloakOff default: D
	CycloneResearchLockOnDamageUpgrade/FactoryTechLab default: R
	DarkArchonMindControl/DarkArchon default: R
	DarkPylonRecall/DarkPylon default: R copyof: MothershipCoreMassRecall/MothershipCore default: R
	DefensiveMatrix/Battlecruiser default: D
	DefensiveMatrix/DukesRevenge default: D copyof: DefensiveMatrix/Battlecruiser default: D
	EnergizerReclamation/SentryPurifier default: R
	EvolveBanelingRupture/BanelingNest default: R
	EvolveMuscularAugments/HydraliskDen default: A
	EvolveMuscularAugments/ImpalerDen default: A
	EvolveMuscularAugments/LurkerDen default: A
	EvolveMutaliskRapidRegeneration/GreaterSpire default: R
	EvolveMutaliskRapidRegeneration/Spire default: R
	EvolveScourgeSplashDamage/ScourgeNest default: D
	EvolveTunnelingClaws/RoachWarren default: T
	EvolveZerglingArmorShred/SpawningPool default: R
	ExplosiveMode default: D
	Extractor/Drone default: E
	Heal/Medivac default: E
	Heal/Medivac2 default:  copyof: Heal/Medivac default: E
	HireSpartanCompany/Factory default: C
	HireSpartanCompany/MercCompound default: C
	HotSPressurizedGlands/InfestationPit default: P
	HunterSeekerMissile/Raven default: R
	HyperionAdvancedPDD/HyperionVoidCoop default: R
	Immortal/RoboticsFacility default: I
	Immortal/RoboticsFacilityWarp default: I copyof: Immortal/RoboticsFacility default: I
	ImmortalHallucination/Nexus default:  copyof: ImmortalHallucination/Sentry default: I
	ImmortalHallucination/Sentry default: I
	ImpalerBurrowDown default: R copyof: BurrowDown default: R
	IncineratorNozzles/DevilDog default:  copyof: IncineratorNozzles/Firebat default: R
	IncineratorNozzles/Firebat default: R
	InstantHunterSeekerMissile/Raven default: R
	KerriganEpilogue03CreepTeleport/KerriganEpilogue03 default: T
	KerriganVoidKineticBlast/KerriganVoidUlnar02 default: Q
	LiberatorAAMode/Liberator default: D
	LurkerBurrowDown default:  copyof: BurrowDown default: R
	MassRecall/Artanis default: R copyof: MothershipCoreMassRecall/MothershipCore default: R
	MassRecall/Mothership default: R copyof: MothershipCoreMassRecall/MothershipCore default: R
	MedicHeal/Medic default: E copyof: Heal/Medivac default: E
	MercMedicHeal/MercMedic default: E copyof: Heal/Medivac default: E
	MorphToCorpser/Larva default: R copyof: Roach/Larva default: R
	MorphToHellionTank/Hellion default: D
	MorphToVile/Larva default: R copyof: Roach/Larva default: R
	MorphtoObserverSiege/Observer default: E
	MorphtoOverseerSiege/Overseer default: E
	MorphtoRoach/Larva default:  copyof: Roach/Larva default: R
	MothershipCoreMassRecall/MothershipCore default: R
	MothershipMassRecall/Mothership default: R copyof: MothershipCoreMassRecall/MothershipCore default: R
	NanoRepair/ScienceVessel default: N copyof: Heal/Medivac default: E
	Oracle/Stargate default: E
	Oracle/StargateWarp default: E
	OracleRevelation/Oracle default: R
	ParasiticBomb/Viper default: R
	QueenClassicParasite/QueenClassic default: R
	Reactor/Barracks default: C
	Reactor/BarracksFlying default: C copyof: Reactor/Barracks default: C
	Reactor/Factory default: C copyof: Reactor/Barracks default: C
	Reactor/FactoryFlying default: C copyof: Reactor/Barracks default: C
	Reactor/Starport default: C copyof: Reactor/Barracks default: C
	Reactor/StarportFlying default: C copyof: Reactor/Barracks default: C
	ReaperSpeed/BarracksTechLab default: N
	ReaperSpeed/BarracksTechReactor default: N copyof: ReaperSpeed/BarracksTechLab default: N
	Refinery/SCV default: R
	ReleaseInterceptors/Carrier default: R
	ReleaseMinion/Nova default: E
	Repair default: R
	ResearchBarrier/RoboticsBay default: R
	ResearchBurrow default: B
	ResearchG4Charge/BarracksTechLab default: G copyof: ReaperSpeed/BarracksTechLab default: N
	ResearchG4Charge/BarracksTechReactor default: G copyof: ReaperSpeed/BarracksTechLab default: N
	ResearchGraviticDrive/RoboticsBay default: G
	ResearchHighCapacityFuelTanks/StarportTechLab default: R
	ResearchKaraxTurretRange/Forge default: R
	ResearchLockOnRangeUpgrade/FactoryTechLab default: R
	ResearchLockOnRangeUpgrade/FactoryTechReactor default: R
	ResearchNeosteelFrame/EngineeringBay default: N
	ResearchReaper/ScienceFacility default: R
	ResearchRegenerativeBioSteel/FactoryTechLab default: R
	ResearchRegenerativeBioSteel/FactoryTechReactor default: C copyof: ResearchRegenerativeBioSteel/FactoryTechLab default: R
	ResearchRipwaveMissiles/StarportTechLab default: R
	ResearchRipwaveMissiles/StarportTechReactor default: R
	ResearchSOARepairBeamExtraTarget/SolarForge default: R
	ResearchSeekerMissile/StarportTechLab default: R
	ResearchSeekerMissile/StarportTechReactor default: R copyof: ResearchSeekerMissile/StarportTechLab default: R
	ResearchShadowDash/DarkShrine default: D
	ResearchStalkerTeleport/TwilightCouncil default: B
	ResearchVehicleWeaponRange/Armory default: R
	Roach/Larva default: R
	SJHyperionLightningStorm/SJHyperion default: R
	SOAMothershipLineAttack/SOAMothershipv4 default: R
	Salvage/Bunker default: V
	Salvage/KelMorianGrenadeTurret default: V copyof: Salvage/Bunker default: V
	Salvage/KelMorianMissileTurret default: V copyof: Salvage/Bunker default: V
	Salvage/MissileTurret default: V copyof: Salvage/Bunker default: V
	Salvage/PerditionTurret default: V copyof: Salvage/Bunker default: V
	Scan/OrbitalCommand default: C
	SelfRepair/Thor default: R
	SelfRepair/ThorWreckageSwann default: R
	ShieldBatteryRecharge/ShieldBattery default: R
	SpiderMineReplenish/Vulture default: R
	SpineCrawlerRoot/SpineCrawlerUprooted default: R
	Spire/Drone default: S
	SporeCrawlerRoot/SporeCrawlerUprooted default: R
	Stalker default: S
	Stargate/Harvester default:  copyof: Stargate/Probe default: S
	Stargate/Probe default: S
	Starport/SCV default: S
	SwarmHostBurrowDown default: R
	SwarmHostRoot default: R copyof: SwarmHostBurrowDown default: R
	SwarmHostRoot/SwarmHost default:  copyof: SwarmHostBurrowDown default: R
	SwarmHostRoot/SwarmHostSplitA default:  copyof: SwarmHostBurrowDown default: R
	SwarmHostRoot/SwarmHostSplitB default:  copyof: SwarmHostBurrowDown default: R
	SwarmHostRootBurrow default: R
	TheMorosDevice/Raynor default: R
	TransportMode/WarpPrism default: T
	Unsiege default: D
	UpgradeToPlanetaryFortress/CommandCenter default: P
	VespeneDrone/CommandCenter default: R
	VespeneDrone/PlanetaryFortress default: R
	WidowMineUnburrow/WidowMine default: D
	WraithCloakOff/Wraith default: D copyof: CloakOff default: D
	zergmissileweapons1/EvolutionChamber default: A

[INFO]: Lite: Space   
	AdeptPhaseShift/Adept default: F
	ArmorpiercingMode default: E
	Blink/ShadowOfTheVoidStalker default: B copyof: Blink/Stalker default: B
	Blink/Stalker default: B
	BurrowChargeCampaign/HotSTorrasque default: C copyof: Blink/Stalker default: B
	BurrowChargeCampaign/Ultralisk default: C copyof: Blink/Stalker default: B
	BurrowChargeCampaignNoxious/HotSNoxious default: C copyof: Blink/Stalker default: B
	BurrowChargeMP/Ultralisk default:  copyof: Blink/Stalker default: B
	BurrowHydraliskImpalerUp default:  copyof: BurrowUp default: R
	BurrowHydraliskLurkerUp default:  copyof: BurrowUp default: R
	BurrowUp default: R
	ChannelSnipe/Ghost default: R
	Charge/Khraxus default:  copyof: Charge/Zealot default: C
	Charge/Orthos default:  copyof: Charge/Zealot default: C
	Charge/ShadowOfTheVoidZealot default: C copyof: Charge/Zealot default: C
	Charge/Voranor default:  copyof: Charge/Zealot default: C
	Charge/Zealot default: C
	Charge/ZealotAiur default: C copyof: Charge/Zealot default: C
	Charge/ZealotDark default:  copyof: Charge/Zealot default: C
	Charge/ZealotPurifier default: C copyof: Charge/Zealot default: C
	D8Charge/MercReaper default: G copyof: D8Charge/Reaper default: G
	D8Charge/Reaper default: G
	DarkTemplarShadowDash/DarkTemplarShakuras default: B copyof: Blink/Stalker default: B
	DevastatingShot/InfestedStukov default: Q
	Drag/Dehaka default: Q
	Drag/DehakaMirrorImage default: Q copyof: Drag/Dehaka default: Q
	Drone/Larva default: D
	EnableBuildingAttack/Baneling default: F
	EnableBuildingAttack/HotSHunter default: F copyof: EnableBuildingAttack/Baneling default: F
	EnableBuildingAttack/HotSSplitterlingBig default: F copyof: EnableBuildingAttack/Baneling default: F
	EnableBuildingAttack/baneling default:  copyof: EnableBuildingAttack/Baneling default: F
	EnableBuildingAttack/baneling2 default:  copyof: EnableBuildingAttack/Baneling default: F
	EnableBuildingAttackSplitterling/HotSSplitterlingBig default: F copyof: EnableBuildingAttack/Baneling default: F
	EvolveAnabolicSynthesis2/UltraliskCavern default: A
	EvolveInfestorEnergyUpgrade/InfestationPit default: G
	FenixSOACharge/FenixChampion default: Q copyof: Charge/Zealot default: C
	FenixSOACharge/FenixSOA default: Q copyof: Charge/Zealot default: C
	FighterMode default: E
	FungalGrowth/Infestor default: F
	FungalGrowth/Infestor2 default:  copyof: FungalGrowth/Infestor default: F
	Ghost/Barracks default: G
	GhostAcademy/SCV default: G
	GuardianShield/Sentry default: G
	GuardianShield/Sentry2 default:  copyof: GuardianShield/Sentry default: G
	GuardianShield/SentryAiur default: G copyof: GuardianShield/Sentry default: G
	HighTemplar default: T
	HighTemplarHallucination/Nexus default:  copyof: HighTemplarHallucination/Sentry default: T
	HighTemplarHallucination/Sentry default: T
	HighTemplarHallucination/Voranor default:  copyof: HighTemplarHallucination/Sentry default: T
	HireSiegeBreakers/MercCompound default: K
	HydraliskFrenzy/Hydralisk default: T copyof: Blink/Stalker default: B
	HydraliskFrenzy/HydraliskImpaler default: T copyof: Blink/Stalker default: B
	HydraliskFrenzy/HydraliskLurker default: T copyof: Blink/Stalker default: B
	ImmortalBarrierBase/Immortal default:  copyof: ImmortalOverload/Immortal default: B
	ImmortalOverload/Immortal default: B
	ImpalerBurrowUp default: R copyof: BurrowUp default: R
	InfestationPit/Drone default: I
	Interceptor/Carrier default: I
	Interceptor/CarrierAiur default: I copyof: Interceptor/Carrier default: I
	Interceptor/Selendis default: I copyof: Interceptor/Carrier default: I
	Irradiate/ScienceVessel default: R
	KD8Charge/Reaper default: D
	KerriganEpilogue03QuantumRay/KerriganEpilogue03 default: Q
	Larva default: S
	LiberatorAGMode/Liberator default: E
	LightningBomb/Tempest default: D
	LockOn/Cyclone default: C
	LurkerBurrowUp default: R copyof: BurrowUp default: R
	MedivacSpeedBoost/Medivac default: B
	MeliakBlinkBTN/Meliak default:  copyof: Blink/Stalker default: B
	MindBlast/Tosh default: B
	MindControl/HiveMindEmulator default: C
	MorphMorphalisk/BroodMother default:  copyof: MorphMorphalisk/Queen default: V
	MorphMorphalisk/Queen default: V
	MorphMorphalisk/Queen2 default:  copyof: MorphMorphalisk/Queen default: V
	MorphMorphalisk/QueenCoop default: V copyof: MorphMorphalisk/Queen default: V
	MorphToHellion/Hellion default: E
	MorphToMothership/MothershipCore default: U
	MorphToOverseer/Overlord default: V
	NovaSnipe/Nova default: R copyof: Snipe/Ghost default: R
	Obliterate/Spectre default: I
	Observer/RoboticsFacility default: B
	Observer/RoboticsFacilityWarp default: B copyof: Observer/RoboticsFacility default: B
	OracleWeaponOn default: C
	OracleWeaponOn/Oracle default: C copyof: OracleWeaponOn default: C
	PhasingMode/WarpPrism default: E
	PlantC4Charge/Raynor default: D
	Probe/Nexus default: E
	ProtossAirArmorLevel1/CyberneticsCore default: A
	ProtossBuild/Harvester default:  copyof: ProtossBuild/Probe default: B
	ProtossBuild/Probe default: B
	ProtossGroundArmorLevel1/Forge default: A
	PurificationNova/Disruptor default: V
	PurificationNovaTargeted/Disruptor default: V
	QueenMPSpawnBroodlings/QueenClassic default: B
	Raise/SupplyDepotLowered default: R
	RaynorSnipe/RaynorCommando default: T
	ReaverScarabs/Reaver default: C copyof: Interceptor/Carrier default: I
	ResearchBattlecruiserEnergyUpgrade/FusionCore default: B
	ResearchGhostEnergyUpgrade/GhostAcademy default: M
	ResearchGraviticBooster/RoboticsBay default: B
	ResearchInterceptorLaunchSpeedUpgrade/FleetBeacon default: G
	ResearchPsiStorm/TemplarArchive default: T
	ResearchRavenEnergyUpgrade/StarportTechLab default: T
	ResearchRavenEnergyUpgrade/StarportTechReactor default: T copyof: ResearchRavenEnergyUpgrade/StarportTechLab default: T
	ResearchShadowFury/DarkShrine default: S
	ResearchShapedBlast/FactoryTechLab default: B copyof: SiegeTank/Factory default: S
	ResearchShapedBlast/FactoryTechReactor default: B copyof: ResearchSiegeTech/FactoryTechLab default: S
	ResearchSiegeTank/ScienceFacility default: T copyof: SiegeTank/Factory default: S
	ResearchSiegeTech/FactoryTechLab default: S
	ResearchSiegeTech/FactoryTechReactor default: S copyof: ResearchSiegeTech/FactoryTechLab default: S
	SCV default: S
	SOAMothershipBlink/SOAMothershipv4 default: B copyof: Blink/Stalker default: B
	ShadowGuardBlink/VorazunShadowGuard default: B copyof: Blink/Stalker default: B
	SiegeMode default: E
	SiegeTank/Factory default: S
	Snipe/Ghost default: R
	SpineCrawlerUproot/SpineCrawler default: R
	SporeCrawlerUproot/SporeCrawler default: R
	StalkerBlinkShieldRestoreBase/StalkerShakuras default: B copyof: Blink/Stalker default: B
	Stim default: T
	StimFirebat/DevilDog default: T copyof: Stim default: T
	StimFirebat/Firebat default: T copyof: Stim default: T
	Stimpack/BarracksTechLab default: T
	Stimpack/BarracksTechReactor default: T copyof: Stimpack/BarracksTechLab default: T
	SwarmHostBurrowUp default: R
	SwarmHostUproot default: R copyof: SwarmHostBurrowUp default: R
	SwarmHostUproot/SwarmHostRooted default:  copyof: SwarmHostBurrowUp default: R
	SwarmHostUproot/SwarmHostSplitARooted default:  copyof: SwarmHostBurrowUp default: R
	SwarmHostUproot/SwarmHostSplitBRooted default:  copyof: SwarmHostBurrowUp default: R
	SwarmHostUprootUnburrow default: R
	SwarmHostUprootUnburrow/SwarmHostBurrowed default:  copyof: SwarmHostBurrowUp default: R
	SwarmHostUprootUnburrow/SwarmHostSplitABurrowed default:  copyof: SwarmHostBurrowUp default: R
	SwarmHostUprootUnburrow/SwarmHostSplitBBurrowed default:  copyof: SwarmHostBurrowUp default: R
	Tempest/Stargate default: T
	TemplarArchive/Harvester default:  copyof: TemplarArchive/Probe default: T
	TemplarArchive/Probe default: T
	TerranBuild/SCV default: B
	TerranInfantryArmorLevel1/EngineeringBay default: A
	TerranInfantryArmorVanadiumPlatingLevel1/EngineeringBay default: A copyof: TerranInfantryArmorLevel1/EngineeringBay default: A
	TerranInfantryArmorVanadiumPlatingLevel2/EngineeringBay default: A copyof: TerranInfantryArmorLevel1/EngineeringBay default: A
	TerranInfantryArmorVanadiumPlatingLevel3/EngineeringBay default: A copyof: TerranInfantryArmorLevel1/EngineeringBay default: A
	TerranShipPlatingLevel1/Armory default: P
	TerranShipPlatingVanadiumPlatingLevel1/Armory default: P copyof: TerranShipPlatingLevel1/Armory default: P
	TerranShipPlatingVanadiumPlatingLevel2/Armory default: P copyof: TerranShipPlatingLevel1/Armory default: P
	TerranShipPlatingVanadiumPlatingLevel3/Armory default: P copyof: TerranShipPlatingLevel1/Armory default: P
	TerranVehicleAndShipPlatingLevel1/Armory default: V
	TossGrenadeTychus/TychusCommando default: T
	VikingFighter/Starport default: V
	ViperConsume/Viper default: C
	ViperConsumption/Viper default: C copyof: ViperConsume/Viper default: C
	VoidZealotShadowCharge/ZealotShakuras default: C copyof: Charge/Zealot default: C
	VoidZealotShadowChargeStun/ZealotShakuras default: Z copyof: Charge/Zealot default: C
	VoodooShield/Immortal default:  copyof: GuardianShield/Sentry default: G
	VorazunBlink/VorazunChampion default: Q copyof: Blink/Stalker default: B
	WidowMineBurrow/WidowMine default: E
	ZeratulBlink/PrologueZeratul default: B copyof: Blink/Stalker default: B
	ZeratulBlink/Zeratul default: B copyof: Blink/Stalker default: B
	ZeratulBlink/ZeratulVoid default: B copyof: Blink/Stalker default: B
	ZeratulBlink/ZeratulVoidAiur01 default: B copyof: Blink/Stalker default: B
	ZergBuild/Drone default: B
	hydraliskspeed/HydraliskDen default: G
	hydraliskspeed/LurkerDen default:  copyof: hydraliskspeed/LurkerDenMP default: G
	hydraliskspeed/LurkerDenMP default: G
	zergflyerarmor1 default: C
	zerggroundarmor1/EvolutionChamber default: C

[INFO]: Lite: T   
	HiveMindEmulator/SCV default: I
	MorphToMutaliskBroodlord/Larva default: T copyof: Mutalisk/Larva default: T
	MorphToMutaliskViper/Larva default: T copyof: Mutalisk/Larva default: T
	MovePatrol default: P
	Mutalisk/Larva default: T
	PsiDisruptor/SCV default: I copyof: HiveMindEmulator/SCV default: I
	ReaperSpeed/MercCompound default: N
	SelectBuilder default: Q
	ZealotHallucination/Nexus default:  copyof: ZealotHallucination/Sentry default: Z
	ZealotHallucination/Sentry default: Z
	ZealotHallucination/Voranor default:  copyof: ZealotHallucination/Sentry default: Z

[INFO]: Lite: V   
	BanelingNest/Drone default: B
	BuildKelMorianRocketTurret/SCV default: G
	BuildScienceVessel/Starport default: R copyof: Raven/Starport default: R
	DarkArchon/Gateway default: A
	DarkArchon/WarpGate default: A
	EvolveVentralSacks default: E
	EvolveViciousGlaive/GreaterSpire default: V
	EvolveViciousGlaive/Spire default: V
	HireDuskWing/MercCompound default: I
	Hydralisk/Larva default: H
	KhaydarinMonolith/Probe default: D
	MorphToHydraliskImpaler/Larva default: H copyof: Hydralisk/Larva default: H
	MorphToHydraliskLurker/Larva default: H copyof: Hydralisk/Larva default: H
	Raven/Starport default: R
	Reaper/Barracks default: R
	ResearchDurableMaterials/StarportTechLab default: D
	ResearchDurableMaterials/StarportTechReactor default: D copyof: ResearchDurableMaterials/StarportTechLab default: D
	ResearchFireSuppression/ScienceFacility default: Y
	ResearchFireSuppressionSystems/EngineeringBay default: F
	ResearchHighCapacityBarrels/FactoryTechLab default: I
	ResearchHighCapacityBarrels/FactoryTechReactor default: I copyof: ResearchHighCapacityBarrels/FactoryTechLab default: I
	ResearchLurkerRange/HydraliskDen default: E
	ResearchVoidStasis/DarkShrine default: V
	RetributionField/Meliak default: V
	SensorTower/SCV default: N
	Stop default: S
	StopPlanetaryFortress/PlanetaryFortress default: P
	TerranVehiclePlatingLevel1/Armory default: V
	TerranVehiclePlatingVanadiumPlatingLevel1/Armory default: V copyof: TerranVehiclePlatingLevel1/Armory default: V
	TerranVehiclePlatingVanadiumPlatingLevel2/Armory default: V copyof: TerranVehiclePlatingLevel1/Armory default: V
	TerranVehiclePlatingVanadiumPlatingLevel3/Armory default: V copyof: TerranVehiclePlatingLevel1/Armory default: V
	Thor/Factory default: T
	VoidRay/Stargate default: V
	VoidRay/StargateWarp default: V copyof: VoidRay/Stargate default: V
	VoidRayHallucination/Nexus default:  copyof: VoidRayHallucination/Sentry default: V
	VoidRayHallucination/Sentry default: V
	VoidRayHallucination/Voranor default:  copyof: VoidRayHallucination/Sentry default: V

[INFO]: Lite: W   
	HotSBioStasis/HotSLeviathan default: W
	ResearchMultiLockTargetingSystem/FactoryTechLab default: W
	ResearchMultiLockTargetingSystem/FactoryTechReactor default: W copyof: ResearchMultiLockTargetingSystem/FactoryTechLab default: W

[INFO]: Lite: X   
	DetonateScourge/Scourge default: X
	XaphanForce/Voranor default: X

[INFO]: Lite: Y   
	Rally default: Y
	SetBunkerRallyPoint/Bunker default: Y

[INFO]: Lite:    
	CameraPush default: MiddleMouseButton
	ControlGroupAppend0 default: Shift+0
	ControlGroupAppend1 default: Shift+1
	ControlGroupAppend2 default: Shift+2
	ControlGroupAppend3 default: Shift+3
	ControlGroupAppend4 default: Shift+4
	ControlGroupAppend5 default: Shift+5
	ControlGroupAppend6 default: Shift+6
	ControlGroupAppend7 default: Shift+7
	ControlGroupAppend8 default: Shift+8
	ControlGroupAppend9 default: Shift+9
	ControlGroupAssign0 default: Control+0
	ControlGroupAssign1 default: Control+1
	ControlGroupAssign2 default: Control+2
	ControlGroupAssign3 default: Control+3
	ControlGroupAssign4 default: Control+4
	ControlGroupAssign5 default: Control+5
	ControlGroupAssign6 default: Control+6
	ControlGroupAssign7 default: Control+7
	ControlGroupAssign8 default: Control+8
	ControlGroupAssign9 default: Control+9
	Sound default: Control+S

[INFO]: Lite: 1   
	ControlGroupRecall9 default: 9
	ObservePlayer0 default: 1

[INFO]: Lite: 2   
	ControlGroupRecall1 default: 1
	ObservePlayer1 default: 2

[INFO]: Lite: 3   
	ControlGroupRecall2 default: 2
	ObservePlayer2 default: 3

[INFO]: Lite: A   
	ControlGroupRecall5 default: 5
	LeaderArmy default: A

[INFO]: Lite: Control+1   
	ControlGroupAppendAndSteal9 default: Shift+Alt+9
	ObservePlayer8 default: Control+1

[INFO]: Lite: Control+2   
	ControlGroupAppendAndSteal1 default: Shift+Alt+1
	ObservePlayer9 default: Control+2

[INFO]: Lite: Control+3   
	ControlGroupAppendAndSteal2 default: Shift+Alt+2
	ObservePlayer10 default: Control+3

[INFO]: Lite: Control+A   
	ControlGroupAppendAndSteal5 default: Shift+Alt+5
	StatPanelArmySupply default: Control+A

[INFO]: Lite: Control+W   
	ControlGroupAppendAndSteal4 default: Shift+Alt+4
	ToggleWorldPanel default: Control+W

[INFO]: Lite: Escape   
	ChatCancel default: Escape
	CinematicSkip default: Escape
	DialogDismiss default: Escape
	ObserveClearSelection default: Escape
	SelectionCancelDrag default: Escape

[INFO]: Lite: S   
	ControlGroupRecall6 default: 6
	LeaderSpending default: S

[INFO]: Lite: Tab   
	ChatRecipient default: Tab
	SubgroupNext default: Tab

[INFO]: Lite: W   
	ControlGroupRecall4 default: 4
	ObserveSelected default: W

----------------------------
Finished (suggest inherit) - INFOs: 48 
============================